{"C:\\Users\\J\\Desktop\\arch\\src\\components\\home\\DailyMission.tsx": {"path":"C:\\Users\\J\\Desktop\\arch\\src\\components\\home\\DailyMission.tsx","statementMap":{"0":{"start":{"line":19,"column":17},"end":{"line":19,"column":28}},"1":{"start":{"line":20,"column":2},"end":{"line":156,"column":4}}},"fnMap":{"0":{"name":"DailyMission","decl":{"start":{"line":13,"column":16},"end":{"line":13,"column":28}},"loc":{"start":{"line":18,"column":22},"end":{"line":157,"column":1}},"line":18}},"branchMap":{"0":{"loc":{"start":{"line":15,"column":2},"end":{"line":15,"column":38}},"type":"default-arg","locations":[{"start":{"line":15,"column":13},"end":{"line":15,"column":38}}],"line":15},"1":{"loc":{"start":{"line":16,"column":2},"end":{"line":16,"column":20}},"type":"default-arg","locations":[{"start":{"line":16,"column":15},"end":{"line":16,"column":20}}],"line":16},"2":{"loc":{"start":{"line":23,"column":25},"end":{"line":23,"column":84}},"type":"cond-expr","locations":[{"start":{"line":23,"column":38},"end":{"line":23,"column":64}},{"start":{"line":23,"column":67},"end":{"line":23,"column":84}}],"line":23},"3":{"loc":{"start":{"line":25,"column":21},"end":{"line":25,"column":71}},"type":"cond-expr","locations":[{"start":{"line":25,"column":34},"end":{"line":25,"column":48}},{"start":{"line":25,"column":51},"end":{"line":25,"column":71}}],"line":25},"4":{"loc":{"start":{"line":41,"column":28},"end":{"line":41,"column":95}},"type":"cond-expr","locations":[{"start":{"line":41,"column":41},"end":{"line":41,"column":66}},{"start":{"line":41,"column":69},"end":{"line":41,"column":95}}],"line":41},"5":{"loc":{"start":{"line":57,"column":13},"end":{"line":57,"column":64}},"type":"cond-expr","locations":[{"start":{"line":57,"column":26},"end":{"line":57,"column":44}},{"start":{"line":57,"column":47},"end":{"line":57,"column":64}}],"line":57},"6":{"loc":{"start":{"line":79,"column":21},"end":{"line":79,"column":72}},"type":"cond-expr","locations":[{"start":{"line":79,"column":34},"end":{"line":79,"column":48}},{"start":{"line":79,"column":51},"end":{"line":79,"column":72}}],"line":79},"7":{"loc":{"start":{"line":91,"column":7},"end":{"line":95,"column":7}},"type":"binary-expr","locations":[{"start":{"line":91,"column":7},"end":{"line":91,"column":18}},{"start":{"line":91,"column":22},"end":{"line":91,"column":29}},{"start":{"line":92,"column":8},"end":{"line":94,"column":15}}],"line":91},"8":{"loc":{"start":{"line":97,"column":7},"end":{"line":104,"column":7}},"type":"binary-expr","locations":[{"start":{"line":97,"column":7},"end":{"line":97,"column":17}},{"start":{"line":98,"column":8},"end":{"line":103,"column":15}}],"line":97},"9":{"loc":{"start":{"line":116,"column":23},"end":{"line":116,"column":74}},"type":"cond-expr","locations":[{"start":{"line":116,"column":36},"end":{"line":116,"column":50}},{"start":{"line":116,"column":53},"end":{"line":116,"column":74}}],"line":116},"10":{"loc":{"start":{"line":128,"column":23},"end":{"line":128,"column":74}},"type":"cond-expr","locations":[{"start":{"line":128,"column":36},"end":{"line":128,"column":50}},{"start":{"line":128,"column":53},"end":{"line":128,"column":74}}],"line":128},"11":{"loc":{"start":{"line":140,"column":23},"end":{"line":140,"column":74}},"type":"cond-expr","locations":[{"start":{"line":140,"column":36},"end":{"line":140,"column":50}},{"start":{"line":140,"column":53},"end":{"line":140,"column":74}}],"line":140},"12":{"loc":{"start":{"line":152,"column":23},"end":{"line":152,"column":74}},"type":"cond-expr","locations":[{"start":{"line":152,"column":36},"end":{"line":152,"column":50}},{"start":{"line":152,"column":53},"end":{"line":152,"column":74}}],"line":152}},"s":{"0":0,"1":0},"f":{"0":0},"b":{"0":[0],"1":[0],"2":[0,0],"3":[0,0],"4":[0,0],"5":[0,0],"6":[0,0],"7":[0,0,0],"8":[0,0],"9":[0,0],"10":[0,0],"11":[0,0],"12":[0,0]}}
,"C:\\Users\\J\\Desktop\\arch\\src\\components\\home\\RecoveryStatus.tsx": {"path":"C:\\Users\\J\\Desktop\\arch\\src\\components\\home\\RecoveryStatus.tsx","statementMap":{"0":{"start":{"line":10,"column":17},"end":{"line":10,"column":28}},"1":{"start":{"line":12,"column":23},"end":{"line":31,"column":3}},"2":{"start":{"line":33,"column":17},"end":{"line":33,"column":37}},"3":{"start":{"line":35,"column":2},"end":{"line":87,"column":4}}},"fnMap":{"0":{"name":"RecoveryStatus","decl":{"start":{"line":9,"column":16},"end":{"line":9,"column":30}},"loc":{"start":{"line":9,"column":86},"end":{"line":88,"column":1}},"line":9}},"branchMap":{"0":{"loc":{"start":{"line":69,"column":11},"end":{"line":73,"column":11}},"type":"binary-expr","locations":[{"start":{"line":69,"column":11},"end":{"line":69,"column":45}},{"start":{"line":70,"column":12},"end":{"line":72,"column":19}}],"line":69}},"s":{"0":0,"1":0,"2":0,"3":0},"f":{"0":0},"b":{"0":[0,0]}}
,"C:\\Users\\J\\Desktop\\arch\\src\\components\\home\\StreakDisplay.tsx": {"path":"C:\\Users\\J\\Desktop\\arch\\src\\components\\home\\StreakDisplay.tsx","statementMap":{"0":{"start":{"line":10,"column":17},"end":{"line":10,"column":28}},"1":{"start":{"line":12,"column":20},"end":{"line":12,"column":45}},"2":{"start":{"line":13,"column":19},"end":{"line":13,"column":44}},"3":{"start":{"line":15,"column":2},"end":{"line":92,"column":4}}},"fnMap":{"0":{"name":"StreakDisplay","decl":{"start":{"line":9,"column":16},"end":{"line":9,"column":29}},"loc":{"start":{"line":9,"column":62},"end":{"line":93,"column":1}},"line":9}},"branchMap":{"0":{"loc":{"start":{"line":23,"column":21},"end":{"line":23,"column":76}},"type":"cond-expr","locations":[{"start":{"line":23,"column":32},"end":{"line":23,"column":53}},{"start":{"line":23,"column":56},"end":{"line":23,"column":76}}],"line":23},"1":{"loc":{"start":{"line":33,"column":29},"end":{"line":33,"column":87}},"type":"cond-expr","locations":[{"start":{"line":33,"column":41},"end":{"line":33,"column":67}},{"start":{"line":33,"column":70},"end":{"line":33,"column":87}}],"line":33},"2":{"loc":{"start":{"line":37,"column":25},"end":{"line":37,"column":80}},"type":"cond-expr","locations":[{"start":{"line":37,"column":36},"end":{"line":37,"column":57}},{"start":{"line":37,"column":60},"end":{"line":37,"column":80}}],"line":37},"3":{"loc":{"start":{"line":41,"column":35},"end":{"line":41,"column":53}},"type":"cond-expr","locations":[{"start":{"line":41,"column":46},"end":{"line":41,"column":48}},{"start":{"line":41,"column":51},"end":{"line":41,"column":53}}],"line":41},"4":{"loc":{"start":{"line":42,"column":13},"end":{"line":42,"column":52}},"type":"cond-expr","locations":[{"start":{"line":42,"column":24},"end":{"line":42,"column":28}},{"start":{"line":42,"column":31},"end":{"line":42,"column":52}}],"line":42},"5":{"loc":{"start":{"line":42,"column":31},"end":{"line":42,"column":52}},"type":"cond-expr","locations":[{"start":{"line":42,"column":43},"end":{"line":42,"column":46}},{"start":{"line":42,"column":49},"end":{"line":42,"column":52}}],"line":42},"6":{"loc":{"start":{"line":50,"column":21},"end":{"line":50,"column":75}},"type":"cond-expr","locations":[{"start":{"line":50,"column":32},"end":{"line":50,"column":53}},{"start":{"line":50,"column":56},"end":{"line":50,"column":75}}],"line":50},"7":{"loc":{"start":{"line":83,"column":19},"end":{"line":83,"column":75}},"type":"cond-expr","locations":[{"start":{"line":83,"column":30},"end":{"line":83,"column":51}},{"start":{"line":83,"column":54},"end":{"line":83,"column":75}}],"line":83},"8":{"loc":{"start":{"line":88,"column":11},"end":{"line":88,"column":69}},"type":"cond-expr","locations":[{"start":{"line":88,"column":34},"end":{"line":88,"column":51}},{"start":{"line":88,"column":54},"end":{"line":88,"column":69}}],"line":88}},"s":{"0":0,"1":0,"2":0,"3":0},"f":{"0":0},"b":{"0":[0,0],"1":[0,0],"2":[0,0],"3":[0,0],"4":[0,0],"5":[0,0],"6":[0,0],"7":[0,0],"8":[0,0]}}
,"C:\\Users\\J\\Desktop\\arch\\src\\components\\skill-tree\\SkillDetailSheet.tsx": {"path":"C:\\Users\\J\\Desktop\\arch\\src\\components\\skill-tree\\SkillDetailSheet.tsx","statementMap":{"0":{"start":{"line":12,"column":17},"end":{"line":12,"column":28}},"1":{"start":{"line":14,"column":23},"end":{"line":14,"column":27}},"2":{"start":{"line":15,"column":25},"end":{"line":15,"column":66}},"3":{"start":{"line":17,"column":2},"end":{"line":307,"column":4}},"4":{"start":{"line":184,"column":14},"end":{"line":184,"column":97}},"5":{"start":{"line":185,"column":12},"end":{"line":253,"column":14}},"6":{"start":{"line":274,"column":12},"end":{"line":299,"column":19}}},"fnMap":{"0":{"name":"SkillDetailSheet","decl":{"start":{"line":11,"column":16},"end":{"line":11,"column":32}},"loc":{"start":{"line":11,"column":75},"end":{"line":308,"column":1}},"line":11},"1":{"name":"(anonymous_1)","decl":{"start":{"line":182,"column":49},"end":{"line":182,"column":50}},"loc":{"start":{"line":182,"column":62},"end":{"line":254,"column":11}},"line":182},"2":{"name":"(anonymous_2)","decl":{"start":{"line":273,"column":36},"end":{"line":273,"column":37}},"loc":{"start":{"line":274,"column":12},"end":{"line":299,"column":19}},"line":274}},"branchMap":{"0":{"loc":{"start":{"line":129,"column":9},"end":{"line":160,"column":9}},"type":"binary-expr","locations":[{"start":{"line":129,"column":9},"end":{"line":129,"column":36}},{"start":{"line":130,"column":10},"end":{"line":159,"column":17}}],"line":129},"1":{"loc":{"start":{"line":164,"column":7},"end":{"line":256,"column":7}},"type":"binary-expr","locations":[{"start":{"line":164,"column":7},"end":{"line":164,"column":21}},{"start":{"line":165,"column":8},"end":{"line":255,"column":15}}],"line":164},"2":{"loc":{"start":{"line":184,"column":14},"end":{"line":184,"column":97}},"type":"cond-expr","locations":[{"start":{"line":184,"column":37},"end":{"line":184,"column":46}},{"start":{"line":184,"column":49},"end":{"line":184,"column":97}}],"line":184},"3":{"loc":{"start":{"line":184,"column":49},"end":{"line":184,"column":97}},"type":"cond-expr","locations":[{"start":{"line":184,"column":76},"end":{"line":184,"column":85}},{"start":{"line":184,"column":88},"end":{"line":184,"column":97}}],"line":184},"4":{"loc":{"start":{"line":296,"column":15},"end":{"line":298,"column":15}},"type":"binary-expr","locations":[{"start":{"line":296,"column":15},"end":{"line":296,"column":52}},{"start":{"line":297,"column":16},"end":{"line":297,"column":99}}],"line":296}},"s":{"0":0,"1":0,"2":0,"3":0,"4":0,"5":0,"6":0},"f":{"0":0,"1":0,"2":0},"b":{"0":[0,0],"1":[0,0],"2":[0,0],"3":[0,0],"4":[0,0]}}
,"C:\\Users\\J\\Desktop\\arch\\src\\components\\skill-tree\\SkillNode.tsx": {"path":"C:\\Users\\J\\Desktop\\arch\\src\\components\\skill-tree\\SkillNode.tsx","statementMap":{"0":{"start":{"line":13,"column":58},"end":{"line":17,"column":1}},"1":{"start":{"line":19,"column":58},"end":{"line":23,"column":1}},"2":{"start":{"line":26,"column":17},"end":{"line":26,"column":28}},"3":{"start":{"line":28,"column":22},"end":{"line":32,"column":28}},"4":{"start":{"line":34,"column":20},"end":{"line":34,"column":54}},"5":{"start":{"line":36,"column":2},"end":{"line":190,"column":4}},"6":{"start":{"line":153,"column":12},"end":{"line":174,"column":19}}},"fnMap":{"0":{"name":"SkillNode","decl":{"start":{"line":25,"column":16},"end":{"line":25,"column":25}},"loc":{"start":{"line":25,"column":98},"end":{"line":191,"column":1}},"line":25},"1":{"name":"(anonymous_1)","decl":{"start":{"line":152,"column":55},"end":{"line":152,"column":56}},"loc":{"start":{"line":153,"column":12},"end":{"line":174,"column":19}},"line":153}},"branchMap":{"0":{"loc":{"start":{"line":28,"column":22},"end":{"line":32,"column":28}},"type":"cond-expr","locations":[{"start":{"line":29,"column":6},"end":{"line":29,"column":20}},{"start":{"line":30,"column":6},"end":{"line":32,"column":28}}],"line":28},"1":{"loc":{"start":{"line":30,"column":6},"end":{"line":32,"column":28}},"type":"cond-expr","locations":[{"start":{"line":31,"column":8},"end":{"line":31,"column":19}},{"start":{"line":32,"column":8},"end":{"line":32,"column":28}}],"line":30},"2":{"loc":{"start":{"line":43,"column":25},"end":{"line":47,"column":32}},"type":"cond-expr","locations":[{"start":{"line":44,"column":12},"end":{"line":44,"column":30}},{"start":{"line":45,"column":12},"end":{"line":47,"column":32}}],"line":43},"3":{"loc":{"start":{"line":45,"column":12},"end":{"line":47,"column":32}},"type":"cond-expr","locations":[{"start":{"line":46,"column":14},"end":{"line":46,"column":35}},{"start":{"line":47,"column":14},"end":{"line":47,"column":32}}],"line":45},"4":{"loc":{"start":{"line":49,"column":21},"end":{"line":53,"column":34}},"type":"cond-expr","locations":[{"start":{"line":50,"column":12},"end":{"line":50,"column":23}},{"start":{"line":51,"column":12},"end":{"line":53,"column":34}}],"line":49},"5":{"loc":{"start":{"line":51,"column":12},"end":{"line":53,"column":34}},"type":"cond-expr","locations":[{"start":{"line":52,"column":14},"end":{"line":52,"column":35}},{"start":{"line":53,"column":14},"end":{"line":53,"column":34}}],"line":51},"6":{"loc":{"start":{"line":59,"column":17},"end":{"line":59,"column":38}},"type":"cond-expr","locations":[{"start":{"line":59,"column":30},"end":{"line":59,"column":31}},{"start":{"line":59,"column":34},"end":{"line":59,"column":38}}],"line":59},"7":{"loc":{"start":{"line":68,"column":19},"end":{"line":68,"column":59}},"type":"cond-expr","locations":[{"start":{"line":68,"column":33},"end":{"line":68,"column":34}},{"start":{"line":68,"column":37},"end":{"line":68,"column":59}}],"line":68},"8":{"loc":{"start":{"line":68,"column":37},"end":{"line":68,"column":59}},"type":"cond-expr","locations":[{"start":{"line":68,"column":50},"end":{"line":68,"column":53}},{"start":{"line":68,"column":56},"end":{"line":68,"column":59}}],"line":68},"9":{"loc":{"start":{"line":80,"column":21},"end":{"line":80,"column":77}},"type":"cond-expr","locations":[{"start":{"line":80,"column":34},"end":{"line":80,"column":53}},{"start":{"line":80,"column":56},"end":{"line":80,"column":77}}],"line":80},"10":{"loc":{"start":{"line":89,"column":11},"end":{"line":89,"column":88}},"type":"binary-expr","locations":[{"start":{"line":89,"column":11},"end":{"line":89,"column":22}},{"start":{"line":89,"column":26},"end":{"line":89,"column":88}}],"line":89},"11":{"loc":{"start":{"line":90,"column":11},"end":{"line":92,"column":11}},"type":"binary-expr","locations":[{"start":{"line":90,"column":11},"end":{"line":90,"column":22}},{"start":{"line":90,"column":26},"end":{"line":90,"column":38}},{"start":{"line":91,"column":12},"end":{"line":91,"column":82}}],"line":90},"12":{"loc":{"start":{"line":134,"column":11},"end":{"line":145,"column":11}},"type":"binary-expr","locations":[{"start":{"line":134,"column":11},"end":{"line":134,"column":46}},{"start":{"line":135,"column":12},"end":{"line":144,"column":19}}],"line":134},"13":{"loc":{"start":{"line":165,"column":25},"end":{"line":165,"column":73}},"type":"cond-expr","locations":[{"start":{"line":165,"column":38},"end":{"line":165,"column":49}},{"start":{"line":165,"column":52},"end":{"line":165,"column":73}}],"line":165},"14":{"loc":{"start":{"line":167,"column":27},"end":{"line":167,"column":49}},"type":"cond-expr","locations":[{"start":{"line":167,"column":40},"end":{"line":167,"column":43}},{"start":{"line":167,"column":46},"end":{"line":167,"column":49}}],"line":167},"15":{"loc":{"start":{"line":182,"column":17},"end":{"line":182,"column":65}},"type":"cond-expr","locations":[{"start":{"line":182,"column":30},"end":{"line":182,"column":41}},{"start":{"line":182,"column":44},"end":{"line":182,"column":65}}],"line":182},"16":{"loc":{"start":{"line":184,"column":19},"end":{"line":184,"column":39}},"type":"cond-expr","locations":[{"start":{"line":184,"column":32},"end":{"line":184,"column":33}},{"start":{"line":184,"column":36},"end":{"line":184,"column":39}}],"line":184},"17":{"loc":{"start":{"line":187,"column":9},"end":{"line":187,"column":31}},"type":"cond-expr","locations":[{"start":{"line":187,"column":22},"end":{"line":187,"column":25}},{"start":{"line":187,"column":28},"end":{"line":187,"column":31}}],"line":187}},"s":{"0":0,"1":0,"2":0,"3":0,"4":0,"5":0,"6":0},"f":{"0":0,"1":0},"b":{"0":[0,0],"1":[0,0],"2":[0,0],"3":[0,0],"4":[0,0],"5":[0,0],"6":[0,0],"7":[0,0],"8":[0,0],"9":[0,0],"10":[0,0],"11":[0,0,0],"12":[0,0],"13":[0,0],"14":[0,0],"15":[0,0],"16":[0,0],"17":[0,0]}}
,"C:\\Users\\J\\Desktop\\arch\\src\\components\\skill-tree\\SkillTreeView.tsx": {"path":"C:\\Users\\J\\Desktop\\arch\\src\\components\\skill-tree\\SkillTreeView.tsx","statementMap":{"0":{"start":{"line":16,"column":63},"end":{"line":22,"column":1}},"1":{"start":{"line":29,"column":17},"end":{"line":29,"column":28}},"2":{"start":{"line":31,"column":2},"end":{"line":106,"column":4}},"3":{"start":{"line":112,"column":17},"end":{"line":112,"column":28}},"4":{"start":{"line":113,"column":2},"end":{"line":147,"column":4}},"5":{"start":{"line":153,"column":17},"end":{"line":153,"column":28}},"6":{"start":{"line":154,"column":42},"end":{"line":154,"column":71}},"7":{"start":{"line":155,"column":46},"end":{"line":155,"column":75}},"8":{"start":{"line":156,"column":25},"end":{"line":156,"column":70}},"9":{"start":{"line":156,"column":49},"end":{"line":156,"column":69}},"10":{"start":{"line":159,"column":29},"end":{"line":169,"column":22}},"11":{"start":{"line":160,"column":22},"end":{"line":160,"column":39}},"12":{"start":{"line":161,"column":4},"end":{"line":167,"column":5}},"13":{"start":{"line":162,"column":6},"end":{"line":166,"column":7}},"14":{"start":{"line":163,"column":8},"end":{"line":165,"column":9}},"15":{"start":{"line":164,"column":10},"end":{"line":164,"column":39}},"16":{"start":{"line":168,"column":4},"end":{"line":168,"column":21}},"17":{"start":{"line":173,"column":28},"end":{"line":205,"column":26}},"18":{"start":{"line":174,"column":21},"end":{"line":174,"column":38}},"19":{"start":{"line":177,"column":4},"end":{"line":184,"column":5}},"20":{"start":{"line":178,"column":27},"end":{"line":178,"column":90}},"21":{"start":{"line":178,"column":52},"end":{"line":178,"column":89}},"22":{"start":{"line":179,"column":6},"end":{"line":183,"column":7}},"23":{"start":{"line":180,"column":8},"end":{"line":182,"column":9}},"24":{"start":{"line":181,"column":10},"end":{"line":181,"column":41}},"25":{"start":{"line":187,"column":4},"end":{"line":195,"column":5}},"26":{"start":{"line":188,"column":6},"end":{"line":194,"column":7}},"27":{"start":{"line":189,"column":8},"end":{"line":193,"column":9}},"28":{"start":{"line":190,"column":10},"end":{"line":192,"column":11}},"29":{"start":{"line":191,"column":12},"end":{"line":191,"column":43}},"30":{"start":{"line":198,"column":4},"end":{"line":202,"column":5}},"31":{"start":{"line":199,"column":6},"end":{"line":201,"column":7}},"32":{"start":{"line":200,"column":8},"end":{"line":200,"column":50}},"33":{"start":{"line":204,"column":4},"end":{"line":204,"column":20}},"34":{"start":{"line":208,"column":27},"end":{"line":211,"column":20}},"35":{"start":{"line":209,"column":4},"end":{"line":209,"column":50}},"36":{"start":{"line":209,"column":32},"end":{"line":209,"column":50}},"37":{"start":{"line":210,"column":4},"end":{"line":210,"column":63}},"38":{"start":{"line":210,"column":36},"end":{"line":210,"column":61}},"39":{"start":{"line":213,"column":26},"end":{"line":219,"column":3}},"40":{"start":{"line":214,"column":4},"end":{"line":218,"column":5}},"41":{"start":{"line":215,"column":6},"end":{"line":215,"column":30}},"42":{"start":{"line":217,"column":6},"end":{"line":217,"column":42}},"43":{"start":{"line":221,"column":23},"end":{"line":228,"column":22}},"44":{"start":{"line":222,"column":4},"end":{"line":222,"column":37}},"45":{"start":{"line":222,"column":25},"end":{"line":222,"column":37}},"46":{"start":{"line":223,"column":4},"end":{"line":226,"column":5}},"47":{"start":{"line":224,"column":20},"end":{"line":224,"column":78}},"48":{"start":{"line":224,"column":45},"end":{"line":224,"column":77}},"49":{"start":{"line":225,"column":6},"end":{"line":225,"column":30}},"50":{"start":{"line":225,"column":17},"end":{"line":225,"column":30}},"51":{"start":{"line":227,"column":4},"end":{"line":227,"column":16}},"52":{"start":{"line":230,"column":2},"end":{"line":392,"column":4}},"53":{"start":{"line":243,"column":27},"end":{"line":243,"column":49}},"54":{"start":{"line":245,"column":12},"end":{"line":247,"column":91}},"55":{"start":{"line":247,"column":39},"end":{"line":247,"column":57}},"56":{"start":{"line":249,"column":10},"end":{"line":278,"column":12}},"57":{"start":{"line":253,"column":16},"end":{"line":253,"column":39}},"58":{"start":{"line":254,"column":16},"end":{"line":254,"column":40}},"59":{"start":{"line":289,"column":10},"end":{"line":323,"column":17}},"60":{"start":{"line":296,"column":16},"end":{"line":320,"column":23}},"61":{"start":{"line":318,"column":35},"end":{"line":318,"column":56}},"62":{"start":{"line":388,"column":63},"end":{"line":388,"column":86}}},"fnMap":{"0":{"name":"BranchHeader","decl":{"start":{"line":28,"column":9},"end":{"line":28,"column":21}},"loc":{"start":{"line":28,"column":53},"end":{"line":107,"column":1}},"line":28},"1":{"name":"EmptyState","decl":{"start":{"line":111,"column":9},"end":{"line":111,"column":19}},"loc":{"start":{"line":111,"column":52},"end":{"line":148,"column":1}},"line":111},"2":{"name":"SkillTreeView","decl":{"start":{"line":152,"column":16},"end":{"line":152,"column":29}},"loc":{"start":{"line":152,"column":32},"end":{"line":393,"column":1}},"line":152},"3":{"name":"(anonymous_3)","decl":{"start":{"line":156,"column":38},"end":{"line":156,"column":39}},"loc":{"start":{"line":156,"column":49},"end":{"line":156,"column":69}},"line":156},"4":{"name":"(anonymous_4)","decl":{"start":{"line":159,"column":37},"end":{"line":159,"column":38}},"loc":{"start":{"line":159,"column":43},"end":{"line":169,"column":3}},"line":159},"5":{"name":"(anonymous_5)","decl":{"start":{"line":173,"column":36},"end":{"line":173,"column":37}},"loc":{"start":{"line":173,"column":42},"end":{"line":205,"column":3}},"line":173},"6":{"name":"(anonymous_6)","decl":{"start":{"line":178,"column":45},"end":{"line":178,"column":46}},"loc":{"start":{"line":178,"column":52},"end":{"line":178,"column":89}},"line":178},"7":{"name":"(anonymous_7)","decl":{"start":{"line":208,"column":35},"end":{"line":208,"column":36}},"loc":{"start":{"line":208,"column":41},"end":{"line":211,"column":3}},"line":208},"8":{"name":"(anonymous_8)","decl":{"start":{"line":210,"column":29},"end":{"line":210,"column":30}},"loc":{"start":{"line":210,"column":36},"end":{"line":210,"column":61}},"line":210},"9":{"name":"(anonymous_9)","decl":{"start":{"line":213,"column":26},"end":{"line":213,"column":27}},"loc":{"start":{"line":213,"column":51},"end":{"line":219,"column":3}},"line":213},"10":{"name":"(anonymous_10)","decl":{"start":{"line":221,"column":31},"end":{"line":221,"column":32}},"loc":{"start":{"line":221,"column":37},"end":{"line":228,"column":3}},"line":221},"11":{"name":"(anonymous_11)","decl":{"start":{"line":224,"column":38},"end":{"line":224,"column":39}},"loc":{"start":{"line":224,"column":45},"end":{"line":224,"column":77}},"line":224},"12":{"name":"(anonymous_12)","decl":{"start":{"line":242,"column":28},"end":{"line":242,"column":29}},"loc":{"start":{"line":242,"column":35},"end":{"line":279,"column":9}},"line":242},"13":{"name":"(anonymous_13)","decl":{"start":{"line":247,"column":32},"end":{"line":247,"column":33}},"loc":{"start":{"line":247,"column":39},"end":{"line":247,"column":57}},"line":247},"14":{"name":"(anonymous_14)","decl":{"start":{"line":252,"column":23},"end":{"line":252,"column":24}},"loc":{"start":{"line":252,"column":29},"end":{"line":255,"column":15}},"line":252},"15":{"name":"(anonymous_15)","decl":{"start":{"line":288,"column":30},"end":{"line":288,"column":31}},"loc":{"start":{"line":289,"column":10},"end":{"line":323,"column":17}},"line":289},"16":{"name":"(anonymous_16)","decl":{"start":{"line":295,"column":31},"end":{"line":295,"column":32}},"loc":{"start":{"line":296,"column":16},"end":{"line":320,"column":23}},"line":296},"17":{"name":"(anonymous_17)","decl":{"start":{"line":318,"column":29},"end":{"line":318,"column":30}},"loc":{"start":{"line":318,"column":35},"end":{"line":318,"column":56}},"line":318},"18":{"name":"(anonymous_18)","decl":{"start":{"line":388,"column":57},"end":{"line":388,"column":58}},"loc":{"start":{"line":388,"column":63},"end":{"line":388,"column":86}},"line":388}},"branchMap":{"0":{"loc":{"start":{"line":122,"column":9},"end":{"line":122,"column":90}},"type":"cond-expr","locations":[{"start":{"line":122,"column":29},"end":{"line":122,"column":32}},{"start":{"line":122,"column":35},"end":{"line":122,"column":90}}],"line":122},"1":{"loc":{"start":{"line":122,"column":35},"end":{"line":122,"column":90}},"type":"cond-expr","locations":[{"start":{"line":122,"column":55},"end":{"line":122,"column":58}},{"start":{"line":122,"column":61},"end":{"line":122,"column":90}}],"line":122},"2":{"loc":{"start":{"line":122,"column":61},"end":{"line":122,"column":90}},"type":"cond-expr","locations":[{"start":{"line":122,"column":81},"end":{"line":122,"column":84}},{"start":{"line":122,"column":87},"end":{"line":122,"column":90}}],"line":122},"3":{"loc":{"start":{"line":162,"column":23},"end":{"line":162,"column":46}},"type":"binary-expr","locations":[{"start":{"line":162,"column":23},"end":{"line":162,"column":40}},{"start":{"line":162,"column":44},"end":{"line":162,"column":46}}],"line":162},"4":{"loc":{"start":{"line":163,"column":8},"end":{"line":165,"column":9}},"type":"if","locations":[{"start":{"line":163,"column":8},"end":{"line":165,"column":9}},{"start":{},"end":{}}],"line":163},"5":{"loc":{"start":{"line":179,"column":6},"end":{"line":183,"column":7}},"type":"if","locations":[{"start":{"line":179,"column":6},"end":{"line":183,"column":7}},{"start":{},"end":{}}],"line":179},"6":{"loc":{"start":{"line":187,"column":4},"end":{"line":195,"column":5}},"type":"if","locations":[{"start":{"line":187,"column":4},"end":{"line":195,"column":5}},{"start":{},"end":{}}],"line":187},"7":{"loc":{"start":{"line":190,"column":10},"end":{"line":192,"column":11}},"type":"if","locations":[{"start":{"line":190,"column":10},"end":{"line":192,"column":11}},{"start":{},"end":{}}],"line":190},"8":{"loc":{"start":{"line":199,"column":6},"end":{"line":201,"column":7}},"type":"if","locations":[{"start":{"line":199,"column":6},"end":{"line":201,"column":7}},{"start":{},"end":{}}],"line":199},"9":{"loc":{"start":{"line":209,"column":4},"end":{"line":209,"column":50}},"type":"if","locations":[{"start":{"line":209,"column":4},"end":{"line":209,"column":50}},{"start":{},"end":{}}],"line":209},"10":{"loc":{"start":{"line":214,"column":4},"end":{"line":218,"column":5}},"type":"if","locations":[{"start":{"line":214,"column":4},"end":{"line":218,"column":5}},{"start":{"line":216,"column":11},"end":{"line":218,"column":5}}],"line":214},"11":{"loc":{"start":{"line":222,"column":4},"end":{"line":222,"column":37}},"type":"if","locations":[{"start":{"line":222,"column":4},"end":{"line":222,"column":37}},{"start":{},"end":{}}],"line":222},"12":{"loc":{"start":{"line":225,"column":6},"end":{"line":225,"column":30}},"type":"if","locations":[{"start":{"line":225,"column":6},"end":{"line":225,"column":30}},{"start":{},"end":{}}],"line":225},"13":{"loc":{"start":{"line":245,"column":12},"end":{"line":247,"column":91}},"type":"cond-expr","locations":[{"start":{"line":246,"column":16},"end":{"line":246,"column":37}},{"start":{"line":247,"column":16},"end":{"line":247,"column":91}}],"line":245},"14":{"loc":{"start":{"line":247,"column":16},"end":{"line":247,"column":91}},"type":"binary-expr","locations":[{"start":{"line":247,"column":16},"end":{"line":247,"column":66}},{"start":{"line":247,"column":70},"end":{"line":247,"column":91}}],"line":247},"15":{"loc":{"start":{"line":261,"column":33},"end":{"line":261,"column":78}},"type":"cond-expr","locations":[{"start":{"line":261,"column":44},"end":{"line":261,"column":62}},{"start":{"line":261,"column":65},"end":{"line":261,"column":78}}],"line":261},"16":{"loc":{"start":{"line":263,"column":29},"end":{"line":263,"column":81}},"type":"cond-expr","locations":[{"start":{"line":263,"column":40},"end":{"line":263,"column":58}},{"start":{"line":263,"column":61},"end":{"line":263,"column":81}}],"line":263},"17":{"loc":{"start":{"line":270,"column":25},"end":{"line":270,"column":71}},"type":"cond-expr","locations":[{"start":{"line":270,"column":36},"end":{"line":270,"column":47}},{"start":{"line":270,"column":50},"end":{"line":270,"column":71}}],"line":270},"18":{"loc":{"start":{"line":292,"column":13},"end":{"line":322,"column":13}},"type":"cond-expr","locations":[{"start":{"line":293,"column":14},"end":{"line":293,"column":51}},{"start":{"line":295,"column":14},"end":{"line":321,"column":16}}],"line":292},"19":{"loc":{"start":{"line":298,"column":19},"end":{"line":311,"column":19}},"type":"binary-expr","locations":[{"start":{"line":298,"column":19},"end":{"line":298,"column":49}},{"start":{"line":299,"column":20},"end":{"line":310,"column":27}}],"line":298},"20":{"loc":{"start":{"line":304,"column":43},"end":{"line":306,"column":50}},"type":"cond-expr","locations":[{"start":{"line":305,"column":30},"end":{"line":305,"column":44}},{"start":{"line":306,"column":30},"end":{"line":306,"column":50}}],"line":304},"21":{"loc":{"start":{"line":376,"column":7},"end":{"line":390,"column":7}},"type":"binary-expr","locations":[{"start":{"line":376,"column":7},"end":{"line":376,"column":19}},{"start":{"line":377,"column":8},"end":{"line":389,"column":15}}],"line":376}},"s":{"0":0,"1":0,"2":0,"3":0,"4":0,"5":0,"6":0,"7":0,"8":0,"9":0,"10":0,"11":0,"12":0,"13":0,"14":0,"15":0,"16":0,"17":0,"18":0,"19":0,"20":0,"21":0,"22":0,"23":0,"24":0,"25":0,"26":0,"27":0,"28":0,"29":0,"30":0,"31":0,"32":0,"33":0,"34":0,"35":0,"36":0,"37":0,"38":0,"39":0,"40":0,"41":0,"42":0,"43":0,"44":0,"45":0,"46":0,"47":0,"48":0,"49":0,"50":0,"51":0,"52":0,"53":0,"54":0,"55":0,"56":0,"57":0,"58":0,"59":0,"60":0,"61":0,"62":0},"f":{"0":0,"1":0,"2":0,"3":0,"4":0,"5":0,"6":0,"7":0,"8":0,"9":0,"10":0,"11":0,"12":0,"13":0,"14":0,"15":0,"16":0,"17":0,"18":0},"b":{"0":[0,0],"1":[0,0],"2":[0,0],"3":[0,0],"4":[0,0],"5":[0,0],"6":[0,0],"7":[0,0],"8":[0,0],"9":[0,0],"10":[0,0],"11":[0,0],"12":[0,0],"13":[0,0],"14":[0,0],"15":[0,0],"16":[0,0],"17":[0,0],"18":[0,0],"19":[0,0],"20":[0,0],"21":[0,0]}}
,"C:\\Users\\J\\Desktop\\arch\\src\\components\\ui\\BodySilhouette.tsx": {"path":"C:\\Users\\J\\Desktop\\arch\\src\\components\\ui\\BodySilhouette.tsx","statementMap":{"0":{"start":{"line":28,"column":39},"end":{"line":202,"column":1}},"1":{"start":{"line":205,"column":38},"end":{"line":454,"column":1}},"2":{"start":{"line":458,"column":18},"end":{"line":474,"column":1}},"3":{"start":{"line":476,"column":44},"end":{"line":492,"column":1}},"4":{"start":{"line":497,"column":2},"end":{"line":499,"column":3}},"5":{"start":{"line":498,"column":4},"end":{"line":498,"column":56}},"6":{"start":{"line":500,"column":2},"end":{"line":503,"column":3}},"7":{"start":{"line":501,"column":22},"end":{"line":501,"column":64}},"8":{"start":{"line":502,"column":4},"end":{"line":502,"column":52}},"9":{"start":{"line":504,"column":20},"end":{"line":504,"column":45}},"10":{"start":{"line":505,"column":2},"end":{"line":505,"column":65}},"11":{"start":{"line":515,"column":17},"end":{"line":515,"column":28}},"12":{"start":{"line":516,"column":34},"end":{"line":516,"column":61}},"13":{"start":{"line":518,"column":20},"end":{"line":524,"column":18}},"14":{"start":{"line":519,"column":16},"end":{"line":519,"column":49}},"15":{"start":{"line":520,"column":4},"end":{"line":522,"column":5}},"16":{"start":{"line":521,"column":6},"end":{"line":521,"column":25}},"17":{"start":{"line":523,"column":4},"end":{"line":523,"column":15}},"18":{"start":{"line":526,"column":24},"end":{"line":529,"column":3}},"19":{"start":{"line":527,"column":11},"end":{"line":527,"column":62}},"20":{"start":{"line":531,"column":18},"end":{"line":531,"column":67}},"21":{"start":{"line":533,"column":2},"end":{"line":718,"column":4}},"22":{"start":{"line":547,"column":10},"end":{"line":570,"column":29}},"23":{"start":{"line":549,"column":27},"end":{"line":549,"column":44}},"24":{"start":{"line":577,"column":10},"end":{"line":577,"column":91}},"25":{"start":{"line":582,"column":25},"end":{"line":582,"column":46}},"26":{"start":{"line":583,"column":48},"end":{"line":583,"column":78}},"27":{"start":{"line":584,"column":29},"end":{"line":584,"column":54}},"28":{"start":{"line":585,"column":26},"end":{"line":585,"column":52}},"29":{"start":{"line":587,"column":10},"end":{"line":598,"column":12}},"30":{"start":{"line":596,"column":29},"end":{"line":596,"column":51}},"31":{"start":{"line":614,"column":25},"end":{"line":614,"column":44}},"32":{"start":{"line":615,"column":39},"end":{"line":615,"column":69}},"33":{"start":{"line":616,"column":29},"end":{"line":616,"column":52}},"34":{"start":{"line":617,"column":26},"end":{"line":617,"column":52}},"35":{"start":{"line":619,"column":10},"end":{"line":661,"column":12}},"36":{"start":{"line":622,"column":29},"end":{"line":622,"column":49}}},"fnMap":{"0":{"name":"getMuscleStyle","decl":{"start":{"line":496,"column":9},"end":{"line":496,"column":23}},"loc":{"start":{"line":496,"column":98},"end":{"line":506,"column":1}},"line":496},"1":{"name":"BodySilhouette","decl":{"start":{"line":510,"column":16},"end":{"line":510,"column":30}},"loc":{"start":{"line":514,"column":24},"end":{"line":719,"column":1}},"line":514},"2":{"name":"(anonymous_2)","decl":{"start":{"line":518,"column":28},"end":{"line":518,"column":29}},"loc":{"start":{"line":518,"column":34},"end":{"line":524,"column":3}},"line":518},"3":{"name":"(anonymous_3)","decl":{"start":{"line":527,"column":4},"end":{"line":527,"column":5}},"loc":{"start":{"line":527,"column":11},"end":{"line":527,"column":62}},"line":527},"4":{"name":"(anonymous_4)","decl":{"start":{"line":546,"column":42},"end":{"line":546,"column":43}},"loc":{"start":{"line":547,"column":10},"end":{"line":570,"column":29}},"line":547},"5":{"name":"(anonymous_5)","decl":{"start":{"line":549,"column":21},"end":{"line":549,"column":22}},"loc":{"start":{"line":549,"column":27},"end":{"line":549,"column":44}},"line":549},"6":{"name":"(anonymous_6)","decl":{"start":{"line":576,"column":27},"end":{"line":576,"column":28}},"loc":{"start":{"line":577,"column":10},"end":{"line":577,"column":91}},"line":577},"7":{"name":"(anonymous_7)","decl":{"start":{"line":581,"column":27},"end":{"line":581,"column":28}},"loc":{"start":{"line":581,"column":34},"end":{"line":599,"column":9}},"line":581},"8":{"name":"(anonymous_8)","decl":{"start":{"line":596,"column":23},"end":{"line":596,"column":24}},"loc":{"start":{"line":596,"column":29},"end":{"line":596,"column":51}},"line":596},"9":{"name":"(anonymous_9)","decl":{"start":{"line":613,"column":23},"end":{"line":613,"column":24}},"loc":{"start":{"line":613,"column":33},"end":{"line":662,"column":9}},"line":613},"10":{"name":"(anonymous_10)","decl":{"start":{"line":622,"column":23},"end":{"line":622,"column":24}},"loc":{"start":{"line":622,"column":29},"end":{"line":622,"column":49}},"line":622}},"branchMap":{"0":{"loc":{"start":{"line":497,"column":2},"end":{"line":499,"column":3}},"type":"if","locations":[{"start":{"line":497,"column":2},"end":{"line":499,"column":3}},{"start":{},"end":{}}],"line":497},"1":{"loc":{"start":{"line":497,"column":6},"end":{"line":497,"column":35}},"type":"binary-expr","locations":[{"start":{"line":497,"column":6},"end":{"line":497,"column":13}},{"start":{"line":497,"column":17},"end":{"line":497,"column":35}}],"line":497},"2":{"loc":{"start":{"line":500,"column":2},"end":{"line":503,"column":3}},"type":"if","locations":[{"start":{"line":500,"column":2},"end":{"line":503,"column":3}},{"start":{},"end":{}}],"line":500},"3":{"loc":{"start":{"line":527,"column":11},"end":{"line":527,"column":62}},"type":"cond-expr","locations":[{"start":{"line":527,"column":34},"end":{"line":527,"column":47}},{"start":{"line":527,"column":50},"end":{"line":527,"column":62}}],"line":527},"4":{"loc":{"start":{"line":531,"column":18},"end":{"line":531,"column":67}},"type":"cond-expr","locations":[{"start":{"line":531,"column":41},"end":{"line":531,"column":52}},{"start":{"line":531,"column":55},"end":{"line":531,"column":67}}],"line":531},"5":{"loc":{"start":{"line":555,"column":31},"end":{"line":555,"column":85}},"type":"cond-expr","locations":[{"start":{"line":555,"column":51},"end":{"line":555,"column":69}},{"start":{"line":555,"column":72},"end":{"line":555,"column":85}}],"line":555},"6":{"loc":{"start":{"line":562,"column":23},"end":{"line":562,"column":86}},"type":"cond-expr","locations":[{"start":{"line":562,"column":43},"end":{"line":562,"column":62}},{"start":{"line":562,"column":65},"end":{"line":562,"column":86}}],"line":562},"7":{"loc":{"start":{"line":568,"column":15},"end":{"line":568,"column":50}},"type":"cond-expr","locations":[{"start":{"line":568,"column":34},"end":{"line":568,"column":41}},{"start":{"line":568,"column":44},"end":{"line":568,"column":50}}],"line":568},"8":{"loc":{"start":{"line":585,"column":26},"end":{"line":585,"column":52}},"type":"binary-expr","locations":[{"start":{"line":585,"column":26},"end":{"line":585,"column":32}},{"start":{"line":585,"column":36},"end":{"line":585,"column":52}}],"line":585},"9":{"loc":{"start":{"line":591,"column":20},"end":{"line":591,"column":80}},"type":"cond-expr","locations":[{"start":{"line":591,"column":33},"end":{"line":591,"column":42}},{"start":{"line":591,"column":45},"end":{"line":591,"column":80}}],"line":591},"10":{"loc":{"start":{"line":591,"column":45},"end":{"line":591,"column":80}},"type":"cond-expr","locations":[{"start":{"line":591,"column":55},"end":{"line":591,"column":64}},{"start":{"line":591,"column":67},"end":{"line":591,"column":80}}],"line":591},"11":{"loc":{"start":{"line":592,"column":27},"end":{"line":592,"column":75}},"type":"cond-expr","locations":[{"start":{"line":592,"column":40},"end":{"line":592,"column":44}},{"start":{"line":592,"column":47},"end":{"line":592,"column":75}}],"line":592},"12":{"loc":{"start":{"line":592,"column":47},"end":{"line":592,"column":75}},"type":"cond-expr","locations":[{"start":{"line":592,"column":57},"end":{"line":592,"column":71}},{"start":{"line":592,"column":74},"end":{"line":592,"column":75}}],"line":592},"13":{"loc":{"start":{"line":593,"column":22},"end":{"line":593,"column":78}},"type":"cond-expr","locations":[{"start":{"line":593,"column":46},"end":{"line":593,"column":55}},{"start":{"line":593,"column":58},"end":{"line":593,"column":78}}],"line":593},"14":{"loc":{"start":{"line":593,"column":22},"end":{"line":593,"column":43}},"type":"binary-expr","locations":[{"start":{"line":593,"column":22},"end":{"line":593,"column":29}},{"start":{"line":593,"column":33},"end":{"line":593,"column":43}}],"line":593},"15":{"loc":{"start":{"line":594,"column":27},"end":{"line":594,"column":51}},"type":"cond-expr","locations":[{"start":{"line":594,"column":40},"end":{"line":594,"column":44}},{"start":{"line":594,"column":47},"end":{"line":594,"column":51}}],"line":594},"16":{"loc":{"start":{"line":595,"column":29},"end":{"line":595,"column":72}},"type":"cond-expr","locations":[{"start":{"line":595,"column":39},"end":{"line":595,"column":46}},{"start":{"line":595,"column":49},"end":{"line":595,"column":72}}],"line":595},"17":{"loc":{"start":{"line":595,"column":49},"end":{"line":595,"column":72}},"type":"cond-expr","locations":[{"start":{"line":595,"column":62},"end":{"line":595,"column":65}},{"start":{"line":595,"column":68},"end":{"line":595,"column":72}}],"line":595},"18":{"loc":{"start":{"line":617,"column":26},"end":{"line":617,"column":52}},"type":"binary-expr","locations":[{"start":{"line":617,"column":26},"end":{"line":617,"column":32}},{"start":{"line":617,"column":36},"end":{"line":617,"column":52}}],"line":617},"19":{"loc":{"start":{"line":628,"column":33},"end":{"line":632,"column":35}},"type":"cond-expr","locations":[{"start":{"line":629,"column":20},"end":{"line":629,"column":36}},{"start":{"line":630,"column":20},"end":{"line":632,"column":35}}],"line":628},"20":{"loc":{"start":{"line":630,"column":20},"end":{"line":632,"column":35}},"type":"cond-expr","locations":[{"start":{"line":631,"column":22},"end":{"line":631,"column":38}},{"start":{"line":632,"column":22},"end":{"line":632,"column":35}}],"line":630},"21":{"loc":{"start":{"line":634,"column":29},"end":{"line":634,"column":67}},"type":"cond-expr","locations":[{"start":{"line":634,"column":42},"end":{"line":634,"column":51}},{"start":{"line":634,"column":54},"end":{"line":634,"column":67}}],"line":634},"22":{"loc":{"start":{"line":645,"column":35},"end":{"line":645,"column":77}},"type":"cond-expr","locations":[{"start":{"line":645,"column":45},"end":{"line":645,"column":54}},{"start":{"line":645,"column":57},"end":{"line":645,"column":77}}],"line":645},"23":{"loc":{"start":{"line":646,"column":27},"end":{"line":646,"column":46}},"type":"cond-expr","locations":[{"start":{"line":646,"column":37},"end":{"line":646,"column":40}},{"start":{"line":646,"column":43},"end":{"line":646,"column":46}}],"line":646},"24":{"loc":{"start":{"line":652,"column":25},"end":{"line":652,"column":68}},"type":"cond-expr","locations":[{"start":{"line":652,"column":35},"end":{"line":652,"column":44}},{"start":{"line":652,"column":47},"end":{"line":652,"column":68}}],"line":652},"25":{"loc":{"start":{"line":654,"column":27},"end":{"line":654,"column":44}},"type":"cond-expr","locations":[{"start":{"line":654,"column":37},"end":{"line":654,"column":38}},{"start":{"line":654,"column":41},"end":{"line":654,"column":44}}],"line":654},"26":{"loc":{"start":{"line":658,"column":17},"end":{"line":658,"column":42}},"type":"binary-expr","locations":[{"start":{"line":658,"column":17},"end":{"line":658,"column":34}},{"start":{"line":658,"column":38},"end":{"line":658,"column":42}}],"line":658}},"s":{"0":0,"1":0,"2":0,"3":0,"4":0,"5":0,"6":0,"7":0,"8":0,"9":0,"10":0,"11":0,"12":0,"13":0,"14":0,"15":0,"16":0,"17":0,"18":0,"19":0,"20":0,"21":0,"22":0,"23":0,"24":0,"25":0,"26":0,"27":0,"28":0,"29":0,"30":0,"31":0,"32":0,"33":0,"34":0,"35":0,"36":0},"f":{"0":0,"1":0,"2":0,"3":0,"4":0,"5":0,"6":0,"7":0,"8":0,"9":0,"10":0},"b":{"0":[0,0],"1":[0,0],"2":[0,0],"3":[0,0],"4":[0,0],"5":[0,0],"6":[0,0],"7":[0,0],"8":[0,0],"9":[0,0],"10":[0,0],"11":[0,0],"12":[0,0],"13":[0,0],"14":[0,0],"15":[0,0],"16":[0,0],"17":[0,0],"18":[0,0],"19":[0,0],"20":[0,0],"21":[0,0],"22":[0,0],"23":[0,0],"24":[0,0],"25":[0,0],"26":[0,0]}}
,"C:\\Users\\J\\Desktop\\arch\\src\\components\\ui\\Button.tsx": {"path":"C:\\Users\\J\\Desktop\\arch\\src\\components\\ui\\Button.tsx","statementMap":{"0":{"start":{"line":23,"column":17},"end":{"line":23,"column":28}},"1":{"start":{"line":25,"column":21},"end":{"line":29,"column":3}},"2":{"start":{"line":31,"column":24},"end":{"line":44,"column":3}},"3":{"start":{"line":46,"column":21},"end":{"line":50,"column":3}},"4":{"start":{"line":52,"column":2},"end":{"line":93,"column":4}}},"fnMap":{"0":{"name":"Button","decl":{"start":{"line":14,"column":16},"end":{"line":14,"column":22}},"loc":{"start":{"line":22,"column":16},"end":{"line":94,"column":1}},"line":22}},"branchMap":{"0":{"loc":{"start":{"line":17,"column":2},"end":{"line":17,"column":21}},"type":"default-arg","locations":[{"start":{"line":17,"column":12},"end":{"line":17,"column":21}}],"line":17},"1":{"loc":{"start":{"line":18,"column":2},"end":{"line":18,"column":13}},"type":"default-arg","locations":[{"start":{"line":18,"column":9},"end":{"line":18,"column":13}}],"line":18},"2":{"loc":{"start":{"line":19,"column":2},"end":{"line":19,"column":18}},"type":"default-arg","locations":[{"start":{"line":19,"column":13},"end":{"line":19,"column":18}}],"line":19},"3":{"loc":{"start":{"line":20,"column":2},"end":{"line":20,"column":17}},"type":"default-arg","locations":[{"start":{"line":20,"column":12},"end":{"line":20,"column":17}}],"line":20},"4":{"loc":{"start":{"line":21,"column":2},"end":{"line":21,"column":19}},"type":"default-arg","locations":[{"start":{"line":21,"column":14},"end":{"line":21,"column":19}}],"line":21},"5":{"loc":{"start":{"line":55,"column":16},"end":{"line":55,"column":35}},"type":"binary-expr","locations":[{"start":{"line":55,"column":16},"end":{"line":55,"column":24}},{"start":{"line":55,"column":28},"end":{"line":55,"column":35}}],"line":55},"6":{"loc":{"start":{"line":57,"column":17},"end":{"line":57,"column":42}},"type":"cond-expr","locations":[{"start":{"line":57,"column":29},"end":{"line":57,"column":37}},{"start":{"line":57,"column":40},"end":{"line":57,"column":42}}],"line":57},"7":{"loc":{"start":{"line":59,"column":21},"end":{"line":59,"column":50}},"type":"cond-expr","locations":[{"start":{"line":59,"column":43},"end":{"line":59,"column":44}},{"start":{"line":59,"column":47},"end":{"line":59,"column":50}}],"line":59},"8":{"loc":{"start":{"line":64,"column":17},"end":{"line":64,"column":35}},"type":"cond-expr","locations":[{"start":{"line":64,"column":28},"end":{"line":64,"column":31}},{"start":{"line":64,"column":34},"end":{"line":64,"column":35}}],"line":64},"9":{"loc":{"start":{"line":69,"column":7},"end":{"line":82,"column":7}},"type":"binary-expr","locations":[{"start":{"line":69,"column":7},"end":{"line":69,"column":14}},{"start":{"line":70,"column":8},"end":{"line":81,"column":15}}],"line":69},"10":{"loc":{"start":{"line":87,"column":20},"end":{"line":87,"column":64}},"type":"cond-expr","locations":[{"start":{"line":87,"column":36},"end":{"line":87,"column":38}},{"start":{"line":87,"column":41},"end":{"line":87,"column":64}}],"line":87},"11":{"loc":{"start":{"line":87,"column":41},"end":{"line":87,"column":64}},"type":"cond-expr","locations":[{"start":{"line":87,"column":57},"end":{"line":87,"column":59}},{"start":{"line":87,"column":62},"end":{"line":87,"column":64}}],"line":87},"12":{"loc":{"start":{"line":90,"column":9},"end":{"line":90,"column":56}},"type":"cond-expr","locations":[{"start":{"line":90,"column":19},"end":{"line":90,"column":34}},{"start":{"line":90,"column":37},"end":{"line":90,"column":56}}],"line":90}},"s":{"0":0,"1":0,"2":0,"3":0,"4":0},"f":{"0":0},"b":{"0":[0],"1":[0],"2":[0],"3":[0],"4":[0],"5":[0,0],"6":[0,0],"7":[0,0],"8":[0,0],"9":[0,0],"10":[0,0],"11":[0,0],"12":[0,0]}}
,"C:\\Users\\J\\Desktop\\arch\\src\\components\\ui\\ErrorBoundary.tsx": {"path":"C:\\Users\\J\\Desktop\\arch\\src\\components\\ui\\ErrorBoundary.tsx","statementMap":{"0":{"start":{"line":33,"column":4},"end":{"line":33,"column":17}},"1":{"start":{"line":34,"column":4},"end":{"line":34,"column":50}},"2":{"start":{"line":38,"column":4},"end":{"line":38,"column":37}},"3":{"start":{"line":43,"column":4},"end":{"line":46,"column":7}},"4":{"start":{"line":47,"column":4},"end":{"line":50,"column":5}},"5":{"start":{"line":48,"column":6},"end":{"line":48,"column":67}},"6":{"start":{"line":49,"column":6},"end":{"line":49,"column":82}},"7":{"start":{"line":53,"column":16},"end":{"line":55,"column":3}},"8":{"start":{"line":54,"column":4},"end":{"line":54,"column":52}},"9":{"start":{"line":58,"column":4},"end":{"line":66,"column":5}},"10":{"start":{"line":59,"column":6},"end":{"line":64,"column":7}},"11":{"start":{"line":60,"column":8},"end":{"line":63,"column":11}},"12":{"start":{"line":65,"column":6},"end":{"line":65,"column":83}},"13":{"start":{"line":67,"column":4},"end":{"line":67,"column":31}},"14":{"start":{"line":73,"column":17},"end":{"line":73,"column":28}},"15":{"start":{"line":74,"column":17},"end":{"line":74,"column":28}},"16":{"start":{"line":75,"column":2},"end":{"line":226,"column":4}},"17":{"start":{"line":200,"column":25},"end":{"line":200,"column":44}}},"fnMap":{"0":{"name":"(anonymous_0)","decl":{"start":{"line":32,"column":2},"end":{"line":32,"column":3}},"loc":{"start":{"line":32,"column":41},"end":{"line":35,"column":3}},"line":32},"1":{"name":"(anonymous_1)","decl":{"start":{"line":37,"column":2},"end":{"line":37,"column":3}},"loc":{"start":{"line":37,"column":68},"end":{"line":39,"column":3}},"line":37},"2":{"name":"(anonymous_2)","decl":{"start":{"line":41,"column":2},"end":{"line":41,"column":3}},"loc":{"start":{"line":41,"column":62},"end":{"line":51,"column":3}},"line":41},"3":{"name":"(anonymous_3)","decl":{"start":{"line":53,"column":16},"end":{"line":53,"column":17}},"loc":{"start":{"line":53,"column":22},"end":{"line":55,"column":3}},"line":53},"4":{"name":"(anonymous_4)","decl":{"start":{"line":57,"column":2},"end":{"line":57,"column":3}},"loc":{"start":{"line":57,"column":11},"end":{"line":68,"column":3}},"line":57},"5":{"name":"DefaultFallback","decl":{"start":{"line":72,"column":9},"end":{"line":72,"column":24}},"loc":{"start":{"line":72,"column":80},"end":{"line":227,"column":1}},"line":72},"6":{"name":"(anonymous_6)","decl":{"start":{"line":200,"column":19},"end":{"line":200,"column":20}},"loc":{"start":{"line":200,"column":25},"end":{"line":200,"column":44}},"line":200}},"branchMap":{"0":{"loc":{"start":{"line":44,"column":22},"end":{"line":44,"column":59}},"type":"binary-expr","locations":[{"start":{"line":44,"column":22},"end":{"line":44,"column":46}},{"start":{"line":44,"column":50},"end":{"line":44,"column":59}}],"line":44},"1":{"loc":{"start":{"line":47,"column":4},"end":{"line":50,"column":5}},"type":"if","locations":[{"start":{"line":47,"column":4},"end":{"line":50,"column":5}},{"start":{},"end":{}}],"line":47},"2":{"loc":{"start":{"line":58,"column":4},"end":{"line":66,"column":5}},"type":"if","locations":[{"start":{"line":58,"column":4},"end":{"line":66,"column":5}},{"start":{},"end":{}}],"line":58},"3":{"loc":{"start":{"line":58,"column":8},"end":{"line":58,"column":47}},"type":"binary-expr","locations":[{"start":{"line":58,"column":8},"end":{"line":58,"column":27}},{"start":{"line":58,"column":31},"end":{"line":58,"column":47}}],"line":58},"4":{"loc":{"start":{"line":59,"column":6},"end":{"line":64,"column":7}},"type":"if","locations":[{"start":{"line":59,"column":6},"end":{"line":64,"column":7}},{"start":{},"end":{}}],"line":59},"5":{"loc":{"start":{"line":151,"column":13},"end":{"line":153,"column":65}},"type":"cond-expr","locations":[{"start":{"line":152,"column":16},"end":{"line":152,"column":49}},{"start":{"line":153,"column":16},"end":{"line":153,"column":65}}],"line":151},"6":{"loc":{"start":{"line":155,"column":11},"end":{"line":168,"column":11}},"type":"binary-expr","locations":[{"start":{"line":155,"column":11},"end":{"line":155,"column":18}},{"start":{"line":155,"column":22},"end":{"line":155,"column":33}},{"start":{"line":156,"column":12},"end":{"line":167,"column":19}}],"line":155}},"s":{"0":0,"1":0,"2":0,"3":0,"4":0,"5":0,"6":0,"7":0,"8":0,"9":0,"10":0,"11":0,"12":0,"13":0,"14":0,"15":0,"16":0,"17":0},"f":{"0":0,"1":0,"2":0,"3":0,"4":0,"5":0,"6":0},"b":{"0":[0,0],"1":[0,0],"2":[0,0],"3":[0,0],"4":[0,0],"5":[0,0],"6":[0,0,0]}}
,"C:\\Users\\J\\Desktop\\arch\\src\\components\\ui\\HUDModule.tsx": {"path":"C:\\Users\\J\\Desktop\\arch\\src\\components\\ui\\HUDModule.tsx","statementMap":{"0":{"start":{"line":13,"column":17},"end":{"line":13,"column":28}},"1":{"start":{"line":16,"column":4},"end":{"line":22,"column":32}},"2":{"start":{"line":24,"column":2},"end":{"line":113,"column":4}}},"fnMap":{"0":{"name":"HUDModule","decl":{"start":{"line":12,"column":16},"end":{"line":12,"column":25}},"loc":{"start":{"line":12,"column":87},"end":{"line":114,"column":1}},"line":12}},"branchMap":{"0":{"loc":{"start":{"line":12,"column":45},"end":{"line":12,"column":60}},"type":"default-arg","locations":[{"start":{"line":12,"column":54},"end":{"line":12,"column":60}}],"line":12},"1":{"loc":{"start":{"line":16,"column":4},"end":{"line":22,"column":32}},"type":"cond-expr","locations":[{"start":{"line":17,"column":8},"end":{"line":17,"column":29}},{"start":{"line":18,"column":8},"end":{"line":22,"column":32}}],"line":16},"2":{"loc":{"start":{"line":18,"column":8},"end":{"line":22,"column":32}},"type":"cond-expr","locations":[{"start":{"line":19,"column":10},"end":{"line":19,"column":24}},{"start":{"line":20,"column":10},"end":{"line":22,"column":32}}],"line":18},"3":{"loc":{"start":{"line":20,"column":10},"end":{"line":22,"column":32}},"type":"cond-expr","locations":[{"start":{"line":21,"column":12},"end":{"line":21,"column":24}},{"start":{"line":22,"column":12},"end":{"line":22,"column":32}}],"line":20},"4":{"loc":{"start":{"line":37,"column":7},"end":{"line":58,"column":7}},"type":"binary-expr","locations":[{"start":{"line":37,"column":7},"end":{"line":37,"column":12}},{"start":{"line":38,"column":8},"end":{"line":57,"column":15}}],"line":37}},"s":{"0":0,"1":0,"2":0},"f":{"0":0},"b":{"0":[0],"1":[0,0],"2":[0,0],"3":[0,0],"4":[0,0]}}
,"C:\\Users\\J\\Desktop\\arch\\src\\components\\ui\\LevelBadge.tsx": {"path":"C:\\Users\\J\\Desktop\\arch\\src\\components\\ui\\LevelBadge.tsx","statementMap":{"0":{"start":{"line":10,"column":2},"end":{"line":10,"column":35}},"1":{"start":{"line":10,"column":18},"end":{"line":10,"column":35}},"2":{"start":{"line":11,"column":2},"end":{"line":11,"column":37}},"3":{"start":{"line":11,"column":18},"end":{"line":11,"column":37}},"4":{"start":{"line":12,"column":2},"end":{"line":12,"column":36}},"5":{"start":{"line":12,"column":19},"end":{"line":12,"column":36}},"6":{"start":{"line":13,"column":2},"end":{"line":13,"column":34}},"7":{"start":{"line":13,"column":19},"end":{"line":13,"column":34}},"8":{"start":{"line":14,"column":2},"end":{"line":14,"column":38}},"9":{"start":{"line":14,"column":19},"end":{"line":14,"column":38}},"10":{"start":{"line":15,"column":2},"end":{"line":15,"column":18}},"11":{"start":{"line":19,"column":2},"end":{"line":19,"column":27}},"12":{"start":{"line":19,"column":18},"end":{"line":19,"column":27}},"13":{"start":{"line":20,"column":2},"end":{"line":20,"column":27}},"14":{"start":{"line":20,"column":18},"end":{"line":20,"column":27}},"15":{"start":{"line":21,"column":2},"end":{"line":21,"column":28}},"16":{"start":{"line":21,"column":19},"end":{"line":21,"column":28}},"17":{"start":{"line":22,"column":2},"end":{"line":22,"column":28}},"18":{"start":{"line":22,"column":19},"end":{"line":22,"column":28}},"19":{"start":{"line":23,"column":2},"end":{"line":23,"column":11}},"20":{"start":{"line":27,"column":17},"end":{"line":27,"column":28}},"21":{"start":{"line":29,"column":16},"end":{"line":33,"column":3}},"22":{"start":{"line":34,"column":12},"end":{"line":34,"column":23}},"23":{"start":{"line":35,"column":23},"end":{"line":35,"column":41}},"24":{"start":{"line":37,"column":2},"end":{"line":115,"column":4}},"25":{"start":{"line":91,"column":10},"end":{"line":100,"column":17}}},"fnMap":{"0":{"name":"getLevelTitle","decl":{"start":{"line":9,"column":9},"end":{"line":9,"column":22}},"loc":{"start":{"line":9,"column":46},"end":{"line":16,"column":1}},"line":9},"1":{"name":"getChevrons","decl":{"start":{"line":18,"column":9},"end":{"line":18,"column":20}},"loc":{"start":{"line":18,"column":44},"end":{"line":24,"column":1}},"line":18},"2":{"name":"LevelBadge","decl":{"start":{"line":26,"column":16},"end":{"line":26,"column":26}},"loc":{"start":{"line":26,"column":68},"end":{"line":116,"column":1}},"line":26},"3":{"name":"(anonymous_3)","decl":{"start":{"line":90,"column":50},"end":{"line":90,"column":51}},"loc":{"start":{"line":91,"column":10},"end":{"line":100,"column":17}},"line":91}},"branchMap":{"0":{"loc":{"start":{"line":10,"column":2},"end":{"line":10,"column":35}},"type":"if","locations":[{"start":{"line":10,"column":2},"end":{"line":10,"column":35}},{"start":{},"end":{}}],"line":10},"1":{"loc":{"start":{"line":11,"column":2},"end":{"line":11,"column":37}},"type":"if","locations":[{"start":{"line":11,"column":2},"end":{"line":11,"column":37}},{"start":{},"end":{}}],"line":11},"2":{"loc":{"start":{"line":12,"column":2},"end":{"line":12,"column":36}},"type":"if","locations":[{"start":{"line":12,"column":2},"end":{"line":12,"column":36}},{"start":{},"end":{}}],"line":12},"3":{"loc":{"start":{"line":13,"column":2},"end":{"line":13,"column":34}},"type":"if","locations":[{"start":{"line":13,"column":2},"end":{"line":13,"column":34}},{"start":{},"end":{}}],"line":13},"4":{"loc":{"start":{"line":14,"column":2},"end":{"line":14,"column":38}},"type":"if","locations":[{"start":{"line":14,"column":2},"end":{"line":14,"column":38}},{"start":{},"end":{}}],"line":14},"5":{"loc":{"start":{"line":19,"column":2},"end":{"line":19,"column":27}},"type":"if","locations":[{"start":{"line":19,"column":2},"end":{"line":19,"column":27}},{"start":{},"end":{}}],"line":19},"6":{"loc":{"start":{"line":20,"column":2},"end":{"line":20,"column":27}},"type":"if","locations":[{"start":{"line":20,"column":2},"end":{"line":20,"column":27}},{"start":{},"end":{}}],"line":20},"7":{"loc":{"start":{"line":21,"column":2},"end":{"line":21,"column":28}},"type":"if","locations":[{"start":{"line":21,"column":2},"end":{"line":21,"column":28}},{"start":{},"end":{}}],"line":21},"8":{"loc":{"start":{"line":22,"column":2},"end":{"line":22,"column":28}},"type":"if","locations":[{"start":{"line":22,"column":2},"end":{"line":22,"column":28}},{"start":{},"end":{}}],"line":22},"9":{"loc":{"start":{"line":26,"column":36},"end":{"line":26,"column":47}},"type":"default-arg","locations":[{"start":{"line":26,"column":43},"end":{"line":26,"column":47}}],"line":26},"10":{"loc":{"start":{"line":94,"column":21},"end":{"line":94,"column":84}},"type":"cond-expr","locations":[{"start":{"line":94,"column":40},"end":{"line":94,"column":61}},{"start":{"line":94,"column":64},"end":{"line":94,"column":84}}],"line":94}},"s":{"0":0,"1":0,"2":0,"3":0,"4":0,"5":0,"6":0,"7":0,"8":0,"9":0,"10":0,"11":0,"12":0,"13":0,"14":0,"15":0,"16":0,"17":0,"18":0,"19":0,"20":0,"21":0,"22":0,"23":0,"24":0,"25":0},"f":{"0":0,"1":0,"2":0,"3":0},"b":{"0":[0,0],"1":[0,0],"2":[0,0],"3":[0,0],"4":[0,0],"5":[0,0],"6":[0,0],"7":[0,0],"8":[0,0],"9":[0],"10":[0,0]}}
,"C:\\Users\\J\\Desktop\\arch\\src\\components\\ui\\SegmentedPanel.tsx": {"path":"C:\\Users\\J\\Desktop\\arch\\src\\components\\ui\\SegmentedPanel.tsx","statementMap":{"0":{"start":{"line":20,"column":17},"end":{"line":20,"column":28}},"1":{"start":{"line":23,"column":4},"end":{"line":29,"column":32}},"2":{"start":{"line":31,"column":2},"end":{"line":123,"column":4}}},"fnMap":{"0":{"name":"SegmentedPanel","decl":{"start":{"line":13,"column":16},"end":{"line":13,"column":30}},"loc":{"start":{"line":19,"column":24},"end":{"line":124,"column":1}},"line":19}},"branchMap":{"0":{"loc":{"start":{"line":16,"column":2},"end":{"line":16,"column":17}},"type":"default-arg","locations":[{"start":{"line":16,"column":11},"end":{"line":16,"column":17}}],"line":16},"1":{"loc":{"start":{"line":23,"column":4},"end":{"line":29,"column":32}},"type":"cond-expr","locations":[{"start":{"line":24,"column":8},"end":{"line":24,"column":29}},{"start":{"line":25,"column":8},"end":{"line":29,"column":32}}],"line":23},"2":{"loc":{"start":{"line":25,"column":8},"end":{"line":29,"column":32}},"type":"cond-expr","locations":[{"start":{"line":26,"column":10},"end":{"line":26,"column":24}},{"start":{"line":27,"column":10},"end":{"line":29,"column":32}}],"line":25},"3":{"loc":{"start":{"line":27,"column":10},"end":{"line":29,"column":32}},"type":"cond-expr","locations":[{"start":{"line":28,"column":12},"end":{"line":28,"column":24}},{"start":{"line":29,"column":12},"end":{"line":29,"column":32}}],"line":27},"4":{"loc":{"start":{"line":44,"column":7},"end":{"line":68,"column":7}},"type":"binary-expr","locations":[{"start":{"line":44,"column":7},"end":{"line":44,"column":12}},{"start":{"line":45,"column":8},"end":{"line":67,"column":15}}],"line":44},"5":{"loc":{"start":{"line":60,"column":21},"end":{"line":60,"column":76}},"type":"cond-expr","locations":[{"start":{"line":60,"column":41},"end":{"line":60,"column":62}},{"start":{"line":60,"column":65},"end":{"line":60,"column":76}}],"line":60}},"s":{"0":0,"1":0,"2":0},"f":{"0":0},"b":{"0":[0],"1":[0,0],"2":[0,0],"3":[0,0],"4":[0,0],"5":[0,0]}}
,"C:\\Users\\J\\Desktop\\arch\\src\\components\\ui\\StatModule.tsx": {"path":"C:\\Users\\J\\Desktop\\arch\\src\\components\\ui\\StatModule.tsx","statementMap":{"0":{"start":{"line":23,"column":17},"end":{"line":23,"column":28}},"1":{"start":{"line":25,"column":22},"end":{"line":30,"column":3}},"2":{"start":{"line":32,"column":16},"end":{"line":36,"column":3}},"3":{"start":{"line":38,"column":2},"end":{"line":150,"column":4}}},"fnMap":{"0":{"name":"StatModule","decl":{"start":{"line":14,"column":16},"end":{"line":14,"column":26}},"loc":{"start":{"line":22,"column":20},"end":{"line":151,"column":1}},"line":22}},"branchMap":{"0":{"loc":{"start":{"line":19,"column":2},"end":{"line":19,"column":18}},"type":"default-arg","locations":[{"start":{"line":19,"column":11},"end":{"line":19,"column":18}}],"line":19},"1":{"loc":{"start":{"line":20,"column":2},"end":{"line":20,"column":13}},"type":"default-arg","locations":[{"start":{"line":20,"column":9},"end":{"line":20,"column":13}}],"line":20},"2":{"loc":{"start":{"line":64,"column":11},"end":{"line":64,"column":63}},"type":"binary-expr","locations":[{"start":{"line":64,"column":11},"end":{"line":64,"column":15}},{"start":{"line":64,"column":19},"end":{"line":64,"column":63}}],"line":64},"3":{"loc":{"start":{"line":80,"column":22},"end":{"line":80,"column":66}},"type":"cond-expr","locations":[{"start":{"line":80,"column":38},"end":{"line":80,"column":40}},{"start":{"line":80,"column":43},"end":{"line":80,"column":66}}],"line":80},"4":{"loc":{"start":{"line":80,"column":43},"end":{"line":80,"column":66}},"type":"cond-expr","locations":[{"start":{"line":80,"column":59},"end":{"line":80,"column":61}},{"start":{"line":80,"column":64},"end":{"line":80,"column":66}}],"line":80},"5":{"loc":{"start":{"line":87,"column":9},"end":{"line":97,"column":9}},"type":"binary-expr","locations":[{"start":{"line":87,"column":9},"end":{"line":87,"column":17}},{"start":{"line":88,"column":10},"end":{"line":96,"column":17}}],"line":87}},"s":{"0":0,"1":0,"2":0,"3":0},"f":{"0":0},"b":{"0":[0],"1":[0],"2":[0,0],"3":[0,0],"4":[0,0],"5":[0,0]}}
,"C:\\Users\\J\\Desktop\\arch\\src\\components\\ui\\ThemeSwitcher.tsx": {"path":"C:\\Users\\J\\Desktop\\arch\\src\\components\\ui\\ThemeSwitcher.tsx","statementMap":{"0":{"start":{"line":8,"column":17},"end":{"line":8,"column":28}},"1":{"start":{"line":9,"column":20},"end":{"line":9,"column":34}},"2":{"start":{"line":10,"column":22},"end":{"line":10,"column":38}},"3":{"start":{"line":11,"column":23},"end":{"line":11,"column":58}},"4":{"start":{"line":11,"column":43},"end":{"line":11,"column":57}},"5":{"start":{"line":12,"column":25},"end":{"line":12,"column":62}},"6":{"start":{"line":12,"column":45},"end":{"line":12,"column":61}},"7":{"start":{"line":14,"column":21},"end":{"line":14,"column":62}},"8":{"start":{"line":16,"column":2},"end":{"line":135,"column":4}},"9":{"start":{"line":41,"column":27},"end":{"line":41,"column":45}},"10":{"start":{"line":42,"column":10},"end":{"line":66,"column":12}},"11":{"start":{"line":45,"column":29},"end":{"line":45,"column":47}},"12":{"start":{"line":83,"column":25},"end":{"line":83,"column":43}},"13":{"start":{"line":84,"column":27},"end":{"line":84,"column":46}},"14":{"start":{"line":85,"column":10},"end":{"line":131,"column":12}},"15":{"start":{"line":88,"column":29},"end":{"line":88,"column":48}}},"fnMap":{"0":{"name":"ThemeSwitcher","decl":{"start":{"line":7,"column":16},"end":{"line":7,"column":29}},"loc":{"start":{"line":7,"column":32},"end":{"line":136,"column":1}},"line":7},"1":{"name":"(anonymous_1)","decl":{"start":{"line":11,"column":36},"end":{"line":11,"column":37}},"loc":{"start":{"line":11,"column":43},"end":{"line":11,"column":57}},"line":11},"2":{"name":"(anonymous_2)","decl":{"start":{"line":12,"column":38},"end":{"line":12,"column":39}},"loc":{"start":{"line":12,"column":45},"end":{"line":12,"column":61}},"line":12},"3":{"name":"(anonymous_3)","decl":{"start":{"line":40,"column":42},"end":{"line":40,"column":43}},"loc":{"start":{"line":40,"column":52},"end":{"line":67,"column":9}},"line":40},"4":{"name":"(anonymous_4)","decl":{"start":{"line":45,"column":23},"end":{"line":45,"column":24}},"loc":{"start":{"line":45,"column":29},"end":{"line":45,"column":47}},"line":45},"5":{"name":"(anonymous_5)","decl":{"start":{"line":82,"column":24},"end":{"line":82,"column":25}},"loc":{"start":{"line":82,"column":33},"end":{"line":132,"column":9}},"line":82},"6":{"name":"(anonymous_6)","decl":{"start":{"line":88,"column":23},"end":{"line":88,"column":24}},"loc":{"start":{"line":88,"column":29},"end":{"line":88,"column":48}},"line":88}},"branchMap":{"0":{"loc":{"start":{"line":51,"column":33},"end":{"line":51,"column":81}},"type":"cond-expr","locations":[{"start":{"line":51,"column":44},"end":{"line":51,"column":65}},{"start":{"line":51,"column":68},"end":{"line":51,"column":81}}],"line":51},"1":{"loc":{"start":{"line":59,"column":25},"end":{"line":59,"column":77}},"type":"cond-expr","locations":[{"start":{"line":59,"column":36},"end":{"line":59,"column":53}},{"start":{"line":59,"column":56},"end":{"line":59,"column":77}}],"line":59},"2":{"loc":{"start":{"line":63,"column":17},"end":{"line":63,"column":51}},"type":"cond-expr","locations":[{"start":{"line":63,"column":35},"end":{"line":63,"column":41}},{"start":{"line":63,"column":44},"end":{"line":63,"column":51}}],"line":63},"3":{"loc":{"start":{"line":104,"column":31},"end":{"line":104,"column":47}},"type":"cond-expr","locations":[{"start":{"line":104,"column":42},"end":{"line":104,"column":43}},{"start":{"line":104,"column":46},"end":{"line":104,"column":47}}],"line":104},"4":{"loc":{"start":{"line":108,"column":17},"end":{"line":118,"column":17}},"type":"binary-expr","locations":[{"start":{"line":108,"column":17},"end":{"line":108,"column":25}},{"start":{"line":109,"column":18},"end":{"line":117,"column":25}}],"line":108},"5":{"loc":{"start":{"line":123,"column":25},"end":{"line":123,"column":81}},"type":"cond-expr","locations":[{"start":{"line":123,"column":36},"end":{"line":123,"column":57}},{"start":{"line":123,"column":60},"end":{"line":123,"column":81}}],"line":123}},"s":{"0":0,"1":0,"2":0,"3":0,"4":0,"5":0,"6":0,"7":0,"8":0,"9":0,"10":0,"11":0,"12":0,"13":0,"14":0,"15":0},"f":{"0":0,"1":0,"2":0,"3":0,"4":0,"5":0,"6":0},"b":{"0":[0,0],"1":[0,0],"2":[0,0],"3":[0,0],"4":[0,0],"5":[0,0]}}
,"C:\\Users\\J\\Desktop\\arch\\src\\components\\ui\\WorkoutCard.tsx": {"path":"C:\\Users\\J\\Desktop\\arch\\src\\components\\ui\\WorkoutCard.tsx","statementMap":{"0":{"start":{"line":12,"column":17},"end":{"line":12,"column":28}},"1":{"start":{"line":14,"column":2},"end":{"line":181,"column":4}},"2":{"start":{"line":92,"column":10},"end":{"line":113,"column":17}},"3":{"start":{"line":161,"column":30},"end":{"line":161,"column":67}},"4":{"start":{"line":162,"column":30},"end":{"line":162,"column":41}},"5":{"start":{"line":163,"column":30},"end":{"line":163,"column":54}},"6":{"start":{"line":164,"column":31},"end":{"line":164,"column":69}},"7":{"start":{"line":165,"column":14},"end":{"line":165,"column":46}}},"fnMap":{"0":{"name":"WorkoutCard","decl":{"start":{"line":11,"column":16},"end":{"line":11,"column":27}},"loc":{"start":{"line":11,"column":86},"end":{"line":182,"column":1}},"line":11},"1":{"name":"(anonymous_1)","decl":{"start":{"line":91,"column":43},"end":{"line":91,"column":44}},"loc":{"start":{"line":92,"column":10},"end":{"line":113,"column":17}},"line":92},"2":{"name":"(anonymous_2)","decl":{"start":{"line":160,"column":37},"end":{"line":160,"column":38}},"loc":{"start":{"line":160,"column":50},"end":{"line":166,"column":13}},"line":160}},"branchMap":{"0":{"loc":{"start":{"line":11,"column":48},"end":{"line":11,"column":64}},"type":"default-arg","locations":[{"start":{"line":11,"column":59},"end":{"line":11,"column":64}}],"line":11},"1":{"loc":{"start":{"line":19,"column":25},"end":{"line":19,"column":76}},"type":"cond-expr","locations":[{"start":{"line":19,"column":36},"end":{"line":19,"column":55}},{"start":{"line":19,"column":58},"end":{"line":19,"column":76}}],"line":19},"2":{"loc":{"start":{"line":21,"column":21},"end":{"line":21,"column":76}},"type":"cond-expr","locations":[{"start":{"line":21,"column":32},"end":{"line":21,"column":53}},{"start":{"line":21,"column":56},"end":{"line":21,"column":76}}],"line":21},"3":{"loc":{"start":{"line":37,"column":27},"end":{"line":37,"column":82}},"type":"cond-expr","locations":[{"start":{"line":37,"column":38},"end":{"line":37,"column":59}},{"start":{"line":37,"column":62},"end":{"line":37,"column":82}}],"line":37},"4":{"loc":{"start":{"line":49,"column":21},"end":{"line":49,"column":75}},"type":"cond-expr","locations":[{"start":{"line":49,"column":32},"end":{"line":49,"column":53}},{"start":{"line":49,"column":56},"end":{"line":49,"column":75}}],"line":49},"5":{"loc":{"start":{"line":67,"column":29},"end":{"line":67,"column":77}},"type":"cond-expr","locations":[{"start":{"line":67,"column":40},"end":{"line":67,"column":61}},{"start":{"line":67,"column":64},"end":{"line":67,"column":77}}],"line":67},"6":{"loc":{"start":{"line":69,"column":25},"end":{"line":69,"column":80}},"type":"cond-expr","locations":[{"start":{"line":69,"column":36},"end":{"line":69,"column":57}},{"start":{"line":69,"column":60},"end":{"line":69,"column":80}}],"line":69},"7":{"loc":{"start":{"line":78,"column":21},"end":{"line":78,"column":73}},"type":"cond-expr","locations":[{"start":{"line":78,"column":32},"end":{"line":78,"column":49}},{"start":{"line":78,"column":52},"end":{"line":78,"column":73}}],"line":78},"8":{"loc":{"start":{"line":115,"column":9},"end":{"line":136,"column":9}},"type":"binary-expr","locations":[{"start":{"line":115,"column":9},"end":{"line":115,"column":37}},{"start":{"line":116,"column":10},"end":{"line":135,"column":17}}],"line":115},"9":{"loc":{"start":{"line":173,"column":19},"end":{"line":173,"column":75}},"type":"cond-expr","locations":[{"start":{"line":173,"column":30},"end":{"line":173,"column":51}},{"start":{"line":173,"column":54},"end":{"line":173,"column":75}}],"line":173},"10":{"loc":{"start":{"line":177,"column":11},"end":{"line":177,"column":44}},"type":"cond-expr","locations":[{"start":{"line":177,"column":22},"end":{"line":177,"column":32}},{"start":{"line":177,"column":35},"end":{"line":177,"column":44}}],"line":177}},"s":{"0":0,"1":0,"2":0,"3":0,"4":0,"5":0,"6":0,"7":0},"f":{"0":0,"1":0,"2":0},"b":{"0":[0],"1":[0,0],"2":[0,0],"3":[0,0],"4":[0,0],"5":[0,0],"6":[0,0],"7":[0,0],"8":[0,0],"9":[0,0],"10":[0,0]}}
,"C:\\Users\\J\\Desktop\\arch\\src\\components\\ui\\XpBar.tsx": {"path":"C:\\Users\\J\\Desktop\\arch\\src\\components\\ui\\XpBar.tsx","statementMap":{"0":{"start":{"line":20,"column":17},"end":{"line":20,"column":28}},"1":{"start":{"line":22,"column":19},"end":{"line":22,"column":62}},"2":{"start":{"line":23,"column":21},"end":{"line":23,"column":38}},"3":{"start":{"line":24,"column":20},"end":{"line":24,"column":37}},"4":{"start":{"line":26,"column":2},"end":{"line":36,"column":26}},"5":{"start":{"line":27,"column":4},"end":{"line":35,"column":5}},"6":{"start":{"line":28,"column":6},"end":{"line":28,"column":94}},"7":{"start":{"line":29,"column":6},"end":{"line":32,"column":8}},"8":{"start":{"line":34,"column":6},"end":{"line":34,"column":34}},"9":{"start":{"line":38,"column":19},"end":{"line":40,"column":5}},"10":{"start":{"line":38,"column":43},"end":{"line":40,"column":3}},"11":{"start":{"line":42,"column":20},"end":{"line":44,"column":5}},"12":{"start":{"line":42,"column":44},"end":{"line":44,"column":3}},"13":{"start":{"line":46,"column":2},"end":{"line":98,"column":4}}},"fnMap":{"0":{"name":"XpBar","decl":{"start":{"line":19,"column":16},"end":{"line":19,"column":21}},"loc":{"start":{"line":19,"column":84},"end":{"line":99,"column":1}},"line":19},"1":{"name":"(anonymous_1)","decl":{"start":{"line":26,"column":12},"end":{"line":26,"column":13}},"loc":{"start":{"line":26,"column":18},"end":{"line":36,"column":3}},"line":26},"2":{"name":"(anonymous_2)","decl":{"start":{"line":38,"column":36},"end":{"line":38,"column":37}},"loc":{"start":{"line":38,"column":43},"end":{"line":40,"column":3}},"line":38},"3":{"name":"(anonymous_3)","decl":{"start":{"line":42,"column":37},"end":{"line":42,"column":38}},"loc":{"start":{"line":42,"column":44},"end":{"line":44,"column":3}},"line":42}},"branchMap":{"0":{"loc":{"start":{"line":19,"column":54},"end":{"line":19,"column":68}},"type":"default-arg","locations":[{"start":{"line":19,"column":64},"end":{"line":19,"column":68}}],"line":19},"1":{"loc":{"start":{"line":22,"column":19},"end":{"line":22,"column":62}},"type":"cond-expr","locations":[{"start":{"line":22,"column":36},"end":{"line":22,"column":58}},{"start":{"line":22,"column":61},"end":{"line":22,"column":62}}],"line":22},"2":{"loc":{"start":{"line":27,"column":4},"end":{"line":35,"column":5}},"type":"if","locations":[{"start":{"line":27,"column":4},"end":{"line":35,"column":5}},{"start":{"line":33,"column":11},"end":{"line":35,"column":5}}],"line":27}},"s":{"0":0,"1":0,"2":0,"3":0,"4":0,"5":0,"6":0,"7":0,"8":0,"9":0,"10":0,"11":0,"12":0,"13":0},"f":{"0":0,"1":0,"2":0,"3":0},"b":{"0":[0],"1":[0,0],"2":[0,0]}}
,"C:\\Users\\J\\Desktop\\arch\\src\\components\\workout\\CompletionAnimation.tsx": {"path":"C:\\Users\\J\\Desktop\\arch\\src\\components\\workout\\CompletionAnimation.tsx","statementMap":{"0":{"start":{"line":25,"column":17},"end":{"line":25,"column":28}},"1":{"start":{"line":26,"column":40},"end":{"line":26,"column":55}},"2":{"start":{"line":27,"column":20},"end":{"line":27,"column":36}},"3":{"start":{"line":29,"column":2},"end":{"line":32,"column":9}},"4":{"start":{"line":30,"column":18},"end":{"line":30,"column":61}},"5":{"start":{"line":30,"column":35},"end":{"line":30,"column":55}},"6":{"start":{"line":31,"column":4},"end":{"line":31,"column":37}},"7":{"start":{"line":31,"column":17},"end":{"line":31,"column":36}},"8":{"start":{"line":35,"column":20},"end":{"line":45,"column":3}},"9":{"start":{"line":37,"column":6},"end":{"line":43,"column":9}},"10":{"start":{"line":37,"column":43},"end":{"line":43,"column":7}},"11":{"start":{"line":47,"column":18},"end":{"line":47,"column":43}},"12":{"start":{"line":48,"column":18},"end":{"line":48,"column":31}},"13":{"start":{"line":50,"column":2},"end":{"line":264,"column":4}},"14":{"start":{"line":64,"column":12},"end":{"line":86,"column":14}},"15":{"start":{"line":278,"column":17},"end":{"line":278,"column":28}},"16":{"start":{"line":279,"column":24},"end":{"line":279,"column":54}},"17":{"start":{"line":281,"column":2},"end":{"line":304,"column":4}}},"fnMap":{"0":{"name":"CompletionAnimation","decl":{"start":{"line":17,"column":16},"end":{"line":17,"column":35}},"loc":{"start":{"line":24,"column":29},"end":{"line":265,"column":1}},"line":24},"1":{"name":"(anonymous_1)","decl":{"start":{"line":29,"column":12},"end":{"line":29,"column":13}},"loc":{"start":{"line":29,"column":18},"end":{"line":32,"column":3}},"line":29},"2":{"name":"(anonymous_2)","decl":{"start":{"line":30,"column":29},"end":{"line":30,"column":30}},"loc":{"start":{"line":30,"column":35},"end":{"line":30,"column":55}},"line":30},"3":{"name":"(anonymous_3)","decl":{"start":{"line":31,"column":11},"end":{"line":31,"column":12}},"loc":{"start":{"line":31,"column":17},"end":{"line":31,"column":36}},"line":31},"4":{"name":"(anonymous_4)","decl":{"start":{"line":36,"column":4},"end":{"line":36,"column":5}},"loc":{"start":{"line":37,"column":6},"end":{"line":43,"column":9}},"line":37},"5":{"name":"(anonymous_5)","decl":{"start":{"line":37,"column":32},"end":{"line":37,"column":33}},"loc":{"start":{"line":37,"column":43},"end":{"line":43,"column":7}},"line":37},"6":{"name":"(anonymous_6)","decl":{"start":{"line":63,"column":25},"end":{"line":63,"column":26}},"loc":{"start":{"line":64,"column":12},"end":{"line":86,"column":14}},"line":64},"7":{"name":"Row","decl":{"start":{"line":267,"column":9},"end":{"line":267,"column":12}},"loc":{"start":{"line":277,"column":3},"end":{"line":305,"column":1}},"line":277}},"branchMap":{"0":{"loc":{"start":{"line":61,"column":7},"end":{"line":89,"column":7}},"type":"binary-expr","locations":[{"start":{"line":61,"column":7},"end":{"line":61,"column":18}},{"start":{"line":62,"column":8},"end":{"line":88,"column":15}}],"line":61},"1":{"loc":{"start":{"line":95,"column":19},"end":{"line":95,"column":38}},"type":"cond-expr","locations":[{"start":{"line":95,"column":33},"end":{"line":95,"column":34}},{"start":{"line":95,"column":37},"end":{"line":95,"column":38}}],"line":95},"2":{"loc":{"start":{"line":96,"column":17},"end":{"line":96,"column":38}},"type":"cond-expr","locations":[{"start":{"line":96,"column":31},"end":{"line":96,"column":32}},{"start":{"line":96,"column":35},"end":{"line":96,"column":38}}],"line":96},"3":{"loc":{"start":{"line":97,"column":22},"end":{"line":97,"column":42}},"type":"cond-expr","locations":[{"start":{"line":97,"column":36},"end":{"line":97,"column":37}},{"start":{"line":97,"column":40},"end":{"line":97,"column":42}}],"line":97},"4":{"loc":{"start":{"line":151,"column":32},"end":{"line":151,"column":51}},"type":"cond-expr","locations":[{"start":{"line":151,"column":46},"end":{"line":151,"column":47}},{"start":{"line":151,"column":50},"end":{"line":151,"column":51}}],"line":151},"5":{"loc":{"start":{"line":151,"column":65},"end":{"line":151,"column":85}},"type":"cond-expr","locations":[{"start":{"line":151,"column":79},"end":{"line":151,"column":80}},{"start":{"line":151,"column":83},"end":{"line":151,"column":85}}],"line":151},"6":{"loc":{"start":{"line":165,"column":32},"end":{"line":165,"column":51}},"type":"cond-expr","locations":[{"start":{"line":165,"column":46},"end":{"line":165,"column":47}},{"start":{"line":165,"column":50},"end":{"line":165,"column":51}}],"line":165},"7":{"loc":{"start":{"line":165,"column":65},"end":{"line":165,"column":85}},"type":"cond-expr","locations":[{"start":{"line":165,"column":79},"end":{"line":165,"column":80}},{"start":{"line":165,"column":83},"end":{"line":165,"column":85}}],"line":165},"8":{"loc":{"start":{"line":181,"column":30},"end":{"line":181,"column":49}},"type":"cond-expr","locations":[{"start":{"line":181,"column":44},"end":{"line":181,"column":45}},{"start":{"line":181,"column":48},"end":{"line":181,"column":49}}],"line":181},"9":{"loc":{"start":{"line":181,"column":63},"end":{"line":181,"column":83}},"type":"cond-expr","locations":[{"start":{"line":181,"column":77},"end":{"line":181,"column":78}},{"start":{"line":181,"column":81},"end":{"line":181,"column":83}}],"line":181},"10":{"loc":{"start":{"line":206,"column":13},"end":{"line":212,"column":13}},"type":"binary-expr","locations":[{"start":{"line":206,"column":13},"end":{"line":206,"column":40}},{"start":{"line":207,"column":14},"end":{"line":211,"column":16}}],"line":206},"11":{"loc":{"start":{"line":225,"column":9},"end":{"line":252,"column":9}},"type":"binary-expr","locations":[{"start":{"line":225,"column":9},"end":{"line":225,"column":18}},{"start":{"line":226,"column":10},"end":{"line":251,"column":21}}],"line":225},"12":{"loc":{"start":{"line":256,"column":30},"end":{"line":256,"column":49}},"type":"cond-expr","locations":[{"start":{"line":256,"column":44},"end":{"line":256,"column":45}},{"start":{"line":256,"column":48},"end":{"line":256,"column":49}}],"line":256},"13":{"loc":{"start":{"line":271,"column":2},"end":{"line":271,"column":14}},"type":"default-arg","locations":[{"start":{"line":271,"column":9},"end":{"line":271,"column":14}}],"line":271},"14":{"loc":{"start":{"line":279,"column":24},"end":{"line":279,"column":54}},"type":"binary-expr","locations":[{"start":{"line":279,"column":24},"end":{"line":279,"column":29}},{"start":{"line":279,"column":33},"end":{"line":279,"column":54}}],"line":279},"15":{"loc":{"start":{"line":288,"column":22},"end":{"line":288,"column":69}},"type":"cond-expr","locations":[{"start":{"line":288,"column":29},"end":{"line":288,"column":48}},{"start":{"line":288,"col
[...]
,"C:\\Users\\J\\Desktop\\arch\\src\\utils\\recommendations.ts": {"path":"C:\\Users\\J\\Desktop\\arch\\src\\utils\\recommendations.ts","statementMap":{"0":{"start":{"line":20,"column":25},"end":{"line":20,"column":86}},"1":{"start":{"line":21,"column":47},"end":{"line":26,"column":1}},"2":{"start":{"line":28,"column":46},"end":{"line":33,"column":1}},"3":{"start":{"line":46,"column":4},"end":{"line":46,"column":90}},"4":{"start":{"line":48,"column":4},"end":{"line":48,"column":85}},"5":{"start":{"line":51,"column":16},"end":{"line":51,"column":54}},"6":{"start":{"line":52,"column":23},"end":{"line":52,"column":48}},"7":{"start":{"line":54,"column":2},"end":{"line":62,"column":3}},"8":{"start":{"line":55,"column":4},"end":{"line":61,"column":6}},"9":{"start":{"line":65,"column":20},"end":{"line":67,"column":8}},"10":{"start":{"line":68,"column":20},"end":{"line":68,"column":82}},"11":{"start":{"line":69,"column":15},"end":{"line":69,"column":42}},"12":{"start":{"line":70,"column":19},"end":{"line":70,"column":39}},"13":{"start":{"line":71,"column":16},"end":{"line":71,"column":35}},"14":{"start":{"line":74,"column":2},"end":{"line":81,"column":3}},"15":{"start":{"line":75,"column":4},"end":{"line":80,"column":6}},"16":{"start":{"line":83,"column":2},"end":{"line":90,"column":4}},"17":{"start":{"line":102,"column":38},"end":{"line":102,"column":40}},"18":{"start":{"line":103,"column":18},"end":{"line":103,"column":55}},"19":{"start":{"line":106,"column":2},"end":{"line":122,"column":3}},"20":{"start":{"line":107,"column":4},"end":{"line":113,"column":7}},"21":{"start":{"line":114,"column":9},"end":{"line":122,"column":3}},"22":{"start":{"line":115,"column":4},"end":{"line":121,"column":7}},"23":{"start":{"line":125,"column":2},"end":{"line":133,"column":3}},"24":{"start":{"line":126,"column":4},"end":{"line":132,"column":7}},"25":{"start":{"line":136,"column":2},"end":{"line":153,"column":3}},"26":{"start":{"line":137,"column":4},"end":{"line":144,"column":7}},"27":{"start":{"line":145,"column":9},"end":{"line":153,"column":3}},"28":{"start":{"line":146,"column":4},"end":{"line":152,"column":7}},"29":{"start":{"line":156,"column":2},"end":{"line":165,"column":3}},"30":{"start":{"line":157,"column":4},"end":{"line":164,"column":7}},"31":{"start":{"line":168,"column":2},"end":{"line":187,"column":3}},"32":{"start":{"line":169,"column":19},"end":{"line":169,"column":39}},"33":{"start":{"line":170,"column":4},"end":{"line":186,"column":5}},"34":{"start":{"line":171,"column":6},"end":{"line":177,"column":9}},"35":{"start":{"line":178,"column":11},"end":{"line":186,"column":5}},"36":{"start":{"line":179,"column":6},"end":{"line":185,"column":9}},"37":{"start":{"line":190,"column":2},"end":{"line":206,"column":3}},"38":{"start":{"line":191,"column":4},"end":{"line":197,"column":7}},"39":{"start":{"line":198,"column":9},"end":{"line":206,"column":3}},"40":{"start":{"line":199,"column":4},"end":{"line":205,"column":7}},"41":{"start":{"line":209,"column":2},"end":{"line":241,"column":3}},"42":{"start":{"line":210,"column":49},"end":{"line":210,"column":51}},"43":{"start":{"line":211,"column":18},"end":{"line":211,"column":35}},"44":{"start":{"line":213,"column":4},"end":{"line":221,"column":5}},"45":{"start":{"line":214,"column":6},"end":{"line":220,"column":7}},"46":{"start":{"line":215,"column":25},"end":{"line":215,"column":70}},"47":{"start":{"line":215,"column":43},"end":{"line":215,"column":69}},"48":{"start":{"line":216,"column":8},"end":{"line":216,"column":32}},"49":{"start":{"line":216,"column":23},"end":{"line":216,"column":32}},"50":{"start":{"line":217,"column":8},"end":{"line":219,"column":9}},"51":{"start":{"line":218,"column":10},"end":{"line":218,"column":82}},"52":{"start":{"line":223,"column":20},"end":{"line":223,"column":48}},"53":{"start":{"line":224,"column":4},"end":{"line":240,"column":5}},"54":{"start":{"line":225,"column":6},"end":{"line":225,"column":42}},"55":{"start":{"line":225,"column":29},"end":{"line":225,"column":40}},"56":{"start":{"line":226,"column":36},"end":{"line":226,"column":46}},"57":{"start":{"line":227,"column":25},"end":{"line":227,"column":55}},"58":{"start":{"line":228,"column":20},"end":{"line":228,"column":39}},"59":{"start":{"line":230,"column":6},"end":{"line":239,"column":7}},"60":{"start":{"line":231,"column":30},"end":{"line":231,"column":62}},"61":{"start":{"line":232,"column":8},"end":{"line":238,"column":11}},"62":{"start":{"line":244,"column":2},"end":{"line":244,"column":70}},"63":{"start":{"line":244,"column":33},"end":{"line":244,"column":56}}},"fnMap":{"0":{"name":"getRecommendation","decl":{"start":{"line":41,"column":16},"end":{"line":41,"column":33}},"loc":{"start":{"line":44,"column":25},"end":{"line":91,"column":1}},"line":44},"1":{"name":"getTrainingInsights","decl":{"start":{"line":97,"column":16},"end":{"line":97,"column":35}},"loc":{"start":{"line":101,"column":21},"end":{"line":245,"column":1}},"line":101},"2":{"name":"(anonymous_2)","decl":{"start":{"line":215,"column":36},"end":{"line":215,"column":37}},"loc":{"start":{"line":215,"column":43},"end":{"line":215,"column":69}},"line":215},"3":{"name":"(anonymous_3)","decl":{"start":{"line":225,"column":19},"end":{"line":225,"column":20}},"loc":{"start":{"line":225,"column":29},"end":{"line":225,"column":40}},"line":225},"4":{"name":"(anonymous_4)","decl":{"start":{"line":244,"column":23},"end":{"line":244,"column":24}},"loc":{"start":{"line":244,"column":33},"end":{"line":244,"column":56}},"line":244}},"branchMap":{"0":{"loc":{"start":{"line":46,"column":4},"end":{"line":46,"column":90}},"type":"cond-expr","locations":[{"start":{"line":46,"column":32},"end":{"line":46,"column":83}},{"start":{"line":46,"column":86},"end":{"line":46,"column":90}}],"line":46},"1":{"loc":{"start":{"line":48,"column":4},"end":{"line":48,"column":85}},"type":"cond-expr","locations":[{"start":{"line":48,"column":32},"end":{"line":48,"column":78}},{"start":{"line":48,"column":81},"end":{"line":48,"column":85}}],"line":48},"2":{"loc":{"start":{"line":54,"column":2},"end":{"line":62,"column":3}},"type":"if","locations":[{"start":{"line":54,"column":2},"end":{"line":62,"column":3}},{"start":{},"end":{}}],"line":54},"3":{"loc":{"start":{"line":65,"column":20},"end":{"line":67,"column":8}},"type":"cond-expr","locations":[{"start":{"line":66,"column":6},"end":{"line":66,"column":82}},{"start":{"line":67,"column":6},"end":{"line":67,"column":8}}],"line":65},"4":{"loc":{"start":{"line":68,"column":20},"end":{"line":68,"column":82}},"type":"cond-expr","locations":[{"start":{"line":68,"column":37},"end":{"line":68,"column":78}},{"start":{"line":68,"column":81},"end":{"line":68,"column":82}}],"line":68},"5":{"loc":{"start":{"line":74,"column":2},"end":{"line":81,"column":3}},"type":"if","locations":[{"start":{"line":74,"column":2},"end":{"line":81,"column":3}},{"start":{},"end":{}}],"line":74},"6":{"loc":{"start":{"line":87,"column":15},"end":{"line":89,"column":110}},"type":"cond-expr","locations":[{"start":{"line":88,"column":8},"end":{"line":88,"column":105}},{"start":{"line":89,"column":8},"end":{"line":89,"column":110}}],"line":87},"7":{"loc":{"start":{"line":106,"column":2},"end":{"line":122,"column":3}},"type":"if","locations":[{"start":{"line":106,"column":2},"end":{"line":122,"column":3}},{"start":{"line":114,"column":9},"end":{"line":122,"column":3}}],"line":106},"8":{"loc":{"start":{"line":114,"column":9},"end":{"line":122,"column":3}},"type":"if","locations":[{"start":{"line":114,"column":9},"end":{"line":122,"column":3}},{"start":{},"end":{}}],"line":114},"9":{"loc":{"start":{"line":125,"column":2},"end":{"line":133,"column":3}},"type":"if","locations":[{"start":{"line":125,"column":2},"end":{"line":133,"column":3}},{"start":{},"end":{}}],"line":125},"10":{"loc":{"start":{"line":136,"column":2},"end":{"line":153,"column":3}},"type":"if","locations":[{"start":{"line":136,"column":2},"end":{"line":153,"column":3}},{"start":{"line":145,"column":9},"end":{"line":153,"column":3}}],"line":136},"11":{"loc":{"start":{"line":145,"column":9},"end":{"line":153,"column":3}},"type":"if","locations":[{"start":{"line":145,"column":9},"end":{"line":153,"column":3}},{"start":{},"end":{}}],"line":145},"12":{"loc":{"start":{"line":145,"column":13},"end":{"line":145,"column":70}},"type":"binary-expr","locations":[{"start":{"line":145,"column":13},"end":{"line":145,"column":41}},{"start":{"line":145,"column":45},"end":{"line":145,"column":70}}],"line":145},"13":{"loc":{"start":{"line":156,"column":2},"end":{"line":165,"column":3}},"type":"if","locations":[{"start":{"line":156,"column":2},"end":{"line":165,"column":3}},{"start":{},"end":{}}],"line":156},"14":{"loc":{"start":{"line":168,"column":2},"end":{"line":187,"column":3}},"type":"if","locations":[{"start":{"line":168,"column":2},"end":{"line":187,"column":3}},{"start":{},"end":{}}],"line":168},"15":{"loc":{"start":{"line":170,"column":4},"end":{"line":186,"column":5}},"type":"if","locations":[{"start":{"line":170,"column":4},"end":{"line":186,"column":5}},{"start":{"line":178,"column":11},"end":{"line":186,"column":5}}],"line":170},"16":{"loc":{"start":{"line":178,"column":11},"end":{"line":186,"column":5}},"type":"if","locations":[{"start":{"line":178,"column":11},"end":{"line":186,"column":5}},{"start":{},"end":{}}],"line":178},"17":{"loc":{"start":{"line":190,"column":2},"end":{"line":206,"column":3}},"type":"if","locations":[{"start":{"line":190,"column":2},"end":{"line":206,"column":3}},{"start":{"line":198,"column":9},"end":{"line":206,"column":3}}],"line":190},"18":{"loc":{"start":{"line":190,"column":6},"end":{"line":190,"column":40}},"type":"binary-expr","locations":[{"start":{"line":190,"column":6},"end":{"line":190,"column":21}},{"start":{"line":190,"column":25},"end":{"line":190,"column":40}}],"line":190},"19":{"loc":{"start":{"line":198,"column":9},"end":{"line":206,"column":3}},"type":"if","locations":[{"start":{"line":198,"column":9},"end":{"line":206,"column":3}},{"start":{},"end":{}}],"line":198},"20":{"loc":{"start":{"line":209,"column":2},"end":{"line":241,"column":3}},"type":"if","locations":[{"start":{"line":209,"column":2},"end":{"line":241,"column":3}},{"start":{},"end":{}}],"line":209},"21":{"loc":{"start":{"line":214,"column":27},"end":{"line":214,"column":50}},"type":"binary-expr","locations":[{"start":{"line":214,"column":27},"end":{"line":214,"column":44}},{"start":{"line":214,"column":48},"end":{"line":214,"column":50}}],"line":214},"22":{"loc":{"start":{"line":216,"column":8},"end":{"line":216,"column":32}},"type":"if","locations":[{"start":{"line":216,"column":8},"end":{"line":216,"column":32}},{"start":{},"end":{}}],"line":216},"23":{"loc":{"start":{"line":218,"column":34},"end":{"line":218,"column":59}},"type":"binary-expr","locations":[{"start":{"line":218,"column":34},"end":{"line":218,"column":54}},{"start":{"line":218,"column":58},"end":{"line":218,"column":59}}],"line":218},"24":{"loc":{"start":{"line":218,"column":64},"end":{"line":218,"column":80}},"type":"binary-expr","locations":[{"start":{"line":218,"column":64},"end":{"line":218,"column":75}},{"start":{"line":218,"column":79},"end":{"line":218,"column":80}}],"line":218},"25":{"loc":{"start":{"line":224,"column":4},"end":{"line":240,"column":5}},"type":"if","locations":[{"start":{"line":224,"column":4},"end":{"line":240,"column":5}},{"start":{},"end":{}}],"line":224},"26":{"loc":{"start":{"line":230,"column":6},"end":{"line":239,"column":7}},"type":"if","locations":[{"start":{"line":230,"column":6},"end":{"line":239,"column":7}},{"start":{},"end":{}}],"line":230},"27":{"loc":{"start":{"line":230,"column":10},"end":{"line":230,"column":40}},"type":"binary-expr","locations":[{"start":{"line":230,"column":10},"end":{"line":230,"column":21}},{"start":{"line":230,"column":25},"end":{"line":230,"column":40}}],"line":230}},"s":{"0":1,"1":1,"2":1,"3":7,"4":7,"5":7,"6":7,"7":7,"8":1,"9":6,"10":6,"11":6,"12":6,"13":6,"14":6,"15":1,"16":5,"17":7,"18":7,"19":7,"20":1,"21":6,"22":1,"23":7,"24":0,"25":7,"26":1,"27":6,"28":5,"29":7,"30":4,"31":7,"32":0,"33":0,"34":0,"35":0,"36":0,"37":7,"38":3,"39":4,"40":1,"41":7,"42":2,"43":2,"44":2,"45":20,"46":50,"47":150,"48":50,"49":0,"50":50,"51":120,"52":2,"53":2,"54":2,"55":10,"56":2,"57":2,"58":2,"59":2,"60":0,"61":0,"62":7,"63":18},"f":{"0":7,"1":7,"2":150,"3":10,"4":18},"b":{"0":[6,1],"1":[6,1],"2":[1,6],"3":[5,1],"4":[5,1],"5":[1,5],"6":[4,1],"7":[1,6],"8":[1,5],"9":[0,7],"10":[1,6],"11":[5,1],"12":[6,6],"13":[4,3],"14":[0,7],"15":[0,0],"16":[0,0],"17":[3,4],"18":[7,4],"19":[1,3],"20":[2,5],"21":[20,0],"22":[0,50],"23":[120,12],"24":[120,0],"25":[2,0],"26":[0,2],"27":[2,0]},"_coverageSchema":"1a1c01bbd47fc00a2c39e90264f33305004495a9","hash":"87fd32c15a76bfb247376e3b283607003f1485a4"}
,"C:\\Users\\J\\Desktop\\arch\\src\\utils\\streak.ts": {"path":"C:\\Users\\J\\Desktop\\arch\\src\\utils\\streak.ts","statementMap":{"0":{"start":{"line":14,"column":2},"end":{"line":16,"column":3}},"1":{"start":{"line":15,"column":4},"end":{"line":15,"column":95}},"2":{"start":{"line":18,"column":17},"end":{"line":18,"column":60}},"3":{"start":{"line":19,"column":20},"end":{"line":19,"column":35}},"4":{"start":{"line":20,"column":24},"end":{"line":20,"column":43}},"5":{"start":{"line":22,"column":22},"end":{"line":22,"column":23}},"6":{"start":{"line":23,"column":2},"end":{"line":35,"column":3}},"7":{"start":{"line":24,"column":4},"end":{"line":24,"column":22}},"8":{"start":{"line":25,"column":4},"end":{"line":34,"column":5}},"9":{"start":{"line":25,"column":17},"end":{"line":25,"column":18}},"10":{"start":{"line":26,"column":23},"end":{"line":26,"column":46}},"11":{"start":{"line":27,"column":23},"end":{"line":27,"column":42}},"12":{"start":{"line":28,"column":23},"end":{"line":28,"column":54}},"13":{"start":{"line":29,"column":6},"end":{"line":33,"column":7}},"14":{"start":{"line":30,"column":8},"end":{"line":30,"column":24}},"15":{"start":{"line":32,"column":8},"end":{"line":32,"column":14}},"16":{"start":{"line":38,"column":22},"end":{"line":38,"column":23}},"17":{"start":{"line":39,"column":19},"end":{"line":39,"column":20}},"18":{"start":{"line":40,"column":2},"end":{"line":50,"column":3}},"19":{"start":{"line":40,"column":15},"end":{"line":40,"column":16}},"20":{"start":{"line":41,"column":21},"end":{"line":41,"column":44}},"21":{"start":{"line":42,"column":21},"end":{"line":42,"column":40}},"22":{"start":{"line":43,"column":21},"end":{"line":43,"column":52}},"23":{"start":{"line":44,"column":4},"end":{"line":49,"column":5}},"24":{"start":{"line":45,"column":6},"end":{"line":45,"column":19}},"25":{"start":{"line":47,"column":6},"end":{"line":47,"column":58}},"26":{"start":{"line":48,"column":6},"end":{"line":48,"column":21}},"27":{"start":{"line":51,"column":2},"end":{"line":51,"column":54}},"28":{"start":{"line":53,"column":2},"end":{"line":58,"column":4}},"29":{"start":{"line":62,"column":2},"end":{"line":62,"column":124}},"30":{"start":{"line":66,"column":17},"end":{"line":66,"column":31}},"31":{"start":{"line":67,"column":2},"end":{"line":67,"column":42}},"32":{"start":{"line":68,"column":2},"end":{"line":68,"column":16}},"33":{"start":{"line":72,"column":19},"end":{"line":72,"column":38}},"34":{"start":{"line":73,"column":2},"end":{"line":73,"column":68}}},"fnMap":{"0":{"name":"calculateStreak","decl":{"start":{"line":10,"column":16},"end":{"line":10,"column":31}},"loc":{"start":{"line":13,"column":14},"end":{"line":59,"column":1}},"line":13},"1":{"name":"getDateString","decl":{"start":{"line":61,"column":9},"end":{"line":61,"column":22}},"loc":{"start":{"line":61,"column":43},"end":{"line":63,"column":1}},"line":61},"2":{"name":"addDays","decl":{"start":{"line":65,"column":9},"end":{"line":65,"column":16}},"loc":{"start":{"line":65,"column":49},"end":{"line":69,"column":1}},"line":65},"3":{"name":"daysBetween","decl":{"start":{"line":71,"column":9},"end":{"line":71,"column":20}},"loc":{"start":{"line":71,"column":47},"end":{"line":74,"column":1}},"line":71}},"branchMap":{"0":{"loc":{"start":{"line":12,"column":2},"end":{"line":12,"column":33}},"type":"default-arg","locations":[{"start":{"line":12,"column":18},"end":{"line":12,"column":33}}],"line":12},"1":{"loc":{"start":{"line":14,"column":2},"end":{"line":16,"column":3}},"type":"if","locations":[{"start":{"line":14,"column":2},"end":{"line":16,"column":3}},{"start":{},"end":{}}],"line":14},"2":{"loc":{"start":{"line":23,"column":2},"end":{"line":35,"column":3}},"type":"if","locations":[{"start":{"line":23,"column":2},"end":{"line":35,"column":3}},{"start":{},"end":{}}],"line":23},"3":{"loc":{"start":{"line":23,"column":6},"end":{"line":23,"column":74}},"type":"binary-expr","locations":[{"start":{"line":23,"column":6},"end":{"line":23,"column":19}},{"start":{"line":23,"column":23},"end":{"line":23,"column":74}}],"line":23},"4":{"loc":{"start":{"line":29,"column":6},"end":{"line":33,"column":7}},"type":"if","locations":[{"start":{"line":29,"column":6},"end":{"line":33,"column":7}},{"start":{"line":31,"column":13},"end":{"line":33,"column":7}}],"line":29},"5":{"loc":{"start":{"line":44,"column":4},"end":{"line":49,"column":5}},"type":"if","locations":[{"start":{"line":44,"column":4},"end":{"line":49,"column":5}},{"start":{"line":46,"column":11},"end":{"line":49,"column":5}}],"line":44}},"s":{"0":13,"1":2,"2":11,"3":11,"4":11,"5":11,"6":11,"7":8,"8":8,"9":8,"10":13,"11":13,"12":13,"13":13,"14":11,"15":2,"16":11,"17":11,"18":11,"19":11,"20":18,"21":18,"22":18,"23":18,"24":16,"25":2,"26":2,"27":11,"28":11,"29":4,"30":4,"31":4,"32":4,"33":31,"34":31},"f":{"0":13,"1":4,"2":4,"3":31},"b":{"0":[3],"1":[2,11],"2":[8,3],"3":[11,4],"4":[11,2],"5":[16,2]},"_coverageSchema":"1a1c01bbd47fc00a2c39e90264f33305004495a9","hash":"8a9b4f6f416737cfa12e5806435d7ea0a4bdbdae"}
,"C:\\Users\\J\\Desktop\\arch\\src\\utils\\xp.ts": {"path":"C:\\Users\\J\\Desktop\\arch\\src\\utils\\xp.ts","statementMap":{"0":{"start":{"line":3,"column":26},"end":{"line":3,"column":28}},"1":{"start":{"line":4,"column":35},"end":{"line":4,"column":37}},"2":{"start":{"line":5,"column":31},"end":{"line":5,"column":33}},"3":{"start":{"line":6,"column":32},"end":{"line":6,"column":35}},"4":{"start":{"line":20,"column":15},"end":{"line":20,"column":41}},"5":{"start":{"line":21,"column":26},"end":{"line":21,"column":72}},"6":{"start":{"line":22,"column":22},"end":{"line":22,"column":50}},"7":{"start":{"line":23,"column":16},"end":{"line":23,"column":64}},"8":{"start":{"line":25,"column":2},"end":{"line":30,"column":4}},"9":{"start":{"line":34,"column":2},"end":{"line":34,"column":26}}},"fnMap":{"0":{"name":"calculateWorkoutXp","decl":{"start":{"line":15,"column":16},"end":{"line":15,"column":34}},"loc":{"start":{"line":19,"column":15},"end":{"line":31,"column":1}},"line":19},"1":{"name":"calculateDailyMissionXp","decl":{"start":{"line":33,"column":16},"end":{"line":33,"column":39}},"loc":{"start":{"line":33,"column":50},"end":{"line":35,"column":1}},"line":33}},"branchMap":{"0":{"loc":{"start":{"line":17,"column":2},"end":{"line":17,"column":24}},"type":"default-arg","locations":[{"start":{"line":17,"column":23},"end":{"line":17,"column":24}}],"line":17},"1":{"loc":{"start":{"line":18,"column":2},"end":{"line":18,"column":39}},"type":"default-arg","locations":[{"start":{"line":18,"column":34},"end":{"line":18,"column":39}}],"line":18},"2":{"loc":{"start":{"line":21,"column":26},"end":{"line":21,"column":72}},"type":"cond-expr","locations":[{"start":{"line":21,"column":49},"end":{"line":21,"column":68}},{"start":{"line":21,"column":71},"end":{"line":21,"column":72}}],"line":21}},"s":{"0":2,"1":2,"2":2,"3":2,"4":8,"5":8,"6":8,"7":8,"8":8,"9":2},"f":{"0":8,"1":2},"b":{"0":[2],"1":[3],"2":[4,4]},"_coverageSchema":"1a1c01bbd47fc00a2c39e90264f33305004495a9","hash":"ba315e6ed15126cded5251c81cfd8d73da1d91be"}
}
