TN:
SF:src\components\home\DailyMission.tsx
FN:13,DailyMission
FNF:1
FNH:0
FNDA:0,DailyMission
DA:19,0
DA:20,0
LF:2
LH:0
BRDA:15,0,0,0
BRDA:16,1,0,0
BRDA:23,2,0,0
BRDA:23,2,1,0
BRDA:25,3,0,0
BRDA:25,3,1,0
BRDA:41,4,0,0
BRDA:41,4,1,0
BRDA:57,5,0,0
BRDA:57,5,1,0
BRDA:79,6,0,0
BRDA:79,6,1,0
BRDA:91,7,0,0
BRDA:91,7,1,0
BRDA:91,7,2,0
BRDA:97,8,0,0
BRDA:97,8,1,0
BRDA:116,9,0,0
BRDA:116,9,1,0
BRDA:128,10,0,0
BRDA:128,10,1,0
BRDA:140,11,0,0
BRDA:140,11,1,0
BRDA:152,12,0,0
BRDA:152,12,1,0
BRF:25
BRH:0
end_of_record
TN:
SF:src\components\home\RecoveryStatus.tsx
FN:9,RecoveryStatus
FNF:1
FNH:0
FNDA:0,RecoveryStatus
DA:10,0
DA:12,0
DA:33,0
DA:35,0
LF:4
LH:0
BRDA:69,0,0,0
BRDA:69,0,1,0
BRF:2
BRH:0
end_of_record
TN:
SF:src\components\home\StreakDisplay.tsx
FN:9,StreakDisplay
FNF:1
FNH:0
FNDA:0,StreakDisplay
DA:10,0
DA:12,0
DA:13,0
DA:15,0
LF:4
LH:0
BRDA:23,0,0,0
BRDA:23,0,1,0
BRDA:33,1,0,0
BRDA:33,1,1,0
BRDA:37,2,0,0
BRDA:37,2,1,0
BRDA:41,3,0,0
BRDA:41,3,1,0
BRDA:42,4,0,0
BRDA:42,4,1,0
BRDA:42,5,0,0
BRDA:42,5,1,0
BRDA:50,6,0,0
BRDA:50,6,1,0
BRDA:83,7,0,0
BRDA:83,7,1,0
BRDA:88,8,0,0
BRDA:88,8,1,0
BRF:18
BRH:0
end_of_record
TN:
SF:src\components\skill-tree\SkillDetailSheet.tsx
FN:11,SkillDetailSheet
FN:182,(anonymous_1)
FN:273,(anonymous_2)
FNF:3
FNH:0
FNDA:0,SkillDetailSheet
FNDA:0,(anonymous_1)
FNDA:0,(anonymous_2)
DA:12,0
DA:14,0
DA:15,0
DA:17,0
DA:184,0
DA:185,0
DA:274,0
LF:7
LH:0
BRDA:129,0,0,0
BRDA:129,0,1,0
BRDA:164,1,0,0
BRDA:164,1,1,0
BRDA:184,2,0,0
BRDA:184,2,1,0
BRDA:184,3,0,0
BRDA:184,3,1,0
BRDA:296,4,0,0
BRDA:296,4,1,0
BRF:10
BRH:0
end_of_record
TN:
SF:src\components\skill-tree\SkillNode.tsx
FN:25,SkillNode
FN:152,(anonymous_1)
FNF:2
FNH:0
FNDA:0,SkillNode
FNDA:0,(anonymous_1)
DA:13,0
DA:19,0
DA:26,0
DA:28,0
DA:34,0
DA:36,0
DA:153,0
LF:7
LH:0
BRDA:28,0,0,0
BRDA:28,0,1,0
BRDA:30,1,0,0
BRDA:30,1,1,0
BRDA:43,2,0,0
BRDA:43,2,1,0
BRDA:45,3,0,0
BRDA:45,3,1,0
BRDA:49,4,0,0
BRDA:49,4,1,0
BRDA:51,5,0,0
BRDA:51,5,1,0
BRDA:59,6,0,0
BRDA:59,6,1,0
BRDA:68,7,0,0
BRDA:68,7,1,0
BRDA:68,8,0,0
BRDA:68,8,1,0
BRDA:80,9,0,0
BRDA:80,9,1,0
BRDA:89,10,0,0
BRDA:89,10,1,0
BRDA:90,11,0,0
BRDA:90,11,1,0
BRDA:90,11,2,0
BRDA:134,12,0,0
BRDA:134,12,1,0
BRDA:165,13,0,0
BRDA:165,13,1,0
BRDA:167,14,0,0
BRDA:167,14,1,0
BRDA:182,15,0,0
BRDA:182,15,1,0
BRDA:184,16,0,0
BRDA:184,16,1,0
BRDA:187,17,0,0
BRDA:187,17,1,0
BRF:37
BRH:0
end_of_record
TN:
SF:src\components\skill-tree\SkillTreeView.tsx
FN:28,BranchHeader
FN:111,EmptyState
FN:152,SkillTreeView
FN:156,(anonymous_3)
FN:159,(anonymous_4)
FN:173,(anonymous_5)
FN:178,(anonymous_6)
FN:208,(anonymous_7)
FN:210,(anonymous_8)
FN:213,(anonymous_9)
FN:221,(anonymous_10)
FN:224,(anonymous_11)
FN:242,(anonymous_12)
FN:247,(anonymous_13)
FN:252,(anonymous_14)
FN:288,(anonymous_15)
FN:295,(anonymous_16)
FN:318,(anonymous_17)
FN:388,(anonymous_18)
FNF:19
FNH:0
FNDA:0,BranchHeader
FNDA:0,EmptyState
FNDA:0,SkillTreeView
FNDA:0,(anonymous_3)
FNDA:0,(anonymous_4)
FNDA:0,(anonymous_5)
FNDA:0,(anonymous_6)
FNDA:0,(anonymous_7)
FNDA:0,(anonymous_8)
FNDA:0,(anonymous_9)
FNDA:0,(anonymous_10)
FNDA:0,(anonymous_11)
FNDA:0,(anonymous_12)
FNDA:0,(anonymous_13)
FNDA:0,(anonymous_14)
FNDA:0,(anonymous_15)
FNDA:0,(anonymous_16)
FNDA:0,(anonymous_17)
FNDA:0,(anonymous_18)
DA:16,0
DA:29,0
DA:31,0
DA:112,0
DA:113,0
DA:153,0
DA:154,0
DA:155,0
DA:156,0
DA:159,0
DA:160,0
DA:161,0
DA:162,0
DA:163,0
DA:164,0
DA:168,0
DA:173,0
DA:174,0
DA:177,0
DA:178,0
DA:179,0
DA:180,0
DA:181,0
DA:187,0
DA:188,0
DA:189,0
DA:190,0
DA:191,0
DA:198,0
DA:199,0
DA:200,0
DA:204,0
DA:208,0
DA:209,0
DA:210,0
DA:213,0
DA:214,0
DA:215,0
DA:217,0
DA:221,0
DA:222,0
DA:223,0
DA:224,0
DA:225,0
DA:227,0
DA:230,0
DA:243,0
DA:245,0
DA:247,0
DA:249,0
DA:253,0
DA:254,0
DA:289,0
DA:296,0
DA:318,0
DA:388,0
LF:56
LH:0
BRDA:122,0,0,0
BRDA:122,0,1,0
BRDA:122,1,0,0
BRDA:122,1,1,0
BRDA:122,2,0,0
BRDA:122,2,1,0
BRDA:162,3,0,0
BRDA:162,3,1,0
BRDA:163,4,0,0
BRDA:163,4,1,0
BRDA:179,5,0,0
BRDA:179,5,1,0
BRDA:187,6,0,0
BRDA:187,6,1,0
BRDA:190,7,0,0
BRDA:190,7,1,0
BRDA:199,8,0,0
BRDA:199,8,1,0
BRDA:209,9,0,0
BRDA:209,9,1,0
BRDA:214,10,0,0
BRDA:214,10,1,0
BRDA:222,11,0,0
BRDA:222,11,1,0
BRDA:225,12,0,0
BRDA:225,12,1,0
BRDA:245,13,0,0
BRDA:245,13,1,0
BRDA:247,14,0,0
BRDA:247,14,1,0
BRDA:261,15,0,0
BRDA:261,15,1,0
BRDA:263,16,0,0
BRDA:263,16,1,0
BRDA:270,17,0,0
BRDA:270,17,1,0
BRDA:292,18,0,0
BRDA:292,18,1,0
BRDA:298,19,0,0
BRDA:298,19,1,0
BRDA:304,20,0,0
BRDA:304,20,1,0
BRDA:376,21,0,0
BRDA:376,21,1,0
BRF:44
BRH:0
end_of_record
TN:
SF:src\components\ui\BodySilhouette.tsx
FN:496,getMuscleStyle
FN:510,BodySilhouette
FN:518,(anonymous_2)
FN:527,(anonymous_3)
FN:546,(anonymous_4)
FN:549,(anonymous_5)
FN:576,(anonymous_6)
FN:581,(anonymous_7)
FN:596,(anonymous_8)
FN:613,(anonymous_9)
FN:622,(anonymous_10)
FNF:11
FNH:0
FNDA:0,getMuscleStyle
FNDA:0,BodySilhouette
FNDA:0,(anonymous_2)
FNDA:0,(anonymous_3)
FNDA:0,(anonymous_4)
FNDA:0,(anonymous_5)
FNDA:0,(anonymous_6)
FNDA:0,(anonymous_7)
FNDA:0,(anonymous_8)
FNDA:0,(anonymous_9)
FNDA:0,(anonymous_10)
DA:28,0
DA:205,0
DA:458,0
DA:476,0
DA:497,0
DA:498,0
DA:500,0
DA:501,0
DA:502,0
DA:504,0
DA:505,0
DA:515,0
DA:516,0
DA:518,0
DA:519,0
DA:520,0
DA:521,0
DA:523,0
DA:526,0
DA:527,0
DA:531,0
DA:533,0
DA:547,0
DA:549,0
DA:577,0
DA:582,0
DA:583,0
DA:584,0
DA:585,0
DA:587,0
DA:596,0
DA:614,0
DA:615,0
DA:616,0
DA:617,0
DA:619,0
DA:622,0
LF:37
LH:0
BRDA:497,0,0,0
BRDA:497,0,1,0
BRDA:497,1,0,0
BRDA:497,1,1,0
BRDA:500,2,0,0
BRDA:500,2,1,0
BRDA:527,3,0,0
BRDA:527,3,1,0
BRDA:531,4,0,0
BRDA:531,4,1,0
BRDA:555,5,0,0
BRDA:555,5,1,0
BRDA:562,6,0,0
BRDA:562,6,1,0
BRDA:568,7,0,0
BRDA:568,7,1,0
BRDA:585,8,0,0
BRDA:585,8,1,0
BRDA:591,9,0,0
BRDA:591,9,1,0
BRDA:591,10,0,0
BRDA:591,10,1,0
BRDA:592,11,0,0
BRDA:592,11,1,0
BRDA:592,12,0,0
BRDA:592,12,1,0
BRDA:593,13,0,0
BRDA:593,13,1,0
BRDA:593,14,0,0
BRDA:593,14,1,0
BRDA:594,15,0,0
BRDA:594,15,1,0
BRDA:595,16,0,0
BRDA:595,16,1,0
BRDA:595,17,0,0
BRDA:595,17,1,0
BRDA:617,18,0,0
BRDA:617,18,1,0
BRDA:628,19,0,0
BRDA:628,19,1,0
BRDA:630,20,0,0
BRDA:630,20,1,0
BRDA:634,21,0,0
BRDA:634,21,1,0
BRDA:645,22,0,0
BRDA:645,22,1,0
BRDA:646,23,0,0
BRDA:646,23,1,0
BRDA:652,24,0,0
BRDA:652,24,1,0
BRDA:654,25,0,0
BRDA:654,25,1,0
BRDA:658,26,0,0
BRDA:658,26,1,0
BRF:54
BRH:0
end_of_record
TN:
SF:src\components\ui\Button.tsx
FN:14,Button
FNF:1
FNH:0
FNDA:0,Button
DA:23,0
DA:25,0
DA:31,0
DA:46,0
DA:52,0
LF:5
LH:0
BRDA:17,0,0,0
BRDA:18,1,0,0
BRDA:19,2,0,0
BRDA:20,3,0,0
BRDA:21,4,0,0
BRDA:55,5,0,0
BRDA:55,5,1,0
BRDA:57,6,0,0
BRDA:57,6,1,0
BRDA:59,7,0,0
BRDA:59,7,1,0
BRDA:64,8,0,0
BRDA:64,8,1,0
BRDA:69,9,0,0
BRDA:69,9,1,0
BRDA:87,10,0,0
BRDA:87,10,1,0
BRDA:87,11,0,0
BRDA:87,11,1,0
BRDA:90,12,0,0
BRDA:90,12,1,0
BRF:21
BRH:0
end_of_record
TN:
SF:src\components\ui\ErrorBoundary.tsx
FN:32,(anonymous_0)
FN:37,(anonymous_1)
FN:41,(anonymous_2)
FN:53,(anonymous_3)
FN:57,(anonymous_4)
FN:72,DefaultFallback
FN:200,(anonymous_6)
FNF:7
FNH:0
FNDA:0,(anonymous_0)
FNDA:0,(anonymous_1)
FNDA:0,(anonymous_2)
FNDA:0,(anonymous_3)
FNDA:0,(anonymous_4)
FNDA:0,DefaultFallback
FNDA:0,(anonymous_6)
DA:33,0
DA:34,0
DA:38,0
DA:43,0
DA:47,0
DA:48,0
DA:49,0
DA:53,0
DA:54,0
DA:58,0
DA:59,0
DA:60,0
DA:65,0
DA:67,0
DA:73,0
DA:74,0
DA:75,0
DA:200,0
LF:18
LH:0
BRDA:44,0,0,0
BRDA:44,0,1,0
BRDA:47,1,0,0
BRDA:47,1,1,0
BRDA:58,2,0,0
BRDA:58,2,1,0
BRDA:58,3,0,0
BRDA:58,3,1,0
BRDA:59,4,0,0
BRDA:59,4,1,0
BRDA:151,5,0,0
BRDA:151,5,1,0
BRDA:155,6,0,0
BRDA:155,6,1,0
BRDA:155,6,2,0
BRF:15
BRH:0
end_of_record
TN:
SF:src\components\ui\HUDModule.tsx
FN:12,HUDModule
FNF:1
FNH:0
FNDA:0,HUDModule
DA:13,0
DA:16,0
DA:24,0
LF:3
LH:0
BRDA:12,0,0,0
BRDA:16,1,0,0
BRDA:16,1,1,0
BRDA:18,2,0,0
BRDA:18,2,1,0
BRDA:20,3,0,0
BRDA:20,3,1,0
BRDA:37,4,0,0
BRDA:37,4,1,0
BRF:9
BRH:0
end_of_record
TN:
SF:src\components\ui\LevelBadge.tsx
FN:9,getLevelTitle
FN:18,getChevrons
FN:26,LevelBadge
FN:90,(anonymous_3)
FNF:4
FNH:0
FNDA:0,getLevelTitle
FNDA:0,getChevrons
FNDA:0,LevelBadge
FNDA:0,(anonymous_3)
DA:10,0
DA:11,0
DA:12,0
DA:13,0
DA:14,0
DA:15,0
DA:19,0
DA:20,0
DA:21,0
DA:22,0
DA:23,0
DA:27,0
DA:29,0
DA:34,0
DA:35,0
DA:37,0
DA:91,0
LF:17
LH:0
BRDA:10,0,0,0
BRDA:10,0,1,0
BRDA:11,1,0,0
BRDA:11,1,1,0
BRDA:12,2,0,0
BRDA:12,2,1,0
BRDA:13,3,0,0
BRDA:13,3,1,0
BRDA:14,4,0,0
BRDA:14,4,1,0
BRDA:19,5,0,0
BRDA:19,5,1,0
BRDA:20,6,0,0
BRDA:20,6,1,0
BRDA:21,7,0,0
BRDA:21,7,1,0
BRDA:22,8,0,0
BRDA:22,8,1,0
BRDA:26,9,0,0
BRDA:94,10,0,0
BRDA:94,10,1,0
BRF:21
BRH:0
end_of_record
TN:
SF:src\components\ui\SegmentedPanel.tsx
FN:13,SegmentedPanel
FNF:1
FNH:0
FNDA:0,SegmentedPanel
DA:20,0
DA:23,0
DA:31,0
LF:3
LH:0
BRDA:16,0,0,0
BRDA:23,1,0,0
BRDA:23,1,1,0
BRDA:25,2,0,0
BRDA:25,2,1,0
BRDA:27,3,0,0
BRDA:27,3,1,0
BRDA:44,4,0,0
BRDA:44,4,1,0
BRDA:60,5,0,0
BRDA:60,5,1,0
BRF:11
BRH:0
end_of_record
TN:
SF:src\components\ui\StatModule.tsx
FN:14,StatModule
FNF:1
FNH:0
FNDA:0,StatModule
DA:23,0
DA:25,0
DA:32,0
DA:38,0
LF:4
LH:0
BRDA:19,0,0,0
BRDA:20,1,0,0
BRDA:64,2,0,0
BRDA:64,2,1,0
BRDA:80,3,0,0
BRDA:80,3,1,0
BRDA:80,4,0,0
BRDA:80,4,1,0
BRDA:87,5,0,0
BRDA:87,5,1,0
BRF:10
BRH:0
end_of_record
TN:
SF:src\components\ui\ThemeSwitcher.tsx
FN:7,ThemeSwitcher
FN:11,(anonymous_1)
FN:12,(anonymous_2)
FN:40,(anonymous_3)
FN:45,(anonymous_4)
FN:82,(anonymous_5)
FN:88,(anonymous_6)
FNF:7
FNH:0
FNDA:0,ThemeSwitcher
FNDA:0,(anonymous_1)
FNDA:0,(anonymous_2)
FNDA:0,(anonymous_3)
FNDA:0,(anonymous_4)
FNDA:0,(anonymous_5)
FNDA:0,(anonymous_6)
DA:8,0
DA:9,0
DA:10,0
DA:11,0
DA:12,0
DA:14,0
DA:16,0
DA:41,0
DA:42,0
DA:45,0
DA:83,0
DA:84,0
DA:85,0
DA:88,0
LF:14
LH:0
BRDA:51,0,0,0
BRDA:51,0,1,0
BRDA:59,1,0,0
BRDA:59,1,1,0
BRDA:63,2,0,0
BRDA:63,2,1,0
BRDA:104,3,0,0
BRDA:104,3,1,0
BRDA:108,4,0,0
BRDA:108,4,1,0
BRDA:123,5,0,0
BRDA:123,5,1,0
BRF:12
BRH:0
end_of_record
TN:
SF:src\components\ui\WorkoutCard.tsx
FN:11,WorkoutCard
FN:91,(anonymous_1)
FN:160,(anonymous_2)
FNF:3
FNH:0
FNDA:0,WorkoutCard
FNDA:0,(anonymous_1)
FNDA:0,(anonymous_2)
DA:12,0
DA:14,0
DA:92,0
DA:161,0
DA:162,0
DA:163,0
DA:164,0
DA:165,0
LF:8
LH:0
BRDA:11,0,0,0
BRDA:19,1,0,0
BRDA:19,1,1,0
BRDA:21,2,0,0
BRDA:21,2,1,0
BRDA:37,3,0,0
BRDA:37,3,1,0
BRDA:49,4,0,0
BRDA:49,4,1,0
BRDA:67,5,0,0
BRDA:67,5,1,0
BRDA:69,6,0,0
BRDA:69,6,1,0
BRDA:78,7,0,0
BRDA:78,7,1,0
BRDA:115,8,0,0
BRDA:115,8,1,0
BRDA:173,9,0,0
BRDA:173,9,1,0
BRDA:177,10,0,0
BRDA:177,10,1,0
BRF:21
BRH:0
end_of_record
TN:
SF:src\components\ui\XpBar.tsx
FN:19,XpBar
FN:26,(anonymous_1)
FN:38,(anonymous_2)
FN:42,(anonymous_3)
FNF:4
FNH:0
FNDA:0,XpBar
FNDA:0,(anonymous_1)
FNDA:0,(anonymous_2)
FNDA:0,(anonymous_3)
DA:20,0
DA:22,0
DA:23,0
DA:24,0
DA:26,0
DA:27,0
DA:28,0
DA:29,0
DA:34,0
DA:38,0
DA:42,0
DA:46,0
LF:12
LH:0
BRDA:19,0,0,0
BRDA:22,1,0,0
BRDA:22,1,1,0
BRDA:27,2,0,0
BRDA:27,2,1,0
BRF:5
BRH:0
end_of_record
TN:
SF:src\components\workout\CompletionAnimation.tsx
FN:17,CompletionAnimation
FN:29,(anonymous_1)
FN:30,(anonymous_2)
FN:31,(anonymous_3)
FN:36,(anonymous_4)
FN:37,(anonymous_5)
FN:63,(anonymous_6)
FN:267,Row
FNF:8
FNH:0
FNDA:0,CompletionAnimation
FNDA:0,(anonymous_1)
FNDA:0,(anonymous_2)
FNDA:0,(anonymous_3)
FNDA:0,(anonymous_4)
FNDA:0,(anonymous_5)
FNDA:0,(anonymous_6)
FNDA:0,Row
DA:25,0
DA:26,0
DA:27,0
DA:29,0
DA:30,0
DA:31,0
DA:35,0
DA:37,0
DA:47,0
DA:48,0
DA:50,0
DA:64,0
DA:278,0
DA:279,0
DA:281,0
LF:15
LH:0
BRDA:61,0,0,0
BRDA:61,0,1,0
BRDA:95,1,0,0
BRDA:95,1,1,0
BRDA:96,2,0,0
BRDA:96,2,1,0
BRDA:97,3,0,0
BRDA:97,3,1,0
BRDA:151,4,0,0
BRDA:151,4,1,0
BRDA:151,5,0,0
BRDA:151,5,1,0
BRDA:165,6,0,0
BRDA:165,6,1,0
BRDA:165,7,0,0
BRDA:165,7,1,0
BRDA:181,8,0,0
BRDA:181,8,1,0
BRDA:181,9,0,0
BRDA:181,9,1,0
BRDA:206,10,0,0
BRDA:206,10,1,0
BRDA:225,11,0,0
BRDA:225,11,1,0
BRDA:256,12,0,0
BRDA:256,12,1,0
BRDA:271,13,0,0
BRDA:279,14,0,0
BRDA:279,14,1,0
BRDA:288,15,0,0
BRDA:288,15,1,0
BRDA:298,16,0,0
BRDA:298,16,1,0
BRF:33
BRH:0
end_of_record
TN:
SF:src\components\workout\ExerciseAnatomy.tsx
FN:25,getPose
FN:341,ExerciseAnatomy
FN:344,(anonymous_2)
FN:372,(anonymous_3)
FN:392,(anonymous_4)
FN:394,(anonymous_5)
FN:420,(anonymous_6)
FN:423,(anonymous_7)
FNF:8
FNH:0
FNDA:0,getPose
FNDA:0,ExerciseAnatomy
FNDA:0,(anonymous_2)
FNDA:0,(anonymous_3)
FNDA:0,(anonymous_4)
FNDA:0,(anonymous_5)
FNDA:0,(anonymous_6)
FNDA:0,(anonymous_7)
DA:23,0
DA:26,0
DA:28,0
DA:55,0
DA:78,0
DA:103,0
DA:124,0
DA:147,0
DA:168,0
DA:191,0
DA:216,0
DA:241,0
DA:268,0
DA:295,0
DA:316,0
DA:342,0
DA:344,0
DA:345,0
DA:346,0
DA:348,0
DA:373,0
DA:374,0
DA:375,0
DA:376,0
DA:393,0
DA:394,0
DA:396,0
DA:421,0
DA:422,0
DA:423,0
DA:425,0
DA:427,0
DA:429,0
DA:431,0
DA:458,0
DA:459,0
DA:460,0
DA:461,0
DA:462,0
DA:464,0
DA:465,0
DA:467,0
DA:468,0
DA:470,0
DA:471,0
DA:473,0
DA:474,0
DA:476,0
DA:477,0
DA:479,0
DA:480,0
DA:482,0
DA:483,0
DA:484,0
DA:505,0
DA:519,0
LF:56
LH:0
BRDA:26,0,0,0
BRDA:26,0,1,0
BRDA:26,0,2,0
BRDA:26,0,3,0
BRDA:26,0,4,0
BRDA:26,0,5,0
BRDA:26,0,6,0
BRDA:26,0,7,0
BRDA:26,0,8,0
BRDA:26,0,9,0
BRDA:26,0,10,0
BRDA:26,0,11,0
BRDA:26,0,12,0
BRDA:345,1,0,0
BRDA:345,1,1,0
BRDA:346,2,0,0
BRDA:346,2,1,0
BRDA:375,3,0,0
BRDA:375,3,1,0
BRDA:375,4,0,0
BRDA:375,4,1,0
BRDA:401,5,0,0
BRDA:401,5,1,0
BRDA:402,6,0,0
BRDA:402,6,1,0
BRDA:403,7,0,0
BRDA:403,7,1,0
BRDA:410,8,0,0
BRDA:410,8,1,0
BRDA:411,9,0,0
BRDA:411,9,1,0
BRDA:425,10,0,0
BRDA:425,10,1,0
BRDA:429,11,0,0
BRDA:429,11,1,0
BRDA:429,11,2,0
BRDA:429,11,3,0
BRDA:443,12,0,0
BRDA:443,12,1,0
BRDA:458,13,0,0
BRDA:458,13,1,0
BRDA:462,14,0,0
BRDA:462,14,1,0
BRDA:462,14,2,0
BRDA:462,14,3,0
BRDA:462,14,4,0
BRDA:462,14,5,0
BRDA:497,15,0,0
BRDA:497,15,1,0
BRDA:497,16,0,0
BRDA:497,16,1,0
BRDA:497,17,0,0
BRDA:497,17,1,0
BRDA:497,18,0,0
BRDA:497,18,1,0
BRF:55
BRH:0
end_of_record
TN:
SF:src\components\workout\ExerciseDemo.tsx
FN:11,ExerciseDemo
FN:17,(anonymous_1)
FN:41,(anonymous_2)
FN:66,(anonymous_3)
FN:147,(anonymous_4)
FNF:5
FNH:0
FNDA:0,ExerciseDemo
FNDA:0,(anonymous_1)
FNDA:0,(anonymous_2)
FNDA:0,(anonymous_3)
FNDA:0,(anonymous_4)
DA:12,0
DA:14,0
DA:17,0
DA:18,0
DA:19,0
DA:21,0
DA:41,0
DA:42,0
DA:43,0
DA:45,0
DA:46,0
DA:47,0
DA:49,0
DA:53,0
DA:66,0
DA:148,0
LF:16
LH:0
BRDA:18,0,0,0
BRDA:18,0,1,0
BRDA:46,1,0,0
BRDA:46,1,1,0
BRDA:108,2,0,0
BRDA:108,2,1,0
BRDA:119,3,0,0
BRDA:119,3,1,0
BRDA:124,4,0,0
BRDA:124,4,1,0
BRDA:165,5,0,0
BRDA:165,5,1,0
BRDA:167,6,0,0
BRDA:167,6,1,0
BRDA:214,7,0,0
BRDA:214,7,1,0
BRF:16
BRH:0
end_of_record
TN:
SF:src\components\workout\RepCounterPanel.tsx
FN:27,RepCounterPanel
FN:48,(anonymous_1)
FN:51,(anonymous_2)
FN:57,(anonymous_3)
FN:61,(anonymous_4)
FN:67,(anonymous_5)
FN:71,(anonymous_6)
FN:87,(anonymous_7)
FN:97,(anonymous_8)
FN:100,(anonymous_9)
FN:101,(anonymous_10)
FN:256,(anonymous_11)
FN:279,(anonymous_12)
FN:341,(anonymous_13)
FN:366,(anonymous_14)
FNF:15
FNH:0
FNDA:0,RepCounterPanel
FNDA:0,(anonymous_1)
FNDA:0,(anonymous_2)
FNDA:0,(anonymous_3)
FNDA:0,(anonymous_4)
FNDA:0,(anonymous_5)
FNDA:0,(anonymous_6)
FNDA:0,(anonymous_7)
FNDA:0,(anonymous_8)
FNDA:0,(anonymous_9)
FNDA:0,(anonymous_10)
FNDA:0,(anonymous_11)
FNDA:0,(anonymous_12)
FNDA:0,(anonymous_13)
FNDA:0,(anonymous_14)
DA:28,0
DA:31,0
DA:34,0
DA:37,0
DA:38,0
DA:41,0
DA:44,0
DA:45,0
DA:48,0
DA:49,0
DA:51,0
DA:53,0
DA:57,0
DA:58,0
DA:59,0
DA:61,0
DA:63,0
DA:67,0
DA:69,0
DA:70,0
DA:71,0
DA:72,0
DA:74,0
DA:75,0
DA:76,0
DA:77,0
DA:78,0
DA:79,0
DA:80,0
DA:81,0
DA:85,0
DA:87,0
DA:88,0
DA:89,0
DA:90,0
DA:91,0
DA:97,0
DA:98,0
DA:100,0
DA:101,0
DA:106,0
DA:107,0
DA:108,0
DA:110,0
DA:112,0
DA:256,0
DA:280,0
DA:281,0
DA:341,0
DA:366,0
LF:50
LH:0
BRDA:49,0,0,0
BRDA:49,0,1,0
BRDA:49,1,0,0
BRDA:49,1,1,0
BRDA:58,2,0,0
BRDA:58,2,1,0
BRDA:58,2,2,0
BRDA:59,3,0,0
BRDA:59,3,1,0
BRDA:59,4,0,0
BRDA:59,4,1,0
BRDA:69,5,0,0
BRDA:69,5,1,0
BRDA:69,6,0,0
BRDA:69,6,1,0
BRDA:77,7,0,0
BRDA:77,7,1,0
BRDA:79,8,0,0
BRDA:79,8,1,0
BRDA:89,9,0,0
BRDA:89,9,1,0
BRDA:98,10,0,0
BRDA:98,10,1,0
BRDA:106,11,0,0
BRDA:106,11,1,0
BRDA:106,11,2,0
BRDA:107,12,0,0
BRDA:107,12,1,0
BRDA:107,12,2,0
BRDA:108,13,0,0
BRDA:108,13,1,0
BRDA:110,14,0,0
BRDA:110,14,1,0
BRDA:110,14,2,0
BRDA:117,15,0,0
BRDA:117,15,1,0
BRDA:143,16,0,0
BRDA:143,16,1,0
BRDA:146,17,0,0
BRDA:146,17,1,0
BRDA:150,18,0,0
BRDA:150,18,1,0
BRDA:160,19,0,0
BRDA:160,19,1,0
BRDA:172,20,0,0
BRDA:172,20,1,0
BRDA:196,21,0,0
BRDA:196,21,1,0
BRDA:196,21,2,0
BRDA:218,22,0,0
BRDA:218,22,1,0
BRDA:254,23,0,0
BRDA:254,23,1,0
BRDA:280,24,0,0
BRDA:280,24,1,0
BRDA:290,25,0,0
BRDA:290,25,1,0
BRDA:293,26,0,0
BRDA:293,26,1,0
BRDA:295,27,0,0
BRDA:295,27,1,0
BRDA:303,28,0,0
BRDA:303,28,1,0
BRDA:318,29,0,0
BRDA:318,29,1,0
BRDA:330,30,0,0
BRDA:330,30,1,0
BRDA:334,31,0,0
BRDA:334,31,1,0
BRDA:334,32,0,0
BRDA:334,32,1,0
BRDA:339,33,0,0
BRDA:339,33,1,0
BRDA:364,34,0,0
BRDA:364,34,1,0
BRDA:378,35,0,0
BRDA:378,35,1,0
BRDA:381,36,0,0
BRDA:381,36,1,0
BRF:79
BRH:0
end_of_record
TN:
SF:src\components\workout\TempoTimer.tsx
FN:21,TempoTimer
FN:27,(anonymous_1)
FN:29,(anonymous_2)
FN:45,(anonymous_3)
FN:48,(anonymous_4)
FN:52,(anonymous_5)
FN:84,(anonymous_6)
FNF:7
FNH:0
FNDA:0,TempoTimer
FNDA:0,(anonymous_1)
FNDA:0,(anonymous_2)
FNDA:0,(anonymous_3)
FNDA:0,(anonymous_4)
FNDA:0,(anonymous_5)
FNDA:0,(anonymous_6)
DA:22,0
DA:24,0
DA:25,0
DA:27,0
DA:28,0
DA:29,0
DA:30,0
DA:31,0
DA:41,0
DA:42,0
DA:45,0
DA:48,0
DA:52,0
DA:54,0
DA:85,0
LF:15
LH:0
BRDA:28,0,0,0
BRDA:28,0,1,0
BRDA:30,1,0,0
BRDA:30,1,1,0
BRDA:89,2,0,0
BRDA:89,2,1,0
BRDA:131,3,0,0
BRDA:131,3,1,0
BRF:8
BRH:0
end_of_record
TN:
SF:src\components\workout\VoiceCoachToggle.tsx
FN:17,VoiceCoachToggle
FN:22,(anonymous_1)
FNF:2
FNH:0
FNDA:0,VoiceCoachToggle
FNDA:0,(anonymous_1)
DA:18,0
DA:20,0
DA:22,0
DA:23,0
DA:24,0
DA:25,0
DA:26,0
DA:29,0
LF:8
LH:0
BRDA:17,0,0,0
BRDA:34,1,0,0
BRDA:34,1,1,0
BRDA:36,2,0,0
BRDA:36,2,1,0
BRDA:44,3,0,0
BRDA:44,3,1,0
BRDA:52,4,0,0
BRDA:52,4,1,0
BRDA:55,5,0,0
BRDA:55,5,1,0
BRDA:61,6,0,0
BRDA:61,6,1,0
BRF:13
BRH:0
end_of_record
TN:
SF:src\components\workout\WorkoutChart.tsx
FN:29,LineChart
FN:39,(anonymous_1)
FN:43,(anonymous_2)
FN:49,(anonymous_3)
FN:53,(anonymous_4)
FN:78,(anonymous_5)
FN:121,(anonymous_6)
FN:129,(anonymous_7)
FN:161,BarChart
FN:171,(anonymous_9)
FN:179,(anonymous_10)
FN:188,(anonymous_11)
FN:206,(anonymous_12)
FN:230,(anonymous_13)
FN:237,(anonymous_14)
FN:272,StreakCalendar
FN:310,(anonymous_16)
FN:325,(anonymous_17)
FN:326,(anonymous_18)
FN:376,WeekdayChart
FN:388,(anonymous_20)
FN:431,EmptyChart
FNF:22
FNH:0
FNDA:0,LineChart
FNDA:0,(anonymous_1)
FNDA:0,(anonymous_2)
FNDA:0,(anonymous_3)
FNDA:0,(anonymous_4)
FNDA:0,(anonymous_5)
FNDA:0,(anonymous_6)
FNDA:0,(anonymous_7)
FNDA:0,BarChart
FNDA:0,(anonymous_9)
FNDA:0,(anonymous_10)
FNDA:0,(anonymous_11)
FNDA:0,(anonymous_12)
FNDA:0,(anonymous_13)
FNDA:0,(anonymous_14)
FNDA:0,StreakCalendar
FNDA:0,(anonymous_16)
FNDA:0,(anonymous_17)
FNDA:0,(anonymous_18)
FNDA:0,WeekdayChart
FNDA:0,(anonymous_20)
FNDA:0,EmptyChart
DA:17,0
DA:18,0
DA:19,0
DA:20,0
DA:30,0
DA:31,0
DA:33,0
DA:34,0
DA:35,0
DA:37,0
DA:39,0
DA:40,0
DA:41,0
DA:43,0
DA:44,0
DA:45,0
DA:46,0
DA:49,0
DA:52,0
DA:53,0
DA:54,0
DA:55,0
DA:56,0
DA:59,0
DA:62,0
DA:63,0
DA:66,0
DA:68,0
DA:79,0
DA:122,0
DA:131,0
DA:134,0
DA:135,0
DA:162,0
DA:163,0
DA:165,0
DA:166,0
DA:167,0
DA:169,0
DA:171,0
DA:172,0
DA:173,0
DA:175,0
DA:176,0
DA:177,0
DA:179,0
DA:180,0
DA:181,0
DA:182,0
DA:183,0
DA:187,0
DA:188,0
DA:189,0
DA:190,0
DA:191,0
DA:194,0
DA:197,0
DA:198,0
DA:201,0
DA:203,0
DA:207,0
DA:231,0
DA:239,0
DA:243,0
DA:244,0
DA:268,0
DA:269,0
DA:270,0
DA:273,0
DA:275,0
DA:276,0
DA:279,0
DA:280,0
DA:281,0
DA:282,0
DA:291,0
DA:292,0
DA:293,0
DA:294,0
DA:295,0
DA:298,0
DA:299,0
DA:302,0
DA:303,0
DA:304,0
DA:306,0
DA:311,0
DA:326,0
DA:327,0
DA:328,0
DA:340,0
DA:346,0
DA:348,0
DA:377,0
DA:378,0
DA:379,0
DA:380,0
DA:381,0
DA:382,0
DA:383,0
DA:384,0
DA:386,0
DA:389,0
DA:390,0
DA:391,0
DA:432,0
DA:433,0
DA:434,0
LF:108
LH:0
BRDA:31,0,0,0
BRDA:31,0,1,0
BRDA:40,1,0,0
BRDA:40,1,1,0
BRDA:41,2,0,0
BRDA:41,2,1,0
BRDA:62,3,0,0
BRDA:62,3,1,0
BRDA:62,4,0,0
BRDA:62,4,1,0
BRDA:102,5,0,0
BRDA:102,5,1,0
BRDA:131,6,0,0
BRDA:131,6,1,0
BRDA:131,6,2,0
BRDA:131,6,3,0
BRDA:134,7,0,0
BRDA:134,7,1,0
BRDA:163,8,0,0
BRDA:163,8,1,0
BRDA:172,9,0,0
BRDA:172,9,1,0
BRDA:173,10,0,0
BRDA:173,10,1,0
BRDA:197,11,0,0
BRDA:197,11,1,0
BRDA:197,12,0,0
BRDA:197,12,1,0
BRDA:239,13,0,0
BRDA:239,13,1,0
BRDA:239,13,2,0
BRDA:239,13,3,0
BRDA:239,13,4,0
BRDA:243,14,0,0
BRDA:243,14,1,0
BRDA:279,15,0,0
BRDA:279,15,1,0
BRDA:293,16,0,0
BRDA:293,16,1,0
BRDA:298,17,0,0
BRDA:298,17,1,0
BRDA:327,18,0,0
BRDA:327,18,1,0
BRDA:340,19,0,0
BRDA:340,19,1,0
BRDA:342,20,0,0
BRDA:342,20,1,0
BRDA:346,21,0,0
BRDA:346,21,1,0
BRDA:357,22,0,0
BRDA:357,22,1,0
BRDA:359,23,0,0
BRDA:359,23,1,0
BRDA:359,24,0,0
BRDA:359,24,1,0
BRDA:378,25,0,0
BRDA:378,25,1,0
BRF:57
BRH:0
end_of_record
TN:
SF:src\data\exercises.ts
FNF:0
FNH:0
DA:80,4
DA:336,4
DA:591,4
DA:849,4
LF:4
LH:4
BRF:0
BRH:0
end_of_record
TN:
SF:src\data\skillTree.ts
FN:76,categoryToFamily
FN:105,resolveDifficulty
FN:140,parsePathway
FN:143,(anonymous_3)
FN:156,buildSkillTree
FN:199,(anonymous_5)
FN:204,(anonymous_6)
FNF:7
FNH:7
FNDA:72,categoryToFamily
FNDA:72,resolveDifficulty
FNDA:72,parsePathway
FNDA:240,(anonymous_3)
FNDA:3,buildSkillTree
FNDA:123,(anonymous_5)
FNDA:12,(anonymous_6)
DA:47,1
DA:77,72
DA:83,15
DA:84,57
DA:90,15
DA:91,42
DA:97,21
DA:98,21
DA:99,21
DA:100,0
DA:106,72
DA:109,72
DA:110,72
DA:113,72
DA:119,12
DA:123,60
DA:131,33
DA:135,27
DA:141,72
DA:143,240
DA:149,1
DA:157,3
DA:165,3
DA:177,3
DA:178,72
DA:179,72
DA:181,72
DA:192,3
DA:198,3
DA:199,123
DA:202,3
DA:204,12
DA:211,1
LF:33
LH:32
BRDA:77,0,0,15
BRDA:77,0,1,57
BRDA:78,1,0,72
BRDA:78,1,1,66
BRDA:78,1,2,63
BRDA:78,1,3,60
BRDA:84,2,0,15
BRDA:84,2,1,42
BRDA:85,3,0,57
BRDA:85,3,1,51
BRDA:85,3,2,48
BRDA:85,3,3,45
BRDA:91,4,0,21
BRDA:91,4,1,21
BRDA:92,5,0,42
BRDA:92,5,1,36
BRDA:92,5,2,33
BRDA:92,5,3,24
BRDA:98,6,0,21
BRDA:98,6,1,0
BRDA:98,7,0,21
BRDA:98,7,1,12
BRDA:98,7,2,6
BRDA:106,8,0,0
BRDA:106,8,1,72
BRDA:113,9,0,12
BRDA:113,9,1,60
BRDA:114,10,0,72
BRDA:114,10,1,69
BRDA:114,10,2,66
BRDA:114,10,3,63
BRDA:123,11,0,33
BRDA:123,11,1,27
BRDA:124,12,0,60
BRDA:124,12,1,57
BRDA:124,12,2,54
BRDA:124,12,3,48
BRDA:124,12,4,45
BRDA:124,12,5,42
BRDA:186,13,0,72
BRDA:186,13,1,45
BRF:41
BRH:39
end_of_record
TN:
SF:src\data\workouts.ts
FN:9,getWorkoutById
FN:10,(anonymous_1)
FN:13,getWorkoutForDay
FN:26,getWorkoutRotation
FNF:4
FNH:0
FNDA:0,getWorkoutById
FNDA:0,(anonymous_1)
FNDA:0,getWorkoutForDay
FNDA:0,getWorkoutRotation
DA:4,0
DA:7,0
DA:10,0
DA:14,0
DA:17,0
DA:27,0
DA:31,0
LF:7
LH:0
BRF:0
BRH:0
end_of_record
TN:
SF:src\hooks\useRepCounter.ts
FN:53,calibrateAxis
FN:59,(anonymous_1)
FN:59,(anonymous_2)
FN:60,(anonymous_3)
FN:61,(anonymous_4)
FN:63,(anonymous_5)
FN:64,(anonymous_6)
FN:65,(anonymous_7)
FN:127,detectRep
FN:174,useRepCounter
FN:201,(anonymous_10)
FN:205,(anonymous_11)
FN:219,(anonymous_12)
FN:223,(anonymous_13)
FN:227,(anonymous_14)
FN:233,(anonymous_15)
FN:241,(anonymous_16)
FN:253,(anonymous_17)
FN:254,(anonymous_18)
FN:258,(anonymous_19)
FN:259,(anonymous_20)
FNF:21
FNH:9
FNDA:1,calibrateAxis
FNDA:4,(anonymous_1)
FNDA:120,(anonymous_2)
FNDA:3,(anonymous_3)
FNDA:90,(anonymous_4)
FNDA:30,(anonymous_5)
FNDA:30,(anonymous_6)
FNDA:30,(anonymous_7)
FNDA:56,detectRep
FNDA:0,useRepCounter
FNDA:0,(anonymous_10)
FNDA:0,(anonymous_11)
FNDA:0,(anonymous_12)
FNDA:0,(anonymous_13)
FNDA:0,(anonymous_14)
FNDA:0,(anonymous_15)
FNDA:0,(anonymous_16)
FNDA:0,(anonymous_17)
FNDA:0,(anonymous_18)
FNDA:0,(anonymous_19)
FNDA:0,(anonymous_20)
DA:54,1
DA:55,0
DA:59,120
DA:60,1
DA:61,90
DA:63,30
DA:64,30
DA:65,30
DA:67,1
DA:68,1
DA:69,1
DA:72,1
DA:74,1
DA:76,0
DA:79,1
DA:80,0
DA:86,1
DA:87,1
DA:93,0
DA:115,1
DA:135,56
DA:139,56
DA:142,56
DA:143,32
DA:144,32
DA:145,1
DA:146,1
DA:148,32
DA:151,24
DA:154,24
DA:155,10
DA:156,10
DA:160,14
DA:161,5
DA:162,5
DA:163,5
DA:164,5
DA:165,5
DA:169,9
DA:184,0
DA:186,0
DA:187,0
DA:188,0
DA:189,0
DA:191,0
DA:192,0
DA:201,0
DA:202,0
DA:205,0
DA:206,0
DA:209,0
DA:217,0
DA:219,0
DA:220,0
DA:222,0
DA:223,0
DA:226,0
DA:227,0
DA:230,0
DA:233,0
DA:234,0
DA:235,0
DA:236,0
DA:238,0
DA:241,0
DA:242,0
DA:243,0
DA:250,0
DA:253,0
DA:254,0
DA:258,0
DA:259,0
DA:260,0
DA:261,0
DA:262,0
DA:267,0
LF:76
LH:35
BRDA:54,0,0,0
BRDA:54,0,1,1
BRDA:74,1,0,0
BRDA:74,1,1,1
BRDA:79,2,0,0
BRDA:79,2,1,1
BRDA:86,3,0,1
BRDA:86,3,1,0
BRDA:130,4,0,34
BRDA:131,5,0,34
BRDA:142,6,0,32
BRDA:142,6,1,24
BRDA:144,7,0,1
BRDA:144,7,1,31
BRDA:154,8,0,10
BRDA:154,8,1,14
BRDA:154,9,0,24
BRDA:154,9,1,13
BRDA:160,10,0,5
BRDA:160,10,1,9
BRDA:160,11,0,14
BRDA:160,11,1,11
BRDA:163,12,0,5
BRDA:163,12,1,0
BRDA:174,13,0,0
BRDA:184,14,0,0
BRDA:184,15,0,0
BRDA:184,16,0,0
BRDA:206,17,0,0
BRDA:206,17,1,0
BRDA:222,18,0,0
BRDA:222,18,1,0
BRDA:227,19,0,0
BRDA:227,19,1,0
BRDA:234,20,0,0
BRDA:234,20,1,0
BRDA:260,21,0,0
BRDA:260,21,1,0
BRF:38
BRH:19
end_of_record
TN:
SF:src\hooks\useRestNotifications.ts
FN:41,getNotifModule
FN:55,(anonymous_1)
FN:77,ensurePermissions
FN:105,scheduleRestNotification
FN:131,cancelNotification
FN:145,useRestNotifications
FN:150,(anonymous_6)
FN:164,(anonymous_7)
FN:173,(anonymous_8)
FN:174,(anonymous_9)
FN:186,(anonymous_10)
FN:193,(anonymous_11)
FN:194,(anonymous_12)
FN:216,(anonymous_13)
FN:222,(anonymous_14)
FN:223,(anonymous_15)
FN:233,initRestNotifications
FN:239,(anonymous_17)
FNF:18
FNH:0
FNDA:0,getNotifModule
FNDA:0,(anonymous_1)
FNDA:0,ensurePermissions
FNDA:0,scheduleRestNotification
FNDA:0,cancelNotification
FNDA:0,useRestNotifications
FNDA:0,(anonymous_6)
FNDA:0,(anonymous_7)
FNDA:0,(anonymous_8)
FNDA:0,(anonymous_9)
FNDA:0,(anonymous_10)
FNDA:0,(anonymous_11)
FNDA:0,(anonymous_12)
FNDA:0,(anonymous_13)
FNDA:0,(anonymous_14)
FNDA:0,(anonymous_15)
FNDA:0,initRestNotifications
FNDA:0,(anonymous_17)
DA:29,0
DA:38,0
DA:39,0
DA:42,0
DA:43,0
DA:46,0
DA:47,0
DA:48,0
DA:51,0
DA:52,0
DA:54,0
DA:56,0
DA:57,0
DA:59,0
DA:60,0
DA:62,0
DA:65,0
DA:68,0
DA:75,0
DA:78,0
DA:80,0
DA:81,0
DA:83,0
DA:84,0
DA:85,0
DA:86,0
DA:87,0
DA:89,0
DA:90,0
DA:91,0
DA:92,0
DA:94,0
DA:96,0
DA:98,0
DA:106,0
DA:107,0
DA:109,0
DA:110,0
DA:112,0
DA:113,0
DA:125,0
DA:127,0
DA:132,0
DA:133,0
DA:134,0
DA:135,0
DA:146,0
DA:147,0
DA:148,0
DA:150,0
DA:151,0
DA:152,0
DA:153,0
DA:154,0
DA:157,0
DA:158,0
DA:159,0
DA:160,0
DA:164,0
DA:165,0
DA:166,0
DA:167,0
DA:168,0
DA:173,0
DA:174,0
DA:175,0
DA:177,0
DA:178,0
DA:179,0
DA:180,0
DA:183,0
DA:186,0
DA:187,0
DA:188,0
DA:193,0
DA:194,0
DA:195,0
DA:196,0
DA:198,0
DA:199,0
DA:200,0
DA:201,0
DA:202,0
DA:203,0
DA:204,0
DA:206,0
DA:207,0
DA:211,0
DA:212,0
DA:216,0
DA:217,0
DA:222,0
DA:223,0
DA:224,0
DA:234,0
DA:235,0
DA:237,0
DA:238,0
DA:239,0
DA:248,0
DA:249,0
LF:101
LH:0
BRDA:42,0,0,0
BRDA:42,0,1,0
BRDA:46,1,0,0
BRDA:46,1,1,0
BRDA:54,2,0,0
BRDA:54,2,1,0
BRDA:57,3,0,0
BRDA:57,3,1,0
BRDA:59,4,0,0
BRDA:59,4,1,0
BRDA:78,5,0,0
BRDA:78,5,1,0
BRDA:81,6,0,0
BRDA:81,6,1,0
BRDA:85,7,0,0
BRDA:85,7,1,0
BRDA:90,8,0,0
BRDA:90,8,1,0
BRDA:107,9,0,0
BRDA:107,9,1,0
BRDA:110,10,0,0
BRDA:110,10,1,0
BRDA:110,11,0,0
BRDA:110,11,1,0
BRDA:118,12,0,0
BRDA:118,12,1,0
BRDA:121,13,0,0
BRDA:121,13,1,0
BRDA:133,14,0,0
BRDA:133,14,1,0
BRDA:133,15,0,0
BRDA:133,15,1,0
BRDA:152,16,0,0
BRDA:152,16,1,0
BRDA:158,17,0,0
BRDA:158,17,1,0
BRDA:158,18,0,0
BRDA:158,18,1,0
BRDA:166,19,0,0
BRDA:166,19,1,0
BRDA:177,20,0,0
BRDA:177,20,1,0
BRDA:177,21,0,0
BRDA:177,21,1,0
BRDA:179,22,0,0
BRDA:179,22,1,0
BRDA:179,23,0,0
BRDA:179,23,1,0
BRDA:198,24,0,0
BRDA:198,24,1,0
BRDA:198,25,0,0
BRDA:198,25,1,0
BRDA:198,25,2,0
BRDA:200,26,0,0
BRDA:200,26,1,0
BRDA:200,27,0,0
BRDA:200,27,1,0
BRDA:202,28,0,0
BRDA:202,28,1,0
BRDA:211,29,0,0
BRDA:211,29,1,0
BRDA:211,30,0,0
BRDA:211,30,1,0
BRDA:235,31,0,0
BRDA:235,31,1,0
BRDA:235,32,0,0
BRDA:235,32,1,0
BRDA:248,33,0,0
BRDA:248,33,1,0
BRDA:248,34,0,0
BRDA:248,34,1,0
BRDA:251,35,0,0
BRDA:251,35,1,0
BRF:73
BRH:0
end_of_record
TN:
SF:src\hooks\useVoiceCoach.ts
FN:29,useVoiceCoach
FN:42,(anonymous_1)
FN:47,(anonymous_2)
FN:52,(anonymous_3)
FN:53,(anonymous_4)
FN:140,(anonymous_5)
FN:151,(anonymous_6)
FNF:7
FNH:0
FNDA:0,useVoiceCoach
FNDA:0,(anonymous_1)
FNDA:0,(anonymous_2)
FNDA:0,(anonymous_3)
FNDA:0,(anonymous_4)
FNDA:0,(anonymous_5)
FNDA:0,(anonymous_6)
DA:30,0
DA:31,0
DA:34,0
DA:35,0
DA:36,0
DA:37,0
DA:38,0
DA:39,0
DA:42,0
DA:43,0
DA:47,0
DA:48,0
DA:52,0
DA:53,0
DA:54,0
DA:63,0
DA:64,0
DA:65,0
DA:68,0
DA:69,0
DA:70,0
DA:71,0
DA:72,0
DA:75,0
DA:76,0
DA:77,0
DA:84,0
DA:89,0
DA:95,0
DA:96,0
DA:103,0
DA:107,0
DA:108,0
DA:110,0
DA:111,0
DA:112,0
DA:113,0
DA:114,0
DA:116,0
DA:124,0
DA:126,0
DA:129,0
DA:130,0
DA:131,0
DA:132,0
DA:135,0
DA:138,0
DA:140,0
DA:141,0
DA:143,0
DA:144,0
DA:147,0
DA:148,0
DA:151,0
DA:152,0
DA:153,0
LF:56
LH:0
BRDA:29,0,0,0
BRDA:30,1,0,0
BRDA:30,1,1,0
BRDA:31,2,0,0
BRDA:31,2,1,0
BRDA:54,3,0,0
BRDA:54,3,1,0
BRDA:68,4,0,0
BRDA:68,4,1,0
BRDA:68,5,0,0
BRDA:68,5,1,0
BRDA:68,5,2,0
BRDA:70,6,0,0
BRDA:70,6,1,0
BRDA:75,7,0,0
BRDA:75,7,1,0
BRDA:75,8,0,0
BRDA:75,8,1,0
BRDA:89,9,0,0
BRDA:89,9,1,0
BRDA:90,10,0,0
BRDA:90,10,1,0
BRDA:90,10,2,0
BRDA:90,10,3,0
BRDA:108,11,0,0
BRDA:108,11,1,0
BRDA:108,12,0,0
BRDA:108,12,1,0
BRDA:108,12,2,0
BRDA:111,13,0,0
BRDA:111,13,1,0
BRDA:113,14,0,0
BRDA:113,14,1,0
BRDA:126,15,0,0
BRDA:126,15,1,0
BRDA:129,16,0,0
BRDA:129,16,1,0
BRDA:129,17,0,0
BRDA:129,17,1,0
BRDA:131,18,0,0
BRDA:131,18,1,0
BRDA:138,19,0,0
BRDA:138,19,1,0
BRDA:138,20,0,0
BRDA:138,20,1,0
BRF:45
BRH:0
end_of_record
TN:
SF:src\services\sentry.ts
FN:14,initSentry
FN:41,captureError
FN:43,(anonymous_2)
FN:55,setSentryUser
FN:63,clearSentryUser
FNF:5
FNH:1
FNDA:0,initSentry
FNDA:0,captureError
FNDA:0,(anonymous_2)
FNDA:0,setSentryUser
FNDA:21,clearSentryUser
DA:3,10
DA:15,0
DA:16,0
DA:17,0
DA:19,0
DA:22,0
DA:42,0
DA:43,0
DA:44,0
DA:45,0
DA:47,0
DA:56,0
DA:57,0
DA:64,21
DA:65,0
LF:15
LH:2
BRDA:3,0,0,10
BRDA:3,0,1,10
BRDA:15,1,0,0
BRDA:15,1,1,0
BRDA:16,2,0,0
BRDA:16,2,1,0
BRDA:27,3,0,0
BRDA:27,3,1,0
BRDA:42,4,0,0
BRDA:42,4,1,0
BRDA:44,5,0,0
BRDA:44,5,1,0
BRDA:56,6,0,0
BRDA:56,6,1,0
BRDA:64,7,0,21
BRDA:64,7,1,0
BRF:16
BRH:3
end_of_record
TN:
SF:src\services\supabase.ts
FN:29,isSupabaseConfigured
FN:37,signUpWithEmail
FN:61,signInWithEmail
FN:84,signInWithGoogle
FN:122,(anonymous_4)
FN:152,signOut
FN:161,resetPassword
FN:171,getCurrentSession
FN:178,subscribeToUserProgress
FN:182,(anonymous_9)
FN:193,(anonymous_10)
FN:196,(anonymous_11)
FNF:12
FNH:8
FNDA:77,isSupabaseConfigured
FNDA:31,signUpWithEmail
FNDA:21,signInWithEmail
FNDA:0,signInWithGoogle
FNDA:0,(anonymous_4)
FNDA:21,signOut
FNDA:1,resetPassword
FNDA:1,getCurrentSession
FNDA:1,subscribeToUserProgress
FNDA:1,(anonymous_9)
FNDA:0,(anonymous_10)
FNDA:0,(anonymous_11)
DA:11,10
DA:12,10
DA:14,10
DA:16,10
DA:17,10
DA:23,10
DA:30,77
DA:38,31
DA:40,31
DA:43,0
DA:44,0
DA:45,0
DA:47,0
DA:48,0
DA:50,0
DA:51,0
DA:53,0
DA:55,0
DA:56,0
DA:57,0
DA:62,21
DA:64,21
DA:67,0
DA:68,0
DA:69,0
DA:70,0
DA:71,0
DA:73,0
DA:74,0
DA:76,0
DA:78,0
DA:79,0
DA:80,0
DA:85,0
DA:87,0
DA:93,0
DA:94,0
DA:99,0
DA:107,0
DA:108,0
DA:109,0
DA:111,0
DA:114,0
DA:116,0
DA:118,0
DA:123,0
DA:124,0
DA:125,0
DA:129,0
DA:130,0
DA:132,0
DA:133,0
DA:134,0
DA:136,0
DA:138,0
DA:141,0
DA:143,0
DA:144,0
DA:145,0
DA:153,21
DA:154,21
DA:156,21
DA:158,0
DA:162,1
DA:164,1
DA:166,0
DA:172,1
DA:173,0
DA:182,1
DA:183,0
DA:193,0
DA:196,0
LF:72
LH:18
BRDA:11,0,0,10
BRDA:11,0,1,10
BRDA:12,1,0,10
BRDA:12,1,1,10
BRDA:14,2,0,10
BRDA:14,2,1,0
BRDA:16,3,0,10
BRDA:16,3,1,0
BRDA:24,4,0,10
BRDA:24,4,1,10
BRDA:25,5,0,10
BRDA:25,5,1,10
BRDA:38,6,0,31
BRDA:38,6,1,0
BRDA:45,7,0,0
BRDA:45,7,1,0
BRDA:50,8,0,0
BRDA:50,8,1,0
BRDA:51,9,0,0
BRDA:51,9,1,0
BRDA:55,10,0,0
BRDA:55,10,1,0
BRDA:62,11,0,21
BRDA:62,11,1,0
BRDA:69,12,0,0
BRDA:69,12,1,0
BRDA:73,13,0,0
BRDA:73,13,1,0
BRDA:74,14,0,0
BRDA:74,14,1,0
BRDA:78,15,0,0
BRDA:78,15,1,0
BRDA:85,16,0,0
BRDA:85,16,1,0
BRDA:107,17,0,0
BRDA:107,17,1,0
BRDA:111,18,0,0
BRDA:111,18,1,0
BRDA:116,19,0,0
BRDA:116,19,1,0
BRDA:124,20,0,0
BRDA:124,20,1,0
BRDA:130,21,0,0
BRDA:130,21,1,0
BRDA:133,22,0,0
BRDA:133,22,1,0
BRDA:134,23,0,0
BRDA:134,23,1,0
BRDA:143,24,0,0
BRDA:143,24,1,0
BRDA:154,25,0,21
BRDA:154,25,1,0
BRDA:162,26,0,1
BRDA:162,26,1,0
BRDA:172,27,0,1
BRDA:172,27,1,0
BRDA:182,28,0,1
BRDA:182,28,1,0
BRF:58
BRH:16
end_of_record
TN:
SF:src\services\voiceCoach.ts
FN:32,(anonymous_0)
FN:39,(anonymous_1)
FN:44,(anonymous_2)
FN:49,(anonymous_3)
FN:72,(anonymous_4)
FN:79,(anonymous_5)
FN:92,(anonymous_6)
FN:96,(anonymous_7)
FN:100,(anonymous_8)
FN:116,getWorkoutStartCue
FN:123,getExerciseStartCue
FN:159,getSetCompleteCue
FN:184,getWorkoutCompleteCue
FN:195,getRestWarningCue
FN:211,getFormCue
FN:215,(anonymous_15)
FN:223,formatDuration
FNF:17
FNH:0
FNDA:0,(anonymous_0)
FNDA:0,(anonymous_1)
FNDA:0,(anonymous_2)
FNDA:0,(anonymous_3)
FNDA:0,(anonymous_4)
FNDA:0,(anonymous_5)
FNDA:0,(anonymous_6)
FNDA:0,(anonymous_7)
FNDA:0,(anonymous_8)
FNDA:0,getWorkoutStartCue
FNDA:0,getExerciseStartCue
FNDA:0,getSetCompleteCue
FNDA:0,getWorkoutCompleteCue
FNDA:0,getRestWarningCue
FNDA:0,getFormCue
FNDA:0,(anonymous_15)
FNDA:0,formatDuration
DA:26,0
DA:27,0
DA:28,0
DA:29,0
DA:33,0
DA:34,0
DA:35,0
DA:40,0
DA:45,0
DA:50,0
DA:53,0
DA:54,0
DA:55,0
DA:56,0
DA:58,0
DA:59,0
DA:60,0
DA:64,0
DA:65,0
DA:66,0
DA:67,0
DA:73,0
DA:74,0
DA:75,0
DA:80,0
DA:81,0
DA:82,0
DA:85,0
DA:87,0
DA:93,0
DA:94,0
DA:98,0
DA:102,0
DA:109,0
DA:117,0
DA:130,0
DA:131,0
DA:133,0
DA:134,0
DA:135,0
DA:137,0
DA:140,0
DA:141,0
DA:143,0
DA:144,0
DA:148,0
DA:149,0
DA:150,0
DA:153,0
DA:167,0
DA:168,0
DA:169,0
DA:170,0
DA:172,0
DA:175,0
DA:176,0
DA:178,0
DA:189,0
DA:196,0
DA:197,0
DA:199,0
DA:200,0
DA:202,0
DA:203,0
DA:205,0
DA:212,0
DA:215,0
DA:216,0
DA:219,0
DA:224,0
DA:225,0
DA:226,0
DA:227,0
DA:228,0
LF:74
LH:0
BRDA:34,0,0,0
BRDA:34,0,1,0
BRDA:49,1,0,0
BRDA:50,2,0,0
BRDA:50,2,1,0
BRDA:50,3,0,0
BRDA:50,3,1,0
BRDA:53,4,0,0
BRDA:53,4,1,0
BRDA:55,5,0,0
BRDA:55,5,1,0
BRDA:65,6,0,0
BRDA:65,6,1,0
BRDA:80,7,0,0
BRDA:80,7,1,0
BRDA:80,8,0,0
BRDA:80,8,1,0
BRDA:133,9,0,0
BRDA:133,9,1,0
BRDA:140,10,0,0
BRDA:140,10,1,0
BRDA:148,11,0,0
BRDA:148,11,1,0
BRDA:148,12,0,0
BRDA:148,12,1,0
BRDA:167,13,0,0
BRDA:167,13,1,0
BRDA:169,14,0,0
BRDA:169,14,1,0
BRDA:175,15,0,0
BRDA:175,15,1,0
BRDA:196,16,0,0
BRDA:196,16,1,0
BRDA:196,17,0,0
BRDA:196,17,1,0
BRDA:199,18,0,0
BRDA:199,18,1,0
BRDA:202,19,0,0
BRDA:202,19,1,0
BRDA:212,20,0,0
BRDA:212,20,1,0
BRDA:216,21,0,0
BRDA:216,21,1,0
BRDA:226,22,0,0
BRDA:226,22,1,0
BRDA:227,23,0,0
BRDA:227,23,1,0
BRF:47
BRH:0
end_of_record
TN:
SF:src\stores\useUserStore.ts
FN:75,computeDerived
FN:87,calculateRecoveryStatus
FN:95,(anonymous_2)
FN:108,(anonymous_3)
FN:118,(anonymous_4)
FN:152,(anonymous_5)
FN:156,(anonymous_6)
FN:166,(anonymous_7)
FN:175,(anonymous_8)
FN:180,(anonymous_9)
FN:183,(anonymous_10)
FN:188,(anonymous_11)
FN:191,(anonymous_12)
FN:192,(anonymous_13)
FN:205,(anonymous_14)
FN:207,(anonymous_15)
FN:219,(anonymous_16)
FN:221,(anonymous_17)
FN:238,(anonymous_18)
FN:238,(anonymous_19)
FNF:20
FNH:17
FNDA:4,computeDerived
FNDA:2,calculateRecoveryStatus
FNDA:3,(anonymous_2)
FNDA:2,(anonymous_3)
FNDA:1,(anonymous_4)
FNDA:22,(anonymous_5)
FNDA:22,(anonymous_6)
FNDA:0,(anonymous_7)
FNDA:3,(anonymous_8)
FNDA:206,(anonymous_9)
FNDA:146,(anonymous_10)
FNDA:2,(anonymous_11)
FNDA:3,(anonymous_12)
FNDA:3,(anonymous_13)
FNDA:0,(anonymous_14)
FNDA:0,(anonymous_15)
FNDA:1,(anonymous_16)
FNDA:425,(anonymous_17)
FNDA:1,(anonymous_18)
FNDA:1,(anonymous_19)
DA:76,4
DA:88,2
DA:90,2
DA:91,2
DA:94,2
DA:95,3
DA:99,2
DA:100,2
DA:101,2
DA:104,2
DA:107,1
DA:108,2
DA:111,1
DA:113,1
DA:116,1
DA:118,1
DA:153,22
DA:158,22
DA:167,0
DA:176,3
DA:181,206
DA:184,146
DA:189,2
DA:190,2
DA:191,3
DA:192,3
DA:193,2
DA:194,2
DA:196,2
DA:206,0
DA:207,0
DA:208,0
DA:209,0
DA:210,0
DA:219,1
DA:221,425
DA:238,1
DA:239,1
DA:240,1
DA:241,1
DA:242,1
DA:243,1
LF:42
LH:36
BRDA:88,0,0,0
BRDA:88,0,1,2
BRDA:104,1,0,1
BRDA:104,1,1,1
BRDA:111,2,0,0
BRDA:111,2,1,1
BRDA:239,3,0,1
BRDA:239,3,1,0
BRF:8
BRH:5
end_of_record
TN:
SF:src\stores\useWorkoutStore.ts
FN:20,parseTempo
FN:71,(anonymous_1)
FN:74,(anonymous_2)
FN:75,(anonymous_3)
FN:99,(anonymous_4)
FN:144,(anonymous_5)
FN:150,(anonymous_6)
FN:166,(anonymous_7)
FN:181,(anonymous_8)
FN:183,(anonymous_9)
FN:187,(anonymous_10)
FN:192,(anonymous_11)
FN:196,(anonymous_12)
FNF:13
FNH:0
FNDA:0,parseTempo
FNDA:0,(anonymous_1)
FNDA:0,(anonymous_2)
FNDA:0,(anonymous_3)
FNDA:0,(anonymous_4)
FNDA:0,(anonymous_5)
FNDA:0,(anonymous_6)
FNDA:0,(anonymous_7)
FNDA:0,(anonymous_8)
FNDA:0,(anonymous_9)
FNDA:0,(anonymous_10)
FNDA:0,(anonymous_11)
FNDA:0,(anonymous_12)
DA:21,0
DA:22,0
DA:24,0
DA:25,0
DA:58,0
DA:71,0
DA:75,0
DA:82,0
DA:93,0
DA:94,0
DA:95,0
DA:100,0
DA:101,0
DA:102,0
DA:103,0
DA:104,0
DA:106,0
DA:113,0
DA:114,0
DA:115,0
DA:117,0
DA:120,0
DA:126,0
DA:129,0
DA:131,0
DA:132,0
DA:140,0
DA:145,0
DA:146,0
DA:147,0
DA:151,0
DA:152,0
DA:153,0
DA:154,0
DA:155,0
DA:156,0
DA:167,0
DA:168,0
DA:169,0
DA:170,0
DA:171,0
DA:173,0
DA:176,0
DA:177,0
DA:182,0
DA:183,0
DA:184,0
DA:187,0
DA:188,0
DA:189,0
DA:193,0
DA:196,0
LF:52
LH:0
BRDA:21,0,0,0
BRDA:21,0,1,0
BRDA:93,1,0,0
BRDA:93,1,1,0
BRDA:113,2,0,0
BRDA:113,2,1,0
BRDA:115,3,0,0
BRDA:115,3,1,0
BRDA:118,4,0,0
BRDA:118,4,1,0
BRDA:146,5,0,0
BRDA:146,5,1,0
BRDA:152,6,0,0
BRDA:152,6,1,0
BRDA:152,7,0,0
BRDA:152,7,1,0
BRDA:152,7,2,0
BRDA:168,8,0,0
BRDA:168,8,1,0
BRDA:170,9,0,0
BRDA:170,9,1,0
BRDA:176,10,0,0
BRDA:176,10,1,0
BRDA:185,11,0,0
BRDA:185,11,1,0
BRF:25
BRH:0
end_of_record
TN:
SF:src\tokens\colors.ts
FNF:0
FNH:0
DA:1,0
LF:1
LH:0
BRF:0
BRH:0
end_of_record
TN:
SF:src\tokens\index.ts
FNF:0
FNH:0
LF:0
LH:0
BRF:0
BRH:0
end_of_record
TN:
SF:src\tokens\spacing.ts
FNF:0
FNH:0
DA:1,0
DA:17,0
LF:2
LH:0
BRF:0
BRH:0
end_of_record
TN:
SF:src\tokens\themes.ts
FN:103,getColors
FNF:1
FNH:1
FNDA:18,getColors
DA:32,1
DA:55,1
DA:76,1
DA:97,1
DA:104,18
DA:105,18
DA:106,18
DA:120,1
LF:8
LH:8
BRF:0
BRH:0
end_of_record
TN:
SF:src\tokens\typography.ts
FNF:0
FNH:0
DA:3,0
DA:12,0
DA:26,0
DA:32,0
LF:4
LH:0
BRF:0
BRH:0
end_of_record
TN:
SF:src\tokens\useColors.ts
FN:4,useColors
FN:5,(anonymous_1)
FN:6,(anonymous_2)
FN:10,useThemeMode
FN:11,(anonymous_4)
FN:14,useAccentColor
FN:15,(anonymous_6)
FNF:7
FNH:0
FNDA:0,useColors
FNDA:0,(anonymous_1)
FNDA:0,(anonymous_2)
FNDA:0,useThemeMode
FNDA:0,(anonymous_4)
FNDA:0,useAccentColor
FNDA:0,(anonymous_6)
DA:5,0
DA:6,0
DA:7,0
DA:11,0
DA:15,0
LF:5
LH:0
BRF:0
BRH:0
end_of_record
TN:
SF:src\utils\chartData.ts
FN:29,formatLabel
FN:36,groupByDate
FN:47,getVolumeData
FN:49,(anonymous_3)
FN:51,(anonymous_4)
FN:53,(anonymous_5)
FN:57,(anonymous_6)
FN:63,getXpData
FN:65,(anonymous_8)
FN:67,(anonymous_9)
FN:69,(anonymous_10)
FN:73,(anonymous_11)
FN:79,getDurationData
FN:81,(anonymous_13)
FN:83,(anonymous_14)
FN:85,(anonymous_15)
FN:89,(anonymous_16)
FN:95,getStreakCalendar
FN:96,(anonymous_18)
FN:121,getWorkoutByWeekday
FN:125,(anonymous_20)
FN:133,(anonymous_21)
FNF:22
FNH:0
FNDA:0,formatLabel
FNDA:0,groupByDate
FNDA:0,getVolumeData
FNDA:0,(anonymous_3)
FNDA:0,(anonymous_4)
FNDA:0,(anonymous_5)
FNDA:0,(anonymous_6)
FNDA:0,getXpData
FNDA:0,(anonymous_8)
FNDA:0,(anonymous_9)
FNDA:0,(anonymous_10)
FNDA:0,(anonymous_11)
FNDA:0,getDurationData
FNDA:0,(anonymous_13)
FNDA:0,(anonymous_14)
FNDA:0,(anonymous_15)
FNDA:0,(anonymous_16)
FNDA:0,getStreakCalendar
FNDA:0,(anonymous_18)
FNDA:0,getWorkoutByWeekday
FNDA:0,(anonymous_20)
FNDA:0,(anonymous_21)
DA:30,0
DA:31,0
DA:32,0
DA:37,0
DA:38,0
DA:39,0
DA:40,0
DA:41,0
DA:43,0
DA:48,0
DA:49,0
DA:51,0
DA:53,0
DA:57,0
DA:59,0
DA:64,0
DA:65,0
DA:67,0
DA:69,0
DA:73,0
DA:75,0
DA:80,0
DA:81,0
DA:83,0
DA:85,0
DA:89,0
DA:91,0
DA:96,0
DA:97,0
DA:99,0
DA:100,0
DA:102,0
DA:103,0
DA:104,0
DA:105,0
DA:106,0
DA:107,0
DA:108,0
DA:109,0
DA:117,0
DA:122,0
DA:123,0
DA:125,0
DA:126,0
DA:127,0
DA:128,0
DA:131,0
DA:133,0
LF:48
LH:0
BRDA:39,0,0,0
BRDA:39,0,1,0
BRDA:47,1,0,0
BRDA:57,2,0,0
BRDA:57,2,1,0
BRDA:63,3,0,0
BRDA:73,4,0,0
BRDA:73,4,1,0
BRDA:79,5,0,0
BRDA:89,6,0,0
BRDA:89,6,1,0
BRDA:95,7,0,0
BRF:12
BRH:0
end_of_record
TN:
SF:src\utils\date.ts
FN:7,getLocalToday
FN:16,parseLocalDate
FNF:2
FNH:2
FNDA:5,getLocalToday
FNDA:6,parseLocalDate
DA:8,5
DA:9,5
DA:17,6
DA:18,6
LF:4
LH:4
BRF:0
BRH:0
end_of_record
TN:
SF:src\utils\level.ts
FN:3,getLevel
FN:8,getXpForLevel
FN:12,getProgressToNextLevel
FNF:3
FNH:3
FNDA:223,getLevel
FNDA:26,getXpForLevel
FNDA:10,getProgressToNextLevel
DA:1,2
DA:4,223
DA:5,222
DA:9,26
DA:17,10
DA:18,10
DA:19,10
DA:20,10
DA:21,10
DA:22,10
DA:24,10
LF:11
LH:11
BRDA:4,0,0,1
BRDA:4,0,1,222
BRF:2
BRH:2
end_of_record
TN:
SF:src\utils\muscleXp.ts
FN:14,(anonymous_0)
FN:46,getMuscleXpLevel
FN:51,getNextLevelXp
FN:63,calculateMuscleProgress
FN:85,(anonymous_4)
FN:86,(anonymous_5)
FN:99,(anonymous_6)
FN:103,getAllMuscleGroups
FN:104,(anonymous_8)
FNF:9
FNH:9
FNDA:24,(anonymous_0)
FNDA:39,getMuscleXpLevel
FNDA:13,getNextLevelXp
FNDA:7,calculateMuscleProgress
FNDA:13,(anonymous_4)
FNDA:13,(anonymous_5)
FNDA:14,(anonymous_6)
FNDA:4,getAllMuscleGroups
FNDA:68,(anonymous_8)
DA:5,1
DA:8,1
DA:14,24
DA:26,1
DA:47,39
DA:48,39
DA:52,13
DA:53,13
DA:54,13
DA:55,13
DA:56,13
DA:57,13
DA:64,7
DA:66,7
DA:67,7
DA:69,7
DA:70,7
DA:71,7
DA:73,6
DA:74,6
DA:75,6
DA:77,6
DA:78,15
DA:84,7
DA:85,13
DA:87,13
DA:88,13
DA:89,13
DA:99,14
DA:104,68
LF:30
LH:30
BRDA:47,0,0,0
BRDA:47,0,1,39
BRDA:67,1,0,0
BRDA:67,1,1,7
BRDA:71,2,0,1
BRDA:71,2,1,6
BRDA:73,3,0,6
BRDA:73,3,1,0
BRDA:78,4,0,15
BRDA:78,4,1,13
BRDA:96,5,0,6
BRDA:96,5,1,7
BRDA:99,6,0,14
BRDA:99,6,1,14
BRF:14
BRH:11
end_of_record
TN:
SF:src\utils\progression.ts
FN:11,(anonymous_0)
FN:14,getAllExercises
FN:42,getExerciseHistory
FN:50,(anonymous_3)
FN:61,getExerciseProgression
FN:87,(anonymous_5)
FN:102,(anonymous_6)
FN:105,(anonymous_7)
FN:121,(anonymous_8)
FN:149,getProgressionSummary
FN:162,(anonymous_10)
FN:169,(anonymous_11)
FN:184,(anonymous_12)
FN:188,(anonymous_13)
FN:189,(anonymous_14)
FN:191,(anonymous_15)
FNF:16
FNH:15
FNDA:48,(anonymous_0)
FNDA:4,getAllExercises
FNDA:199,getExerciseHistory
FNDA:1401,(anonymous_3)
FNDA:200,getExerciseProgression
FNDA:206,(anonymous_5)
FNDA:25,(anonymous_6)
FNDA:27,(anonymous_7)
FNDA:67,(anonymous_8)
FNDA:10,getProgressionSummary
FNDA:28,(anonymous_10)
FNDA:28,(anonymous_11)
FNDA:0,(anonymous_12)
FNDA:15,(anonymous_13)
FNDA:15,(anonymous_14)
FNDA:15,(anonymous_15)
DA:5,2
DA:11,48
DA:15,4
DA:46,199
DA:47,199
DA:49,199
DA:50,1401
DA:51,681
DA:52,70
DA:53,70
DA:57,199
DA:65,200
DA:66,200
DA:68,199
DA:70,199
DA:71,178
DA:86,21
DA:87,206
DA:90,21
DA:91,21
DA:93,21
DA:96,21
DA:99,21
DA:100,21
DA:102,25
DA:105,27
DA:107,9
DA:108,9
DA:109,6
DA:110,6
DA:114,21
DA:118,21
DA:119,9
DA:120,9
DA:121,67
DA:122,9
DA:124,9
DA:125,6
DA:126,3
DA:127,0
DA:131,21
DA:133,21
DA:150,10
DA:151,2
DA:162,28
DA:163,8
DA:164,8
DA:165,8
DA:166,8
DA:169,28
DA:170,8
DA:173,8
DA:174,8
DA:175,192
DA:176,192
DA:177,15
DA:183,8
DA:184,0
DA:187,8
DA:188,15
DA:189,15
DA:191,15
LF:62
LH:60
BRDA:51,0,0,70
BRDA:51,0,1,611
BRDA:66,1,0,1
BRDA:66,1,1,199
BRDA:70,2,0,178
BRDA:70,2,1,21
BRDA:93,3,0,21
BRDA:93,3,1,0
BRDA:93,4,0,0
BRDA:93,4,1,0
BRDA:100,5,0,9
BRDA:100,5,1,12
BRDA:108,6,0,3
BRDA:108,6,1,6
BRDA:109,7,0,0
BRDA:109,7,1,6
BRDA:118,8,0,9
BRDA:118,8,1,12
BRDA:124,9,0,6
BRDA:124,9,1,3
BRDA:126,10,0,0
BRDA:126,10,1,3
BRDA:126,11,0,3
BRDA:126,11,1,0
BRDA:126,11,2,0
BRDA:150,12,0,2
BRDA:150,12,1,8
BRDA:176,13,0,15
BRDA:176,13,1,177
BRDA:176,14,0,192
BRDA:176,14,1,192
BRDA:183,15,0,8
BRDA:183,15,1,0
BRDA:183,15,2,0
BRDA:184,16,0,0
BRDA:184,16,1,0
BRDA:191,17,0,15
BRDA:191,17,1,15
BRF:38
BRH:27
end_of_record
TN:
SF:src\utils\recommendations.ts
FN:41,getRecommendation
FN:97,getTrainingInsights
FN:215,(anonymous_2)
FN:225,(anonymous_3)
FN:244,(anonymous_4)
FNF:5
FNH:5
FNDA:7,getRecommendation
FNDA:7,getTrainingInsights
FNDA:150,(anonymous_2)
FNDA:10,(anonymous_3)
FNDA:18,(anonymous_4)
DA:20,1
DA:21,1
DA:28,1
DA:46,7
DA:48,7
DA:51,7
DA:52,7
DA:54,7
DA:55,1
DA:65,6
DA:68,6
DA:69,6
DA:70,6
DA:71,6
DA:74,6
DA:75,1
DA:83,5
DA:102,7
DA:103,7
DA:106,7
DA:107,1
DA:114,6
DA:115,1
DA:125,7
DA:126,0
DA:136,7
DA:137,1
DA:145,6
DA:146,5
DA:156,7
DA:157,4
DA:168,7
DA:169,0
DA:170,0
DA:171,0
DA:178,0
DA:179,0
DA:190,7
DA:191,3
DA:198,4
DA:199,1
DA:209,7
DA:210,2
DA:211,2
DA:213,2
DA:214,20
DA:215,150
DA:216,50
DA:217,50
DA:218,120
DA:223,2
DA:224,2
DA:225,10
DA:226,2
DA:227,2
DA:228,2
DA:230,2
DA:231,0
DA:232,0
DA:244,18
LF:60
LH:52
BRDA:46,0,0,6
BRDA:46,0,1,1
BRDA:48,1,0,6
BRDA:48,1,1,1
BRDA:54,2,0,1
BRDA:54,2,1,6
BRDA:65,3,0,5
BRDA:65,3,1,1
BRDA:68,4,0,5
BRDA:68,4,1,1
BRDA:74,5,0,1
BRDA:74,5,1,5
BRDA:87,6,0,4
BRDA:87,6,1,1
BRDA:106,7,0,1
BRDA:106,7,1,6
BRDA:114,8,0,1
BRDA:114,8,1,5
BRDA:125,9,0,0
BRDA:125,9,1,7
BRDA:136,10,0,1
BRDA:136,10,1,6
BRDA:145,11,0,5
BRDA:145,11,1,1
BRDA:145,12,0,6
BRDA:145,12,1,6
BRDA:156,13,0,4
BRDA:156,13,1,3
BRDA:168,14,0,0
BRDA:168,14,1,7
BRDA:170,15,0,0
BRDA:170,15,1,0
BRDA:178,16,0,0
BRDA:178,16,1,0
BRDA:190,17,0,3
BRDA:190,17,1,4
BRDA:190,18,0,7
BRDA:190,18,1,4
BRDA:198,19,0,1
BRDA:198,19,1,3
BRDA:209,20,0,2
BRDA:209,20,1,5
BRDA:214,21,0,20
BRDA:214,21,1,0
BRDA:216,22,0,0
BRDA:216,22,1,50
BRDA:218,23,0,120
BRDA:218,23,1,12
BRDA:218,24,0,120
BRDA:218,24,1,0
BRDA:224,25,0,2
BRDA:224,25,1,0
BRDA:230,26,0,0
BRDA:230,26,1,2
BRDA:230,27,0,2
BRDA:230,27,1,0
BRF:56
BRH:44
end_of_record
TN:
SF:src\utils\streak.ts
FN:10,calculateStreak
FN:61,getDateString
FN:65,addDays
FN:71,daysBetween
FNF:4
FNH:4
FNDA:13,calculateStreak
FNDA:4,getDateString
FNDA:4,addDays
FNDA:31,daysBetween
DA:14,13
DA:15,2
DA:18,11
DA:19,11
DA:20,11
DA:22,11
DA:23,11
DA:24,8
DA:25,8
DA:26,13
DA:27,13
DA:28,13
DA:29,13
DA:30,11
DA:32,2
DA:38,11
DA:39,11
DA:40,11
DA:41,18
DA:42,18
DA:43,18
DA:44,18
DA:45,16
DA:47,2
DA:48,2
DA:51,11
DA:53,11
DA:62,4
DA:66,4
DA:67,4
DA:68,4
DA:72,31
DA:73,31
LF:33
LH:33
BRDA:12,0,0,3
BRDA:14,1,0,2
BRDA:14,1,1,11
BRDA:23,2,0,8
BRDA:23,2,1,3
BRDA:23,3,0,11
BRDA:23,3,1,4
BRDA:29,4,0,11
BRDA:29,4,1,2
BRDA:44,5,0,16
BRDA:44,5,1,2
BRF:11
BRH:11
end_of_record
TN:
SF:src\utils\xp.ts
FN:15,calculateWorkoutXp
FN:33,calculateDailyMissionXp
FNF:2
FNH:2
FNDA:8,calculateWorkoutXp
FNDA:2,calculateDailyMissionXp
DA:3,2
DA:4,2
DA:5,2
DA:6,2
DA:20,8
DA:21,8
DA:22,8
DA:23,8
DA:25,8
DA:34,2
LF:10
LH:10
BRDA:17,0,0,2
BRDA:18,1,0,3
BRDA:21,2,0,4
BRDA:21,2,1,4
BRF:4
BRH:4
end_of_record
